#
# There is insufficient memory for the Java Runtime Environment to continue.
# Native memory allocation (malloc) failed to allocate 1917776 bytes for Chunk::new
# Possible reasons:
#   The system is out of physical RAM or swap space
#   The process is running with CompressedOops enabled, and the Java Heap may be blocking the growth of the native heap
# Possible solutions:
#   Reduce memory load on the system
#   Increase physical memory or swap space
#   Check if swap backing store is full
#   Decrease Java heap size (-Xmx/-Xms)
#   Decrease number of Java threads
#   Decrease Java thread stack sizes (-Xss)
#   Set larger code cache with -XX:ReservedCodeCacheSize=
#   JVM is running with Unscaled Compressed Oops mode in which the Java heap is
#     placed in the first 4GB address space. The Java Heap base address is the
#     maximum limit for the native heap growth. Please use -XX:HeapBaseMinAddress
#     to set the Java Heap base and to place the Java Heap above 4GB virtual address.
# This output file may be truncated or incomplete.
#
#  Out of Memory Error (./src/hotspot/share/memory/arena.cpp:197), pid=10984, tid=5908
#
# JRE version: OpenJDK Runtime Environment Microsoft-7208460 (11.0.18+10) (build 11.0.18+10-LTS)
# Java VM: OpenJDK 64-Bit Server VM Microsoft-7208460 (11.0.18+10-LTS, mixed mode, tiered, compressed oops, g1 gc, windows-amd64)
# No core dump will be written. Minidumps are not enabled by default on client versions of Windows
#

---------------  S U M M A R Y ------------

Command Line: -XX:MaxMetaspaceSize=512m --add-opens=java.base/java.util=ALL-UNNAMED --add-opens=java.base/java.lang=ALL-UNNAMED --add-opens=java.base/java.lang.invoke=ALL-UNNAMED --add-opens=java.base/java.util=ALL-UNNAMED --add-opens=java.prefs/java.util.prefs=ALL-UNNAMED --add-opens=java.prefs/java.util.prefs=ALL-UNNAMED --add-opens=java.base/java.nio.charset=ALL-UNNAMED --add-opens=java.base/java.net=ALL-UNNAMED --add-opens=java.base/java.util.concurrent.atomic=ALL-UNNAMED -Xmx2048m -Dfile.encoding=windows-1252 -Duser.country=AR -Duser.language=es -Duser.variant org.gradle.launcher.daemon.bootstrap.GradleDaemon 7.5.1

Host: Intel(R) Core(TM) i5-7200U CPU @ 2.50GHz, 4 cores, 7G,  Windows 10 , 64 bit Build 19041 (10.0.19041.3031)
Time: Wed Jul 12 15:26:24 2023 Hora estándar de Argentina elapsed time: 20604.132448 seconds (0d 5h 43m 24s)

---------------  T H R E A D  ---------------

Current thread (0x000001d1cba33000):  JavaThread "C2 CompilerThread1" daemon [_thread_in_native, id=5908, stack(0x0000009305000000,0x0000009305100000)]


Current CompileTask:
C2:20604132 20187       4       org.gradle.internal.service.DefaultServiceRegistry$OwnServices::instanceRealized (209 bytes)

Stack: [0x0000009305000000,0x0000009305100000]
Native frames: (J=compiled Java code, j=interpreted, Vv=VM code, C=native code)
V  [jvm.dll+0x62bf8a]
V  [jvm.dll+0x7b8fb9]
V  [jvm.dll+0x7ba6a8]
V  [jvm.dll+0x7bad83]
V  [jvm.dll+0x250248]
V  [jvm.dll+0xc260c]
V  [jvm.dll+0xc2bcc]
V  [jvm.dll+0x35e1c7]
V  [jvm.dll+0x19ede1]
V  [jvm.dll+0x209495]
V  [jvm.dll+0x20850d]
V  [jvm.dll+0x18a4b1]
V  [jvm.dll+0x217eec]
V  [jvm.dll+0x21612b]
V  [jvm.dll+0x77bac0]
V  [jvm.dll+0x7749f4]
V  [jvm.dll+0x62adf5]
C  [ucrtbase.dll+0x21bb2]
C  [KERNEL32.DLL+0x17614]
C  [ntdll.dll+0x526f1]


---------------  P R O C E S S  ---------------

Threads class SMR info:
_java_thread_list=0x000001d1c9ffc780, length=90, elements={
0x000001d1a7e87000, 0x000001d1c8648000, 0x000001d1c8648800, 0x000001d1c86aa000,
0x000001d1c86ab000, 0x000001d1c86ae800, 0x000001d1c8fd2800, 0x000001d1c8fd3800,
0x000001d1c903d000, 0x000001d1c9134800, 0x000001d1caa44800, 0x000001d1cbf6b000,
0x000001d1ca101000, 0x000001d1c9e38000, 0x000001d1c9e37000, 0x000001d1c9e34800,
0x000001d1c9e39800, 0x000001d1c9e38800, 0x000001d1c9e36800, 0x000001d1c9da6000,
0x000001d1c9daa000, 0x000001d1c9dab800, 0x000001d1c9da6800, 0x000001d1c9da9000,
0x000001d1c9dad000, 0x000001d1ccdfb000, 0x000001d1d3e03800, 0x000001d1d3dfe800,
0x000001d1d3e05000, 0x000001d1ccdec800, 0x000001d1ccdf1800, 0x000001d1ccded800,
0x000001d1ccdf3000, 0x000001d1ccdf4000, 0x000001d1ccdef800, 0x000001d1ccdf0800,
0x000001d1ccdee000, 0x000001d1ccdf4800, 0x000001d1ccdef000, 0x000001d1ccdf6000,
0x000001d1ccdf8800, 0x000001d1ccdf5800, 0x000001d1ccdf8000, 0x000001d1ccdfa800,
0x000001d1ccdf9800, 0x000001d1ce801000, 0x000001d1ce7fc800, 0x000001d1ce7fd800,
0x000001d1ce7fe800, 0x000001d1ce7fb000, 0x000001d1ce801800, 0x000001d1ce7ff000,
0x000001d1ce800000, 0x000001d1ce7fc000, 0x000001d1ce808000, 0x000001d1ce803000,
0x000001d1ce805000, 0x000001d1ce804000, 0x000001d1ce802800, 0x000001d1ce806800,
0x000001d1ce809000, 0x000001d1d3e01800, 0x000001d1d3e01000, 0x000001d1d3e02800,
0x000001d1d3e04000, 0x000001d1d3dff000, 0x000001d1d3e05800, 0x000001d1d3e00000,
0x000001d1d3e06800, 0x000001d1d3e0b800, 0x000001d1d3e09000, 0x000001d1d3e07800,
0x000001d1d3e0a800, 0x000001d1d3e0d000, 0x000001d1d3e08000, 0x000001d1d3e0a000,
0x000001d1c9da5000, 0x000001d1c9db1000, 0x000001d1c9db3000, 0x000001d1c9daf800,
0x000001d1c9db3800, 0x000001d1c9dae000, 0x000001d1c9daf000, 0x000001d1c9db0800,
0x000001d1c9db2000, 0x000001d1c9e34000, 0x000001d1c9e3a800, 0x000001d1c9e35800,
0x000001d1d3e41800, 0x000001d1cba33000
}

Java Threads: ( => current thread )
  0x000001d1a7e87000 JavaThread "main" [_thread_blocked, id=3032, stack(0x000000937e700000,0x000000937e800000)]
  0x000001d1c8648000 JavaThread "Reference Handler" daemon [_thread_blocked, id=3648, stack(0x000000937ee00000,0x000000937ef00000)]
  0x000001d1c8648800 JavaThread "Finalizer" daemon [_thread_blocked, id=12616, stack(0x000000937ef00000,0x000000937f000000)]
  0x000001d1c86aa000 JavaThread "Signal Dispatcher" daemon [_thread_blocked, id=7832, stack(0x000000937f000000,0x000000937f100000)]
  0x000001d1c86ab000 JavaThread "Attach Listener" daemon [_thread_blocked, id=11904, stack(0x000000937f100000,0x000000937f200000)]
  0x000001d1c86ae800 JavaThread "Service Thread" daemon [_thread_blocked, id=5288, stack(0x000000937f200000,0x000000937f300000)]
  0x000001d1c8fd2800 JavaThread "C2 CompilerThread0" daemon [_thread_blocked, id=10004, stack(0x000000937f300000,0x000000937f400000)]
  0x000001d1c8fd3800 JavaThread "C1 CompilerThread0" daemon [_thread_blocked, id=9500, stack(0x000000937f400000,0x000000937f500000)]
  0x000001d1c903d000 JavaThread "Sweeper thread" daemon [_thread_blocked, id=3296, stack(0x000000937f500000,0x000000937f600000)]
  0x000001d1c9134800 JavaThread "Common-Cleaner" daemon [_thread_blocked, id=13700, stack(0x000000937f600000,0x000000937f700000)]
  0x000001d1caa44800 JavaThread "Daemon health stats" [_thread_blocked, id=10188, stack(0x000000937fb00000,0x000000937fc00000)]
  0x000001d1cbf6b000 JavaThread "Incoming local TCP Connector on port 49430" [_thread_in_native, id=2752, stack(0x000000937f800000,0x000000937f900000)]
  0x000001d1ca101000 JavaThread "Daemon periodic checks" [_thread_blocked, id=6592, stack(0x000000937fc00000,0x000000937fd00000)]
  0x000001d1c9e38000 JavaThread "Cache worker for journal cache (C:\Users\Valeria\.gradle\caches\journal-1)" [_thread_blocked, id=12864, stack(0x0000009300400000,0x0000009300500000)]
  0x000001d1c9e37000 JavaThread "File lock request listener" [_thread_in_native, id=7368, stack(0x0000009300600000,0x0000009300700000)]
  0x000001d1c9e34800 JavaThread "Cache worker for file hash cache (C:\Users\Valeria\.gradle\caches\7.5.1\fileHashes)" [_thread_blocked, id=3468, stack(0x0000009300700000,0x0000009300800000)]
  0x000001d1c9e39800 JavaThread "File watcher server" daemon [_thread_in_native, id=13528, stack(0x0000009300900000,0x0000009300a00000)]
  0x000001d1c9e38800 JavaThread "File watcher consumer" daemon [_thread_blocked, id=1340, stack(0x0000009300a00000,0x0000009300b00000)]
  0x000001d1c9e36800 JavaThread "Cache worker for file content cache (C:\Users\Valeria\.gradle\caches\7.5.1\fileContent)" [_thread_blocked, id=9956, stack(0x0000009300c00000,0x0000009300d00000)]
  0x000001d1c9da6000 JavaThread "Cache worker for execution history cache (C:\Users\Valeria\.gradle\caches\7.5.1\executionHistory)" [_thread_blocked, id=10672, stack(0x0000009300f00000,0x0000009301000000)]
  0x000001d1c9daa000 JavaThread "jar transforms" [_thread_blocked, id=5580, stack(0x0000009301100000,0x0000009301200000)]
  0x000001d1c9dab800 JavaThread "jar transforms Thread 2" [_thread_blocked, id=5104, stack(0x0000009301200000,0x0000009301300000)]
  0x000001d1c9da6800 JavaThread "jar transforms Thread 3" [_thread_blocked, id=6872, stack(0x0000009301300000,0x0000009301400000)]
  0x000001d1c9da9000 JavaThread "jar transforms Thread 4" [_thread_blocked, id=8064, stack(0x0000009301400000,0x0000009301500000)]
  0x000001d1c9dad000 JavaThread "Cache worker for kotlin-dsl (C:\Users\Valeria\.gradle\caches\7.5.1\kotlin-dsl)" [_thread_blocked, id=5276, stack(0x0000009301500000,0x0000009301600000)]
  0x000001d1ccdfb000 JavaThread "Memory manager" [_thread_blocked, id=6800, stack(0x0000009303b00000,0x0000009303c00000)]
  0x000001d1d3e03800 JavaThread "Monitor" [_thread_in_native, id=13344, stack(0x0000009304d00000,0x0000009304e00000)]
  0x000001d1d3dfe800 JavaThread "JdwpProxyConnection" [_thread_in_native, id=11456, stack(0x0000009304e00000,0x0000009304f00000)]
  0x000001d1d3e05000 JavaThread "Device List Monitor" [_thread_in_native, id=11960, stack(0x0000009304f00000,0x0000009305000000)]
  0x000001d1ccdec800 JavaThread "Daemon Thread 3" [_thread_blocked, id=7424, stack(0x0000009300000000,0x0000009300100000)]
  0x000001d1ccdf1800 JavaThread "Handler for socket connection from /127.0.0.1:49430 to /127.0.0.1:53900" [_thread_in_native, id=14312, stack(0x0000009300100000,0x0000009300200000)]
  0x000001d1ccded800 JavaThread "Cancel handler" [_thread_blocked, id=10476, stack(0x0000009300200000,0x0000009300300000)]
  0x000001d1ccdf3000 JavaThread "Daemon worker Thread 3" [_thread_blocked, id=12584, stack(0x0000009300300000,0x0000009300400000)]
  0x000001d1ccdf4000 JavaThread "Asynchronous log dispatcher for DefaultDaemonConnection: socket connection from /127.0.0.1:49430 to /127.0.0.1:53900" [_thread_blocked, id=14476, stack(0x0000009300800000,0x0000009300900000)]
  0x000001d1ccdef800 JavaThread "Stdin handler" [_thread_blocked, id=3356, stack(0x0000009300b00000,0x0000009300c00000)]
  0x000001d1ccdf0800 JavaThread "Daemon client event forwarder" [_thread_blocked, id=9276, stack(0x0000009300d00000,0x0000009300e00000)]
  0x000001d1ccdee000 JavaThread "Cache worker for checksums cache (C:\Users\Valeria\Documents\GitHub\Front-TPO-DAPI1-Grupo04\android\.gradle\7.5.1\checksums)" [_thread_blocked, id=14112, stack(0x0000009300e00000,0x0000009300f00000)]
  0x000001d1ccdf4800 JavaThread "Cache worker for cache directory md-rule (C:\Users\Valeria\.gradle\caches\7.5.1\md-rule)" [_thread_blocked, id=10680, stack(0x0000009301000000,0x0000009301100000)]
  0x000001d1ccdef000 JavaThread "Cache worker for file hash cache (C:\Users\Valeria\Documents\GitHub\Front-TPO-DAPI1-Grupo04\android\.gradle\7.5.1\fileHashes)" [_thread_blocked, id=10184, stack(0x0000009301600000,0x0000009301700000)]
  0x000001d1ccdf6000 JavaThread "Cache worker for cache directory md-supplier (C:\Users\Valeria\.gradle\caches\7.5.1\md-supplier)" [_thread_blocked, id=10736, stack(0x0000009301700000,0x0000009301800000)]
  0x000001d1ccdf8800 JavaThread "Cache worker for dependencies-accessors (C:\Users\Valeria\Documents\GitHub\Front-TPO-DAPI1-Grupo04\android\.gradle\7.5.1\dependencies-accessors)" [_thread_blocked, id=11484, stack(0x0000009301800000,0x0000009301900000)]
  0x000001d1ccdf5800 JavaThread "Cache worker for Build Output Cleanup Cache (C:\Users\Valeria\Documents\GitHub\Front-TPO-DAPI1-Grupo04\node_modules\react-native-gradle-plugin\.gradle\buildOutputCleanup)" [_thread_blocked, id=8488, stack(0x0000009301900000,0x0000009301a00000)]
  0x000001d1ccdf8000 JavaThread "Unconstrained build operations" [_thread_blocked, id=13368, stack(0x0000009301d00000,0x0000009301e00000)]
  0x000001d1ccdfa800 JavaThread "Unconstrained build operations Thread 2" [_thread_blocked, id=6644, stack(0x0000009301e00000,0x0000009301f00000)]
  0x000001d1ccdf9800 JavaThread "Unconstrained build operations Thread 3" [_thread_blocked, id=14732, stack(0x0000009301f00000,0x0000009302000000)]
  0x000001d1ce801000 JavaThread "Unconstrained build operations Thread 4" [_thread_blocked, id=3496, stack(0x0000009302000000,0x0000009302100000)]
  0x000001d1ce7fc800 JavaThread "Unconstrained build operations Thread 5" [_thread_blocked, id=5800, stack(0x0000009302100000,0x0000009302200000)]
  0x000001d1ce7fd800 JavaThread "Unconstrained build operations Thread 6" [_thread_blocked, id=11436, stack(0x0000009302200000,0x0000009302300000)]
  0x000001d1ce7fe800 JavaThread "Unconstrained build operations Thread 7" [_thread_blocked, id=11576, stack(0x0000009302300000,0x0000009302400000)]
  0x000001d1ce7fb000 JavaThread "Unconstrained build operations Thread 8" [_thread_blocked, id=3772, stack(0x0000009302400000,0x0000009302500000)]
  0x000001d1ce801800 JavaThread "Unconstrained build operations Thread 9" [_thread_blocked, id=4144, stack(0x0000009302500000,0x0000009302600000)]
  0x000001d1ce7ff000 JavaThread "Unconstrained build operations Thread 10" [_thread_blocked, id=11672, stack(0x0000009302600000,0x0000009302700000)]
  0x000001d1ce800000 JavaThread "Unconstrained build operations Thread 11" [_thread_blocked, id=10940, stack(0x0000009302700000,0x0000009302800000)]
  0x000001d1ce7fc000 JavaThread "Unconstrained build operations Thread 12" [_thread_blocked, id=10248, stack(0x0000009302800000,0x0000009302900000)]
  0x000001d1ce808000 JavaThread "Unconstrained build operations Thread 13" [_thread_blocked, id=6784, stack(0x0000009302900000,0x0000009302a00000)]
  0x000001d1ce803000 JavaThread "Unconstrained build operations Thread 14" [_thread_blocked, id=8884, stack(0x0000009302a00000,0x0000009302b00000)]
  0x000001d1ce805000 JavaThread "Unconstrained build operations Thread 15" [_thread_blocked, id=10768, stack(0x0000009302b00000,0x0000009302c00000)]
  0x000001d1ce804000 JavaThread "Unconstrained build operations Thread 16" [_thread_blocked, id=5024, stack(0x0000009302c00000,0x0000009302d00000)]
  0x000001d1ce802800 JavaThread "Unconstrained build operations Thread 17" [_thread_blocked, id=8164, stack(0x0000009302d00000,0x0000009302e00000)]
  0x000001d1ce806800 JavaThread "Unconstrained build operations Thread 18" [_thread_blocked, id=9976, stack(0x0000009302e00000,0x0000009302f00000)]
  0x000001d1ce809000 JavaThread "Unconstrained build operations Thread 19" [_thread_blocked, id=7404, stack(0x0000009302f00000,0x0000009303000000)]
  0x000001d1d3e01800 JavaThread "Unconstrained build operations Thread 20" [_thread_blocked, id=3076, stack(0x0000009303000000,0x0000009303100000)]
  0x000001d1d3e01000 JavaThread "Unconstrained build operations Thread 21" [_thread_blocked, id=444, stack(0x0000009303100000,0x0000009303200000)]
  0x000001d1d3e02800 JavaThread "Unconstrained build operations Thread 22" [_thread_blocked, id=14572, stack(0x0000009303200000,0x0000009303300000)]
  0x000001d1d3e04000 JavaThread "Unconstrained build operations Thread 23" [_thread_blocked, id=6400, stack(0x0000009303300000,0x0000009303400000)]
  0x000001d1d3dff000 JavaThread "Unconstrained build operations Thread 24" [_thread_blocked, id=564, stack(0x0000009303400000,0x0000009303500000)]
  0x000001d1d3e05800 JavaThread "Unconstrained build operations Thread 25" [_thread_blocked, id=7160, stack(0x0000009303500000,0x0000009303600000)]
  0x000001d1d3e00000 JavaThread "Unconstrained build operations Thread 26" [_thread_blocked, id=14552, stack(0x0000009303600000,0x0000009303700000)]
  0x000001d1d3e06800 JavaThread "Unconstrained build operations Thread 27" [_thread_blocked, id=14400, stack(0x0000009303700000,0x0000009303800000)]
  0x000001d1d3e0b800 JavaThread "Unconstrained build operations Thread 28" [_thread_blocked, id=9436, stack(0x0000009303800000,0x0000009303900000)]
  0x000001d1d3e09000 JavaThread "Unconstrained build operations Thread 29" [_thread_blocked, id=5836, stack(0x0000009303900000,0x0000009303a00000)]
  0x000001d1d3e07800 JavaThread "Unconstrained build operations Thread 30" [_thread_blocked, id=7896, stack(0x0000009303a00000,0x0000009303b00000)]
  0x000001d1d3e0a800 JavaThread "Unconstrained build operations Thread 31" [_thread_blocked, id=4376, stack(0x0000009303c00000,0x0000009303d00000)]
  0x000001d1d3e0d000 JavaThread "Unconstrained build operations Thread 32" [_thread_blocked, id=1752, stack(0x0000009303d00000,0x0000009303e00000)]
  0x000001d1d3e08000 JavaThread "Unconstrained build operations Thread 33" [_thread_blocked, id=8944, stack(0x0000009303e00000,0x0000009303f00000)]
  0x000001d1d3e0a000 JavaThread "build event listener" [_thread_blocked, id=13888, stack(0x0000009303f00000,0x0000009304000000)]
  0x000001d1c9da5000 JavaThread "Cache worker for Build Output Cleanup Cache (C:\Users\Valeria\Documents\GitHub\Front-TPO-DAPI1-Grupo04\android\.gradle\buildOutputCleanup)" [_thread_blocked, id=2252, stack(0x0000009304000000,0x0000009304100000)]
  0x000001d1c9db1000 JavaThread "included builds" [_thread_blocked, id=4688, stack(0x0000009304100000,0x0000009304200000)]
  0x000001d1c9db3000 JavaThread "Execution worker" [_thread_blocked, id=9388, stack(0x0000009304200000,0x0000009304300000)]
  0x000001d1c9daf800 JavaThread "Execution worker Thread 2" [_thread_blocked, id=9020, stack(0x0000009304300000,0x0000009304400000)]
  0x000001d1c9db3800 JavaThread "Execution worker Thread 3" [_thread_blocked, id=15020, stack(0x0000009304400000,0x0000009304500000)]
  0x000001d1c9dae000 JavaThread "Cache worker for execution history cache (C:\Users\Valeria\Documents\GitHub\Front-TPO-DAPI1-Grupo04\node_modules\react-native-gradle-plugin\.gradle\7.5.1\executionHistory)" [_thread_blocked, id=7016, stack(0x0000009304500000,0x0000009304600000)]
  0x000001d1c9daf000 JavaThread "Unconstrained build operations Thread 34" [_thread_blocked, id=3852, stack(0x0000009304600000,0x0000009304700000)]
  0x000001d1c9db0800 JavaThread "Unconstrained build operations Thread 35" [_thread_blocked, id=11864, stack(0x0000009304700000,0x0000009304800000)]
  0x000001d1c9db2000 JavaThread "Unconstrained build operations Thread 36" [_thread_blocked, id=12368, stack(0x0000009304800000,0x0000009304900000)]
  0x000001d1c9e34000 JavaThread "Unconstrained build operations Thread 37" [_thread_blocked, id=5020, stack(0x0000009304900000,0x0000009304a00000)]
  0x000001d1c9e3a800 JavaThread "Unconstrained build operations Thread 38" [_thread_blocked, id=220, stack(0x0000009304a00000,0x0000009304b00000)]
  0x000001d1c9e35800 JavaThread "Unconstrained build operations Thread 39" [_thread_blocked, id=12372, stack(0x0000009304b00000,0x0000009304c00000)]
  0x000001d1d3e41800 JavaThread "Unconstrained build operations Thread 40" [_thread_blocked, id=8576, stack(0x0000009304c00000,0x0000009304d00000)]
=>0x000001d1cba33000 JavaThread "C2 CompilerThread1" daemon [_thread_in_native, id=5908, stack(0x0000009305000000,0x0000009305100000)]

Other Threads:
  0x000001d1c8644000 VMThread "VM Thread" [stack: 0x000000937ed00000,0x000000937ee00000] [id=4196]
  0x000001d1c9162000 WatcherThread [stack: 0x000000937f700000,0x000000937f800000] [id=13136]
  0x000001d1a7e9d800 GCTaskThread "GC Thread#0" [stack: 0x000000937e800000,0x000000937e900000] [id=4712]
  0x000001d1c9332000 GCTaskThread "GC Thread#1" [stack: 0x000000937f900000,0x000000937fa00000] [id=7072]
  0x000001d1c9555800 GCTaskThread "GC Thread#2" [stack: 0x000000937fa00000,0x000000937fb00000] [id=9200]
  0x000001d1c9e91800 GCTaskThread "GC Thread#3" [stack: 0x0000009300500000,0x0000009300600000] [id=216]
  0x000001d1a7ed1000 ConcurrentGCThread "G1 Main Marker" [stack: 0x000000937e900000,0x000000937ea00000] [id=2904]
  0x000001d1a7ed2800 ConcurrentGCThread "G1 Conc#0" [stack: 0x000000937ea00000,0x000000937eb00000] [id=9424]
  0x000001d1c84c0800 ConcurrentGCThread "G1 Refine#0" [stack: 0x000000937eb00000,0x000000937ec00000] [id=11668]
  0x000001d1c84c1000 ConcurrentGCThread "G1 Young RemSet Sampling" [stack: 0x000000937ec00000,0x000000937ed00000] [id=7228]

Threads with active compile tasks:
C2 CompilerThread1  20604231 20187       4       org.gradle.internal.service.DefaultServiceRegistry$OwnServices::instanceRealized (209 bytes)

VM state:not at safepoint (normal execution)

VM Mutex/Monitor currently owned by a thread: None

Heap address: 0x0000000080000000, size: 2048 MB, Compressed Oops mode: 32-bit
Narrow klass base: 0x0000000000000000, Narrow klass shift: 3
Compressed class space size: 528482304 Address: 0x0000000100000000

Heap:
 garbage-first heap   total 273408K, used 129797K [0x0000000080000000, 0x0000000100000000)
  region size 1024K, 3 young (3072K), 2 survivors (2048K)
 Metaspace       used 128193K, capacity 131217K, committed 132820K, reserved 632832K
  class space    used 16148K, capacity 17309K, committed 17868K, reserved 516096K
Heap Regions: E=young(eden), S=young(survivor), O=old, HS=humongous(starts), HC=humongous(continues), CS=collection set, F=free, A=archive, TAMS=top-at-mark-start (previous, next)
|   0|0x0000000080000000, 0x0000000080100000, 0x0000000080100000|100%|HS|  |TAMS 0x0000000080100000, 0x0000000080000000| Complete 
|   1|0x0000000080100000, 0x0000000080200000, 0x0000000080200000|100%|HC|  |TAMS 0x0000000080200000, 0x0000000080100000| Complete 
|   2|0x0000000080200000, 0x0000000080300000, 0x0000000080300000|100%|HC|  |TAMS 0x0000000080300000, 0x0000000080200000| Complete 
|   3|0x0000000080300000, 0x0000000080400000, 0x0000000080400000|100%| O|  |TAMS 0x0000000080400000, 0x0000000080300000| Untracked 
|   4|0x0000000080400000, 0x0000000080500000, 0x0000000080500000|100%| O|  |TAMS 0x0000000080500000, 0x0000000080400000| Untracked 
|   5|0x0000000080500000, 0x0000000080600000, 0x0000000080600000|100%| O|  |TAMS 0x0000000080600000, 0x0000000080500000| Untracked 
|   6|0x0000000080600000, 0x0000000080700000, 0x0000000080700000|100%| O|  |TAMS 0x0000000080700000, 0x0000000080600000| Untracked 
|   7|0x0000000080700000, 0x0000000080800000, 0x0000000080800000|100%| O|  |TAMS 0x0000000080800000, 0x0000000080700000| Untracked 
|   8|0x0000000080800000, 0x0000000080900000, 0x0000000080900000|100%| O|  |TAMS 0x0000000080900000, 0x0000000080800000| Untracked 
|   9|0x0000000080900000, 0x0000000080a00000, 0x0000000080a00000|100%| O|  |TAMS 0x0000000080a00000, 0x0000000080900000| Untracked 
|  10|0x0000000080a00000, 0x0000000080b00000, 0x0000000080b00000|100%| O|  |TAMS 0x0000000080b00000, 0x0000000080a00000| Untracked 
|  11|0x0000000080b00000, 0x0000000080c00000, 0x0000000080c00000|100%| O|  |TAMS 0x0000000080c00000, 0x0000000080b00000| Untracked 
|  12|0x0000000080c00000, 0x0000000080d00000, 0x0000000080d00000|100%| O|  |TAMS 0x0000000080d00000, 0x0000000080c00000| Untracked 
|  13|0x0000000080d00000, 0x0000000080e00000, 0x0000000080e00000|100%| O|  |TAMS 0x0000000080e00000, 0x0000000080d00000| Untracked 
|  14|0x0000000080e00000, 0x0000000080f00000, 0x0000000080f00000|100%| O|  |TAMS 0x0000000080f00000, 0x0000000080e00000| Untracked 
|  15|0x0000000080f00000, 0x0000000081000000, 0x0000000081000000|100%| O|  |TAMS 0x0000000081000000, 0x0000000080f00000| Untracked 
|  16|0x0000000081000000, 0x0000000081100000, 0x0000000081100000|100%| O|  |TAMS 0x0000000081100000, 0x0000000081000000| Untracked 
|  17|0x0000000081100000, 0x0000000081200000, 0x0000000081200000|100%|HS|  |TAMS 0x0000000081200000, 0x0000000081100000| Complete 
|  18|0x0000000081200000, 0x0000000081300000, 0x0000000081300000|100%| O|  |TAMS 0x0000000081300000, 0x0000000081200000| Untracked 
|  19|0x0000000081300000, 0x0000000081400000, 0x0000000081400000|100%| O|  |TAMS 0x0000000081400000, 0x0000000081300000| Untracked 
|  20|0x0000000081400000, 0x0000000081500000, 0x0000000081500000|100%| O|  |TAMS 0x0000000081500000, 0x0000000081400000| Untracked 
|  21|0x0000000081500000, 0x0000000081600000, 0x0000000081600000|100%| O|  |TAMS 0x0000000081600000, 0x0000000081500000| Untracked 
|  22|0x0000000081600000, 0x0000000081700000, 0x0000000081700000|100%| O|  |TAMS 0x0000000081700000, 0x0000000081600000| Untracked 
|  23|0x0000000081700000, 0x0000000081800000, 0x0000000081800000|100%| O|  |TAMS 0x0000000081800000, 0x0000000081700000| Untracked 
|  24|0x0000000081800000, 0x0000000081900000, 0x0000000081900000|100%| O|  |TAMS 0x0000000081900000, 0x0000000081800000| Untracked 
|  25|0x0000000081900000, 0x0000000081a00000, 0x0000000081a00000|100%| O|  |TAMS 0x0000000081a00000, 0x0000000081900000| Untracked 
|  26|0x0000000081a00000, 0x0000000081b00000, 0x0000000081b00000|100%| O|  |TAMS 0x0000000081b00000, 0x0000000081a00000| Untracked 
|  27|0x0000000081b00000, 0x0000000081c00000, 0x0000000081c00000|100%| O|  |TAMS 0x0000000081c00000, 0x0000000081b00000| Untracked 
|  28|0x0000000081c00000, 0x0000000081d00000, 0x0000000081d00000|100%| O|  |TAMS 0x0000000081d00000, 0x0000000081c00000| Untracked 
|  29|0x0000000081d00000, 0x0000000081e00000, 0x0000000081e00000|100%| O|  |TAMS 0x0000000081e00000, 0x0000000081d00000| Untracked 
|  30|0x0000000081e00000, 0x0000000081f00000, 0x0000000081f00000|100%|HS|  |TAMS 0x0000000081f00000, 0x0000000081e00000| Complete 
|  31|0x0000000081f00000, 0x0000000082000000, 0x0000000082000000|100%|HC|  |TAMS 0x0000000082000000, 0x0000000081f00000| Complete 
|  32|0x0000000082000000, 0x0000000082100000, 0x0000000082100000|100%|HC|  |TAMS 0x0000000082100000, 0x0000000082000000| Complete 
|  33|0x0000000082100000, 0x0000000082200000, 0x0000000082200000|100%| O|  |TAMS 0x0000000082200000, 0x0000000082100000| Untracked 
|  34|0x0000000082200000, 0x0000000082300000, 0x0000000082300000|100%| O|  |TAMS 0x0000000082278c00, 0x0000000082200000| Untracked 
|  35|0x0000000082300000, 0x0000000082400000, 0x0000000082400000|100%| O|  |TAMS 0x0000000082400000, 0x0000000082300000| Untracked 
|  36|0x0000000082400000, 0x0000000082500000, 0x0000000082500000|100%| O|  |TAMS 0x0000000082500000, 0x0000000082400000| Untracked 
|  37|0x0000000082500000, 0x0000000082600000, 0x0000000082600000|100%| O|  |TAMS 0x0000000082600000, 0x0000000082500000| Untracked 
|  38|0x0000000082600000, 0x0000000082700000, 0x0000000082700000|100%| O|  |TAMS 0x0000000082700000, 0x0000000082600000| Untracked 
|  39|0x0000000082700000, 0x0000000082800000, 0x0000000082800000|100%| O|  |TAMS 0x0000000082800000, 0x0000000082700000| Untracked 
|  40|0x0000000082800000, 0x0000000082900000, 0x0000000082900000|100%| O|  |TAMS 0x0000000082800000, 0x0000000082800000| Untracked 
|  41|0x0000000082900000, 0x0000000082a00000, 0x0000000082a00000|100%| O|  |TAMS 0x0000000082a00000, 0x0000000082900000| Untracked 
|  42|0x0000000082a00000, 0x0000000082b00000, 0x0000000082b00000|100%| O|  |TAMS 0x0000000082b00000, 0x0000000082a00000| Untracked 
|  43|0x0000000082b00000, 0x0000000082c00000, 0x0000000082c00000|100%| O|  |TAMS 0x0000000082c00000, 0x0000000082b00000| Untracked 
|  44|0x0000000082c00000, 0x0000000082d00000, 0x0000000082d00000|100%|HS|  |TAMS 0x0000000082d00000, 0x0000000082c00000| Complete 
|  45|0x0000000082d00000, 0x0000000082e00000, 0x0000000082e00000|100%|HS|  |TAMS 0x0000000082e00000, 0x0000000082d00000| Complete 
|  46|0x0000000082e00000, 0x0000000082f00000, 0x0000000082f00000|100%| O|  |TAMS 0x0000000082f00000, 0x0000000082e00000| Untracked 
|  47|0x0000000082f00000, 0x0000000083000000, 0x0000000083000000|100%| O|  |TAMS 0x0000000083000000, 0x0000000082f00000| Untracked 
|  48|0x0000000083000000, 0x0000000083100000, 0x0000000083100000|100%| O|  |TAMS 0x0000000083000000, 0x0000000083000000| Untracked 
|  49|0x0000000083100000, 0x0000000083200000, 0x0000000083200000|100%| O|  |TAMS 0x0000000083100000, 0x0000000083100000| Untracked 
|  50|0x0000000083200000, 0x0000000083300000, 0x0000000083300000|100%| O|  |TAMS 0x0000000083300000, 0x0000000083200000| Untracked 
|  51|0x0000000083300000, 0x0000000083400000, 0x0000000083400000|100%| O|  |TAMS 0x0000000083400000, 0x0000000083300000| Untracked 
|  52|0x0000000083400000, 0x0000000083500000, 0x0000000083500000|100%| O|  |TAMS 0x0000000083500000, 0x0000000083400000| Untracked 
|  53|0x0000000083500000, 0x0000000083600000, 0x0000000083600000|100%| O|  |TAMS 0x0000000083600000, 0x0000000083500000| Untracked 
|  54|0x0000000083600000, 0x0000000083700000, 0x0000000083700000|100%|HS|  |TAMS 0x0000000083700000, 0x0000000083600000| Complete 
|  55|0x0000000083700000, 0x0000000083800000, 0x0000000083800000|100%|HC|  |TAMS 0x0000000083800000, 0x0000000083700000| Complete 
|  56|0x0000000083800000, 0x0000000083900000, 0x0000000083900000|100%| O|  |TAMS 0x0000000083900000, 0x0000000083800000| Untracked 
|  57|0x0000000083900000, 0x0000000083a00000, 0x0000000083a00000|100%| O|  |TAMS 0x0000000083a00000, 0x0000000083900000| Untracked 
|  58|0x0000000083a00000, 0x0000000083b00000, 0x0000000083b00000|100%| O|  |TAMS 0x0000000083b00000, 0x0000000083a00000| Untracked 
|  59|0x0000000083b00000, 0x0000000083c00000, 0x0000000083c00000|100%| O|  |TAMS 0x0000000083c00000, 0x0000000083b00000| Untracked 
|  60|0x0000000083c00000, 0x0000000083d00000, 0x0000000083d00000|100%| O|  |TAMS 0x0000000083c00000, 0x0000000083c00000| Untracked 
|  61|0x0000000083d00000, 0x0000000083e00000, 0x0000000083e00000|100%| O|  |TAMS 0x0000000083e00000, 0x0000000083d00000| Untracked 
|  62|0x0000000083e00000, 0x0000000083f00000, 0x0000000083f00000|100%| O|  |TAMS 0x0000000083f00000, 0x0000000083e00000| Untracked 
|  63|0x0000000083f00000, 0x0000000084000000, 0x0000000084000000|100%| O|  |TAMS 0x0000000083f00000, 0x0000000083f00000| Untracked 
|  64|0x0000000084000000, 0x0000000084100000, 0x0000000084100000|100%| O|  |TAMS 0x0000000084100000, 0x0000000084000000| Untracked 
|  65|0x0000000084100000, 0x0000000084200000, 0x0000000084200000|100%| O|  |TAMS 0x0000000084200000, 0x0000000084100000| Untracked 
|  66|0x0000000084200000, 0x0000000084300000, 0x0000000084300000|100%| O|  |TAMS 0x0000000084300000, 0x0000000084200000| Untracked 
|  67|0x0000000084300000, 0x0000000084400000, 0x0000000084400000|100%| O|  |TAMS 0x0000000084400000, 0x0000000084300000| Untracked 
|  68|0x0000000084400000, 0x0000000084500000, 0x0000000084500000|100%| O|  |TAMS 0x0000000084400000, 0x0000000084400000| Untracked 
|  69|0x0000000084500000, 0x0000000084600000, 0x0000000084600000|100%| O|  |TAMS 0x0000000084600000, 0x0000000084500000| Untracked 
|  70|0x0000000084600000, 0x0000000084700000, 0x0000000084700000|100%| O|  |TAMS 0x0000000084700000, 0x0000000084600000| Untracked 
|  71|0x0000000084700000, 0x0000000084700000, 0x0000000084800000|  0%| F|  |TAMS 0x0000000084700000, 0x0000000084700000| Untracked 
|  72|0x0000000084800000, 0x0000000084900000, 0x0000000084900000|100%| O|  |TAMS 0x0000000084800000, 0x0000000084800000| Untracked 
|  73|0x0000000084900000, 0x0000000084a00000, 0x0000000084a00000|100%| O|  |TAMS 0x0000000084900000, 0x0000000084900000| Untracked 
|  74|0x0000000084a00000, 0x0000000084b00000, 0x0000000084b00000|100%| O|  |TAMS 0x0000000084b00000, 0x0000000084a00000| Untracked 
|  75|0x0000000084b00000, 0x0000000084c00000, 0x0000000084c00000|100%| O|  |TAMS 0x0000000084b00000, 0x0000000084b00000| Untracked 
|  76|0x0000000084c00000, 0x0000000084d00000, 0x0000000084d00000|100%| O|  |TAMS 0x0000000084d00000, 0x0000000084c00000| Untracked 
|  77|0x0000000084d00000, 0x0000000084e00000, 0x0000000084e00000|100%| O|  |TAMS 0x0000000084e00000, 0x0000000084d00000| Untracked 
|  78|0x0000000084e00000, 0x0000000084f00000, 0x0000000084f00000|100%| O|  |TAMS 0x0000000084f00000, 0x0000000084e00000| Untracked 
|  79|0x0000000084f00000, 0x0000000085000000, 0x0000000085000000|100%| O|  |TAMS 0x0000000085000000, 0x0000000084f00000| Untracked 
|  80|0x0000000085000000, 0x0000000085100000, 0x0000000085100000|100%| O|  |TAMS 0x0000000085100000, 0x0000000085000000| Untracked 
|  81|0x0000000085100000, 0x0000000085200000, 0x0000000085200000|100%| O|  |TAMS 0x0000000085200000, 0x0000000085100000| Untracked 
|  82|0x0000000085200000, 0x0000000085300000, 0x0000000085300000|100%| O|  |TAMS 0x0000000085300000, 0x0000000085200000| Untracked 
|  83|0x0000000085300000, 0x0000000085400000, 0x0000000085400000|100%| O|  |TAMS 0x0000000085400000, 0x0000000085300000| Untracked 
|  84|0x0000000085400000, 0x0000000085500000, 0x0000000085500000|100%| O|  |TAMS 0x0000000085500000, 0x0000000085400000| Untracked 
|  85|0x0000000085500000, 0x0000000085600000, 0x0000000085600000|100%| O|  |TAMS 0x0000000085500000, 0x0000000085500000| Untracked 
|  86|0x0000000085600000, 0x0000000085700000, 0x0000000085700000|100%| O|  |TAMS 0x0000000085600000, 0x0000000085600000| Untracked 
|  87|0x0000000085700000, 0x0000000085800000, 0x0000000085800000|100%| O|  |TAMS 0x0000000085800000, 0x0000000085700000| Untracked 
|  88|0x0000000085800000, 0x0000000085900000, 0x0000000085900000|100%| O|  |TAMS 0x0000000085900000, 0x0000000085800000| Untracked 
|  89|0x0000000085900000, 0x0000000085a00000, 0x0000000085a00000|100%| O|  |TAMS 0x0000000085a00000, 0x0000000085900000| Untracked 
|  90|0x0000000085a00000, 0x0000000085b00000, 0x0000000085b00000|100%| O|  |TAMS 0x0000000085b00000, 0x0000000085a00000| Untracked 
|  91|0x0000000085b00000, 0x0000000085c00000, 0x0000000085c00000|100%| O|  |TAMS 0x0000000085b00000, 0x0000000085b00000| Untracked 
|  92|0x0000000085c00000, 0x0000000085d00000, 0x0000000085d00000|100%| O|  |TAMS 0x0000000085c00000, 0x0000000085c00000| Untracked 
|  93|0x0000000085d00000, 0x0000000085d00000, 0x0000000085e00000|  0%| F|  |TAMS 0x0000000085d00000, 0x0000000085d00000| Untracked 
|  94|0x0000000085e00000, 0x0000000085f00000, 0x0000000085f00000|100%| O|  |TAMS 0x0000000085e00000, 0x0000000085e00000| Untracked 
|  95|0x0000000085f00000, 0x0000000086000000, 0x0000000086000000|100%| O|  |TAMS 0x0000000085f00000, 0x0000000085f00000| Untracked 
|  96|0x0000000086000000, 0x0000000086100000, 0x0000000086100000|100%| O|  |TAMS 0x0000000086000000, 0x0000000086000000| Untracked 
|  97|0x0000000086100000, 0x0000000086200000, 0x0000000086200000|100%| O|  |TAMS 0x0000000086100000, 0x0000000086100000| Untracked 
|  98|0x0000000086200000, 0x0000000086300000, 0x0000000086300000|100%| O|  |TAMS 0x0000000086200000, 0x0000000086200000| Untracked 
|  99|0x0000000086300000, 0x0000000086400000, 0x0000000086400000|100%| O|  |TAMS 0x0000000086400000, 0x0000000086300000| Untracked 
| 100|0x0000000086400000, 0x0000000086500000, 0x0000000086500000|100%| O|  |TAMS 0x0000000086400000, 0x0000000086400000| Untracked 
| 101|0x0000000086500000, 0x0000000086558c00, 0x0000000086600000| 34%| O|  |TAMS 0x0000000086500000, 0x0000000086500000| Untracked 
| 102|0x0000000086600000, 0x0000000086600000, 0x0000000086700000|  0%| F|  |TAMS 0x0000000086600000, 0x0000000086600000| Untracked 
| 103|0x0000000086700000, 0x0000000086800000, 0x0000000086800000|100%| O|  |TAMS 0x0000000086800000, 0x0000000086700000| Untracked 
| 104|0x0000000086800000, 0x0000000086800000, 0x0000000086900000|  0%| F|  |TAMS 0x0000000086800000, 0x0000000086800000| Untracked 
| 105|0x0000000086900000, 0x0000000086a00000, 0x0000000086a00000|100%|HS|  |TAMS 0x0000000086a00000, 0x0000000086900000| Complete 
| 106|0x0000000086a00000, 0x0000000086a00000, 0x0000000086b00000|  0%| F|  |TAMS 0x0000000086a00000, 0x0000000086a00000| Untracked 
| 107|0x0000000086b00000, 0x0000000086b00000, 0x0000000086c00000|  0%| F|  |TAMS 0x0000000086b00000, 0x0000000086b00000| Untracked 
| 108|0x0000000086c00000, 0x0000000086c00000, 0x0000000086d00000|  0%| F|  |TAMS 0x0000000086c00000, 0x0000000086c00000| Untracked 
| 109|0x0000000086d00000, 0x0000000086d00000, 0x0000000086e00000|  0%| F|  |TAMS 0x0000000086d00000, 0x0000000086d00000| Untracked 
| 110|0x0000000086e00000, 0x0000000086e00000, 0x0000000086f00000|  0%| F|  |TAMS 0x0000000086e00000, 0x0000000086e00000| Untracked 
| 111|0x0000000086f00000, 0x0000000086f00000, 0x0000000087000000|  0%| F|  |TAMS 0x0000000086f00000, 0x0000000086f00000| Untracked 
| 112|0x0000000087000000, 0x0000000087000000, 0x0000000087100000|  0%| F|  |TAMS 0x0000000087000000, 0x0000000087000000| Untracked 
| 113|0x0000000087100000, 0x0000000087100000, 0x0000000087200000|  0%| F|  |TAMS 0x0000000087100000, 0x0000000087100000| Untracked 
| 114|0x0000000087200000, 0x0000000087200000, 0x0000000087300000|  0%| F|  |TAMS 0x0000000087200000, 0x0000000087200000| Untracked 
| 115|0x0000000087300000, 0x0000000087300000, 0x0000000087400000|  0%| F|  |TAMS 0x0000000087300000, 0x0000000087300000| Untracked 
| 116|0x0000000087400000, 0x0000000087400000, 0x0000000087500000|  0%| F|  |TAMS 0x0000000087400000, 0x0000000087400000| Untracked 
| 117|0x0000000087500000, 0x0000000087500000, 0x0000000087600000|  0%| F|  |TAMS 0x0000000087500000, 0x0000000087500000| Untracked 
| 118|0x0000000087600000, 0x0000000087600000, 0x0000000087700000|  0%| F|  |TAMS 0x0000000087600000, 0x0000000087600000| Untracked 
| 119|0x0000000087700000, 0x0000000087800000, 0x0000000087800000|100%| O|  |TAMS 0x0000000087800000, 0x0000000087700000| Untracked 
| 120|0x0000000087800000, 0x0000000087800000, 0x0000000087900000|  0%| F|  |TAMS 0x0000000087800000, 0x0000000087800000| Untracked 
| 121|0x0000000087900000, 0x0000000087900000, 0x0000000087a00000|  0%| F|  |TAMS 0x0000000087900000, 0x0000000087900000| Untracked 
| 122|0x0000000087a00000, 0x0000000087a00000, 0x0000000087b00000|  0%| F|  |TAMS 0x0000000087a00000, 0x0000000087a00000| Untracked 
| 123|0x0000000087b00000, 0x0000000087b00000, 0x0000000087c00000|  0%| F|  |TAMS 0x0000000087b00000, 0x0000000087b00000| Untracked 
| 124|0x0000000087c00000, 0x0000000087c00000, 0x0000000087d00000|  0%| F|  |TAMS 0x0000000087c00000, 0x0000000087c00000| Untracked 
| 125|0x0000000087d00000, 0x0000000087d00000, 0x0000000087e00000|  0%| F|  |TAMS 0x0000000087d00000, 0x0000000087d00000| Untracked 
| 126|0x0000000087e00000, 0x0000000087e00000, 0x0000000087f00000|  0%| F|  |TAMS 0x0000000087e00000, 0x0000000087e00000| Untracked 
| 127|0x0000000087f00000, 0x0000000087f00000, 0x0000000088000000|  0%| F|  |TAMS 0x0000000087f00000, 0x0000000087f00000| Untracked 
| 128|0x0000000088000000, 0x0000000088000000, 0x0000000088100000|  0%| F|  |TAMS 0x0000000088000000, 0x0000000088000000| Untracked 
| 129|0x0000000088100000, 0x0000000088100000, 0x0000000088200000|  0%| F|  |TAMS 0x0000000088100000, 0x0000000088100000| Untracked 
| 130|0x0000000088200000, 0x0000000088200000, 0x0000000088300000|  0%| F|  |TAMS 0x0000000088200000, 0x0000000088200000| Untracked 
| 131|0x0000000088300000, 0x0000000088300000, 0x0000000088400000|  0%| F|  |TAMS 0x0000000088300000, 0x0000000088300000| Untracked 
| 132|0x0000000088400000, 0x0000000088400000, 0x0000000088500000|  0%| F|  |TAMS 0x0000000088400000, 0x0000000088400000| Untracked 
| 133|0x0000000088500000, 0x0000000088500000, 0x0000000088600000|  0%| F|  |TAMS 0x0000000088500000, 0x0000000088500000| Untracked 
| 134|0x0000000088600000, 0x0000000088600000, 0x0000000088700000|  0%| F|  |TAMS 0x0000000088600000, 0x0000000088600000| Untracked 
| 135|0x0000000088700000, 0x0000000088700000, 0x0000000088800000|  0%| F|  |TAMS 0x0000000088700000, 0x0000000088700000| Untracked 
| 136|0x0000000088800000, 0x0000000088800000, 0x0000000088900000|  0%| F|  |TAMS 0x0000000088800000, 0x0000000088800000| Untracked 
| 137|0x0000000088900000, 0x0000000088900000, 0x0000000088a00000|  0%| F|  |TAMS 0x0000000088900000, 0x0000000088900000| Untracked 
| 138|0x0000000088a00000, 0x0000000088b00000, 0x0000000088b00000|100%|HS|  |TAMS 0x0000000088b00000, 0x0000000088a00000| Complete 
| 139|0x0000000088b00000, 0x0000000088b00000, 0x0000000088c00000|  0%| F|  |TAMS 0x0000000088b00000, 0x0000000088b00000| Untracked 
| 140|0x0000000088c00000, 0x0000000088c00000, 0x0000000088d00000|  0%| F|  |TAMS 0x0000000088c00000, 0x0000000088c00000| Untracked 
| 141|0x0000000088d00000, 0x0000000088d00000, 0x0000000088e00000|  0%| F|  |TAMS 0x0000000088d00000, 0x0000000088d00000| Untracked 
| 142|0x0000000088e00000, 0x0000000088e00000, 0x0000000088f00000|  0%| F|  |TAMS 0x0000000088e00000, 0x0000000088e00000| Untracked 
| 143|0x0000000088f00000, 0x0000000089000000, 0x0000000089000000|100%| O|  |TAMS 0x0000000089000000, 0x0000000088f00000| Untracked 
| 144|0x0000000089000000, 0x0000000089000000, 0x0000000089100000|  0%| F|  |TAMS 0x0000000089000000, 0x0000000089000000| Untracked 
| 145|0x0000000089100000, 0x0000000089100000, 0x0000000089200000|  0%| F|  |TAMS 0x0000000089100000, 0x0000000089100000| Untracked 
| 146|0x0000000089200000, 0x0000000089200000, 0x0000000089300000|  0%| F|  |TAMS 0x0000000089200000, 0x0000000089200000| Untracked 
| 147|0x0000000089300000, 0x0000000089300000, 0x0000000089400000|  0%| F|  |TAMS 0x0000000089300000, 0x0000000089300000| Untracked 
| 148|0x0000000089400000, 0x0000000089400000, 0x0000000089500000|  0%| F|  |TAMS 0x0000000089400000, 0x0000000089400000| Untracked 
| 149|0x0000000089500000, 0x0000000089500000, 0x0000000089600000|  0%| F|  |TAMS 0x0000000089500000, 0x0000000089500000| Untracked 
| 150|0x0000000089600000, 0x0000000089600000, 0x0000000089700000|  0%| F|  |TAMS 0x0000000089600000, 0x0000000089600000| Untracked 
| 151|0x0000000089700000, 0x0000000089700000, 0x0000000089800000|  0%| F|  |TAMS 0x0000000089700000, 0x0000000089700000| Untracked 
| 152|0x0000000089800000, 0x0000000089800000, 0x0000000089900000|  0%| F|  |TAMS 0x0000000089800000, 0x0000000089800000| Untracked 
| 153|0x0000000089900000, 0x0000000089900000, 0x0000000089a00000|  0%| F|  |TAMS 0x0000000089900000, 0x0000000089900000| Untracked 
| 154|0x0000000089a00000, 0x0000000089a00000, 0x0000000089b00000|  0%| F|  |TAMS 0x0000000089a00000, 0x0000000089a00000| Untracked 
| 155|0x0000000089b00000, 0x0000000089b00000, 0x0000000089c00000|  0%| F|  |TAMS 0x0000000089b00000, 0x0000000089b00000| Untracked 
| 156|0x0000000089c00000, 0x0000000089c00000, 0x0000000089d00000|  0%| F|  |TAMS 0x0000000089c00000, 0x0000000089c00000| Untracked 
| 157|0x0000000089d00000, 0x0000000089d00000, 0x0000000089e00000|  0%| F|  |TAMS 0x0000000089d00000, 0x0000000089d00000| Untracked 
| 158|0x0000000089e00000, 0x0000000089e00000, 0x0000000089f00000|  0%| F|  |TAMS 0x0000000089e00000, 0x0000000089e00000| Untracked 
| 159|0x0000000089f00000, 0x0000000089f00000, 0x000000008a000000|  0%| F|  |TAMS 0x0000000089f00000, 0x0000000089f00000| Untracked 
| 160|0x000000008a000000, 0x000000008a000000, 0x000000008a100000|  0%| F|  |TAMS 0x000000008a000000, 0x000000008a000000| Untracked 
| 161|0x000000008a100000, 0x000000008a100000, 0x000000008a200000|  0%| F|  |TAMS 0x000000008a100000, 0x000000008a100000| Untracked 
| 162|0x000000008a200000, 0x000000008a200000, 0x000000008a300000|  0%| F|  |TAMS 0x000000008a200000, 0x000000008a200000| Untracked 
| 163|0x000000008a300000, 0x000000008a300000, 0x000000008a400000|  0%| F|  |TAMS 0x000000008a300000, 0x000000008a300000| Untracked 
| 164|0x000000008a400000, 0x000000008a400000, 0x000000008a500000|  0%| F|  |TAMS 0x000000008a400000, 0x000000008a400000| Untracked 
| 165|0x000000008a500000, 0x000000008a500000, 0x000000008a600000|  0%| F|  |TAMS 0x000000008a500000, 0x000000008a500000| Untracked 
| 166|0x000000008a600000, 0x000000008a600000, 0x000000008a700000|  0%| F|  |TAMS 0x000000008a600000, 0x000000008a600000| Untracked 
| 167|0x000000008a700000, 0x000000008a700000, 0x000000008a800000|  0%| F|  |TAMS 0x000000008a700000, 0x000000008a700000| Untracked 
| 168|0x000000008a800000, 0x000000008a800000, 0x000000008a900000|  0%| F|  |TAMS 0x000000008a800000, 0x000000008a800000| Untracked 
| 169|0x000000008a900000, 0x000000008a900000, 0x000000008aa00000|  0%| F|  |TAMS 0x000000008a900000, 0x000000008a900000| Untracked 
| 170|0x000000008aa00000, 0x000000008aa00000, 0x000000008ab00000|  0%| F|  |TAMS 0x000000008aa00000, 0x000000008aa00000| Untracked 
| 171|0x000000008ab00000, 0x000000008ab00000, 0x000000008ac00000|  0%| F|  |TAMS 0x000000008ab00000, 0x000000008ab00000| Untracked 
| 172|0x000000008ac00000, 0x000000008ac00000, 0x000000008ad00000|  0%| F|  |TAMS 0x000000008ac00000, 0x000000008ac00000| Untracked 
| 173|0x000000008ad00000, 0x000000008ad00000, 0x000000008ae00000|  0%| F|  |TAMS 0x000000008ad00000, 0x000000008ad00000| Untracked 
| 174|0x000000008ae00000, 0x000000008ae00000, 0x000000008af00000|  0%| F|  |TAMS 0x000000008ae00000, 0x000000008ae00000| Untracked 
| 175|0x000000008af00000, 0x000000008af00000, 0x000000008b000000|  0%| F|  |TAMS 0x000000008af00000, 0x000000008af00000| Untracked 
| 176|0x000000008b000000, 0x000000008b000000, 0x000000008b100000|  0%| F|  |TAMS 0x000000008b000000, 0x000000008b000000| Untracked 
| 177|0x000000008b100000, 0x000000008b100000, 0x000000008b200000|  0%| F|  |TAMS 0x000000008b100000, 0x000000008b100000| Untracked 
| 178|0x000000008b200000, 0x000000008b200000, 0x000000008b300000|  0%| F|  |TAMS 0x000000008b200000, 0x000000008b200000| Untracked 
| 179|0x000000008b300000, 0x000000008b300000, 0x000000008b400000|  0%| F|  |TAMS 0x000000008b300000, 0x000000008b300000| Untracked 
| 180|0x000000008b400000, 0x000000008b400000, 0x000000008b500000|  0%| F|  |TAMS 0x000000008b400000, 0x000000008b400000| Untracked 
| 181|0x000000008b500000, 0x000000008b500000, 0x000000008b600000|  0%| F|  |TAMS 0x000000008b500000, 0x000000008b500000| Untracked 
| 182|0x000000008b600000, 0x000000008b600000, 0x000000008b700000|  0%| F|  |TAMS 0x000000008b600000, 0x000000008b600000| Untracked 
| 183|0x000000008b700000, 0x000000008b700000, 0x000000008b800000|  0%| F|  |TAMS 0x000000008b700000, 0x000000008b700000| Untracked 
| 184|0x000000008b800000, 0x000000008b900000, 0x000000008b900000|100%| O|  |TAMS 0x000000008b900000, 0x000000008b800000| Untracked 
| 185|0x000000008b900000, 0x000000008ba00000, 0x000000008ba00000|100%| O|  |TAMS 0x000000008ba00000, 0x000000008b900000| Untracked 
| 186|0x000000008ba00000, 0x000000008bb00000, 0x000000008bb00000|100%| O|  |TAMS 0x000000008bb00000, 0x000000008ba00000| Untracked 
| 187|0x000000008bb00000, 0x000000008bc00000, 0x000000008bc00000|100%| O|  |TAMS 0x000000008bc00000, 0x000000008bb00000| Untracked 
| 188|0x000000008bc00000, 0x000000008bd00000, 0x000000008bd00000|100%| O|  |TAMS 0x000000008bd00000, 0x000000008bc00000| Untracked 
| 189|0x000000008bd00000, 0x000000008be00000, 0x000000008be00000|100%| O|  |TAMS 0x000000008be00000, 0x000000008bd00000| Untracked 
| 190|0x000000008be00000, 0x000000008bf00000, 0x000000008bf00000|100%| O|  |TAMS 0x000000008bf00000, 0x000000008be00000| Untracked 
| 191|0x000000008bf00000, 0x000000008bf00000, 0x000000008c000000|  0%| F|  |TAMS 0x000000008bf00000, 0x000000008bf00000| Untracked 
| 192|0x000000008c000000, 0x000000008c100000, 0x000000008c100000|100%| O|  |TAMS 0x000000008c100000, 0x000000008c000000| Untracked 
| 193|0x000000008c100000, 0x000000008c200000, 0x000000008c200000|100%| O|  |TAMS 0x000000008c200000, 0x000000008c100000| Untracked 
| 194|0x000000008c200000, 0x000000008c300000, 0x000000008c300000|100%| O|  |TAMS 0x000000008c300000, 0x000000008c200000| Untracked 
| 195|0x000000008c300000, 0x000000008c300000, 0x000000008c400000|  0%| F|  |TAMS 0x000000008c300000, 0x000000008c300000| Untracked 
| 196|0x000000008c400000, 0x000000008c500000, 0x000000008c500000|100%| O|  |TAMS 0x000000008c500000, 0x000000008c400000| Untracked 
| 197|0x000000008c500000, 0x000000008c600000, 0x000000008c600000|100%| O|  |TAMS 0x000000008c600000, 0x000000008c500000| Untracked 
| 198|0x000000008c600000, 0x000000008c700000, 0x000000008c700000|100%| O|  |TAMS 0x000000008c700000, 0x000000008c600000| Untracked 
| 199|0x000000008c700000, 0x000000008c700000, 0x000000008c800000|  0%| F|  |TAMS 0x000000008c700000, 0x000000008c700000| Untracked 
| 200|0x000000008c800000, 0x000000008c800000, 0x000000008c900000|  0%| F|  |TAMS 0x000000008c800000, 0x000000008c800000| Untracked 
| 201|0x000000008c900000, 0x000000008ca00000, 0x000000008ca00000|100%| O|  |TAMS 0x000000008ca00000, 0x000000008c900000| Untracked 
| 202|0x000000008ca00000, 0x000000008cb00000, 0x000000008cb00000|100%| O|  |TAMS 0x000000008cb00000, 0x000000008ca00000| Untracked 
| 203|0x000000008cb00000, 0x000000008cc00000, 0x000000008cc00000|100%| O|  |TAMS 0x000000008cc00000, 0x000000008cb00000| Untracked 
| 204|0x000000008cc00000, 0x000000008cd00000, 0x000000008cd00000|100%| O|  |TAMS 0x000000008cd00000, 0x000000008cc00000| Untracked 
| 205|0x000000008cd00000, 0x000000008ce00000, 0x000000008ce00000|100%| O|  |TAMS 0x000000008ce00000, 0x000000008cd00000| Untracked 
| 206|0x000000008ce00000, 0x000000008cf00000, 0x000000008cf00000|100%| O|  |TAMS 0x000000008cf00000, 0x000000008ce00000| Untracked 
| 207|0x000000008cf00000, 0x000000008cf00000, 0x000000008d000000|  0%| F|  |TAMS 0x000000008cf00000, 0x000000008cf00000| Untracked 
| 208|0x000000008d000000, 0x000000008d000000, 0x000000008d100000|  0%| F|  |TAMS 0x000000008d000000, 0x000000008d000000| Untracked 
| 209|0x000000008d100000, 0x000000008d100000, 0x000000008d200000|  0%| F|  |TAMS 0x000000008d100000, 0x000000008d100000| Untracked 
| 210|0x000000008d200000, 0x000000008d200000, 0x000000008d300000|  0%| F|  |TAMS 0x000000008d200000, 0x000000008d200000| Untracked 
| 211|0x000000008d300000, 0x000000008d300000, 0x000000008d400000|  0%| F|  |TAMS 0x000000008d300000, 0x000000008d300000| Untracked 
| 212|0x000000008d400000, 0x000000008d400000, 0x000000008d500000|  0%| F|  |TAMS 0x000000008d400000, 0x000000008d400000| Untracked 
| 213|0x000000008d500000, 0x000000008d500000, 0x000000008d600000|  0%| F|  |TAMS 0x000000008d500000, 0x000000008d500000| Untracked 
| 214|0x000000008d600000, 0x000000008d600000, 0x000000008d700000|  0%| F|  |TAMS 0x000000008d600000, 0x000000008d600000| Untracked 
| 215|0x000000008d700000, 0x000000008d700000, 0x000000008d800000|  0%| F|  |TAMS 0x000000008d700000, 0x000000008d700000| Untracked 
| 216|0x000000008d800000, 0x000000008d800000, 0x000000008d900000|  0%| F|  |TAMS 0x000000008d800000, 0x000000008d800000| Untracked 
| 217|0x000000008d900000, 0x000000008d900000, 0x000000008da00000|  0%| F|  |TAMS 0x000000008d900000, 0x000000008d900000| Untracked 
| 218|0x000000008da00000, 0x000000008da00000, 0x000000008db00000|  0%| F|  |TAMS 0x000000008da00000, 0x000000008da00000| Untracked 
| 219|0x000000008db00000, 0x000000008db00000, 0x000000008dc00000|  0%| F|  |TAMS 0x000000008db00000, 0x000000008db00000| Untracked 
| 220|0x000000008dc00000, 0x000000008dc00000, 0x000000008dd00000|  0%| F|  |TAMS 0x000000008dc00000, 0x000000008dc00000| Untracked 
| 221|0x000000008dd00000, 0x000000008de00000, 0x000000008de00000|100%| O|  |TAMS 0x000000008de00000, 0x000000008dd00000| Untracked 
| 222|0x000000008de00000, 0x000000008df00000, 0x000000008df00000|100%| O|  |TAMS 0x000000008df00000, 0x000000008de00000| Untracked 
| 223|0x000000008df00000, 0x000000008df00000, 0x000000008e000000|  0%| F|  |TAMS 0x000000008df00000, 0x000000008df00000| Untracked 
| 224|0x000000008e000000, 0x000000008e000000, 0x000000008e100000|  0%| F|  |TAMS 0x000000008e000000, 0x000000008e000000| Untracked 
| 225|0x000000008e100000, 0x000000008e100000, 0x000000008e200000|  0%| F|  |TAMS 0x000000008e100000, 0x000000008e100000| Untracked 
| 226|0x000000008e200000, 0x000000008e200000, 0x000000008e300000|  0%| F|  |TAMS 0x000000008e200000, 0x000000008e200000| Untracked 
| 227|0x000000008e300000, 0x000000008e300000, 0x000000008e400000|  0%| F|  |TAMS 0x000000008e300000, 0x000000008e300000| Untracked 
| 228|0x000000008e400000, 0x000000008e400000, 0x000000008e500000|  0%| F|  |TAMS 0x000000008e400000, 0x000000008e400000| Untracked 
| 229|0x000000008e500000, 0x000000008e500000, 0x000000008e600000|  0%| F|  |TAMS 0x000000008e500000, 0x000000008e500000| Untracked 
| 230|0x000000008e600000, 0x000000008e600000, 0x000000008e700000|  0%| F|  |TAMS 0x000000008e600000, 0x000000008e600000| Untracked 
| 231|0x000000008e700000, 0x000000008e700000, 0x000000008e800000|  0%| F|  |TAMS 0x000000008e700000, 0x000000008e700000| Untracked 
| 232|0x000000008e800000, 0x000000008e800000, 0x000000008e900000|  0%| F|  |TAMS 0x000000008e800000, 0x000000008e800000| Untracked 
| 233|0x000000008e900000, 0x000000008e900000, 0x000000008ea00000|  0%| F|  |TAMS 0x000000008e900000, 0x000000008e900000| Untracked 
| 234|0x000000008ea00000, 0x000000008ea00000, 0x000000008eb00000|  0%| F|  |TAMS 0x000000008ea00000, 0x000000008ea00000| Untracked 
| 235|0x000000008eb00000, 0x000000008eb00000, 0x000000008ec00000|  0%| F|  |TAMS 0x000000008eb00000, 0x000000008eb00000| Untracked 
| 236|0x000000008ec00000, 0x000000008ec00000, 0x000000008ed00000|  0%| F|  |TAMS 0x000000008ec00000, 0x000000008ec00000| Untracked 
| 237|0x000000008ed00000, 0x000000008ed00000, 0x000000008ee00000|  0%| F|  |TAMS 0x000000008ed00000, 0x000000008ed00000| Untracked 
| 238|0x000000008ee00000, 0x000000008ee00000, 0x000000008ef00000|  0%| F|  |TAMS 0x000000008ee00000, 0x000000008ee00000| Untracked 
| 239|0x000000008ef00000, 0x000000008ef00000, 0x000000008f000000|  0%| F|  |TAMS 0x000000008ef00000, 0x000000008ef00000| Untracked 
| 240|0x000000008f000000, 0x000000008f000000, 0x000000008f100000|  0%| F|  |TAMS 0x000000008f000000, 0x000000008f000000| Untracked 
| 241|0x000000008f100000, 0x000000008f100000, 0x000000008f200000|  0%| F|  |TAMS 0x000000008f100000, 0x000000008f100000| Untracked 
| 242|0x000000008f200000, 0x000000008f200000, 0x000000008f300000|  0%| F|  |TAMS 0x000000008f200000, 0x000000008f200000| Untracked 
| 243|0x000000008f300000, 0x000000008f300000, 0x000000008f400000|  0%| F|  |TAMS 0x000000008f300000, 0x000000008f300000| Untracked 
| 244|0x000000008f400000, 0x000000008f400000, 0x000000008f500000|  0%| F|  |TAMS 0x000000008f400000, 0x000000008f400000| Untracked 
| 245|0x000000008f500000, 0x000000008f500000, 0x000000008f600000|  0%| F|  |TAMS 0x000000008f500000, 0x000000008f500000| Untracked 
| 246|0x000000008f600000, 0x000000008f600000, 0x000000008f700000|  0%| F|  |TAMS 0x000000008f600000, 0x000000008f600000| Untracked 
| 247|0x000000008f700000, 0x000000008f700000, 0x000000008f800000|  0%| F|  |TAMS 0x000000008f700000, 0x000000008f700000| Untracked 
| 248|0x000000008f800000, 0x000000008f800000, 0x000000008f900000|  0%| F|  |TAMS 0x000000008f800000, 0x000000008f800000| Untracked 
| 249|0x000000008f900000, 0x000000008f900000, 0x000000008fa00000|  0%| F|  |TAMS 0x000000008f900000, 0x000000008f900000| Untracked 
| 250|0x000000008fa00000, 0x000000008fa00000, 0x000000008fb00000|  0%| F|  |TAMS 0x000000008fa00000, 0x000000008fa00000| Untracked 
| 251|0x000000008fb00000, 0x000000008fb00000, 0x000000008fc00000|  0%| F|  |TAMS 0x000000008fb00000, 0x000000008fb00000| Untracked 
| 252|0x000000008fc00000, 0x000000008fc00000, 0x000000008fd00000|  0%| F|  |TAMS 0x000000008fc00000, 0x000000008fc00000| Untracked 
| 253|0x000000008fd00000, 0x000000008fd00000, 0x000000008fe00000|  0%| F|  |TAMS 0x000000008fd00000, 0x000000008fd00000| Untracked 
| 254|0x000000008fe00000, 0x000000008fe00000, 0x000000008ff00000|  0%| F|  |TAMS 0x000000008fe00000, 0x000000008fe00000| Untracked 
| 255|0x000000008ff00000, 0x000000008ff00000, 0x0000000090000000|  0%| F|  |TAMS 0x000000008ff00000, 0x000000008ff00000| Untracked 
| 256|0x0000000090000000, 0x0000000090000000, 0x0000000090100000|  0%| F|  |TAMS 0x0000000090000000, 0x0000000090000000| Untracked 
| 257|0x0000000090100000, 0x0000000090100000, 0x0000000090200000|  0%| F|  |TAMS 0x0000000090100000, 0x0000000090100000| Untracked 
| 258|0x0000000090200000, 0x0000000090200000, 0x0000000090300000|  0%| F|  |TAMS 0x0000000090200000, 0x0000000090200000| Untracked 
| 259|0x0000000090300000, 0x0000000090300000, 0x0000000090400000|  0%| F|  |TAMS 0x0000000090300000, 0x0000000090300000| Untracked 
| 260|0x0000000090400000, 0x0000000090400000, 0x0000000090500000|  0%| F|  |TAMS 0x0000000090400000, 0x0000000090400000| Untracked 
| 261|0x0000000090500000, 0x0000000090500000, 0x0000000090600000|  0%| F|  |TAMS 0x0000000090500000, 0x0000000090500000| Untracked 
| 262|0x0000000090600000, 0x00000000906688f8, 0x0000000090700000| 40%| S|CS|TAMS 0x0000000090600000, 0x0000000090600000| Complete 
| 263|0x0000000090700000, 0x0000000090800000, 0x0000000090800000|100%| S|CS|TAMS 0x0000000090700000, 0x0000000090700000| Complete 
| 264|0x0000000090800000, 0x0000000090800000, 0x0000000090900000|  0%| F|  |TAMS 0x0000000090800000, 0x0000000090800000| Untracked 
| 265|0x0000000090900000, 0x0000000090900000, 0x0000000090a00000|  0%| F|  |TAMS 0x0000000090900000, 0x0000000090900000| Untracked 
| 266|0x0000000090a00000, 0x0000000090b00000, 0x0000000090b00000|100%| E|  |TAMS 0x0000000090a00000, 0x0000000090a00000| Complete 

Card table byte_map: [0x000001d1c1820000,0x000001d1c1c20000] _byte_map_base: 0x000001d1c1420000

Marking Bits (Prev, Next): (CMBitMap*) 0x000001d1a7ec7fc8, (CMBitMap*) 0x000001d1a7ec8000
 Prev Bits: [0x000001d1c2020000, 0x000001d1c4020000)
 Next Bits: [0x000001d1c4020000, 0x000001d1c6020000)

Polling page: 0x000001d1a7f60000

Metaspace:

Usage:
  Non-class:    111.30 MB capacity,   109.49 MB ( 98%) used,     1.45 MB (  1%) free+waste,   371.19 KB ( <1%) overhead. 
      Class:     16.93 MB capacity,    15.78 MB ( 93%) used,     1.00 MB (  6%) free+waste,   158.13 KB ( <1%) overhead. 
       Both:    128.24 MB capacity,   125.27 MB ( 98%) used,     2.45 MB (  2%) free+waste,   529.31 KB ( <1%) overhead. 

Virtual space:
  Non-class space:      114.00 MB reserved,     112.26 MB ( 98%) committed 
      Class space:      504.00 MB reserved,      17.45 MB (  3%) committed 
             Both:      618.00 MB reserved,     129.71 MB ( 21%) committed 

Chunk freelists:
   Non-Class:  980.00 KB
       Class:  515.00 KB
        Both:  1.46 MB

MaxMetaspaceSize: 512.00 MB
CompressedClassSpaceSize: 504.00 MB
Initial GC threshold: 20.80 MB
Current GC threshold: 207.85 MB
CDS: off

CodeHeap 'non-profiled nmethods': size=120064Kb used=15682Kb max_used=15945Kb free=104381Kb
 bounds [0x000001d1b98c0000, 0x000001d1ba860000, 0x000001d1c0e00000]
CodeHeap 'profiled nmethods': size=120000Kb used=39902Kb max_used=42257Kb free=80098Kb
 bounds [0x000001d1b2390000, 0x000001d1b4ce0000, 0x000001d1b98c0000]
CodeHeap 'non-nmethods': size=5696Kb used=2453Kb max_used=2497Kb free=3242Kb
 bounds [0x000001d1b1e00000, 0x000001d1b2080000, 0x000001d1b2390000]
 total_blobs=18920 nmethods=17932 adapters=899
 compilation: enabled
              stopped_count=0, restarted_count=0
 full_count=0

Compilation events (20 events):
Event: 20604.092 Thread 0x000001d1c8fd3800 20209       3       org.gradle.internal.instantiation.generator.AsmBackedClassGenerator$ClassBuilderImpl$9::<init> (52 bytes)
Event: 20604.094 Thread 0x000001d1c8fd3800 nmethod 20209 0x000001d1b2889610 code [0x000001d1b28898e0, 0x000001d1b288a818]
Event: 20604.094 Thread 0x000001d1c8fd3800 20210       3       org.gradle.internal.instantiation.generator.AsmBackedClassGenerator$ClassBuilderImpl$10::<init> (37 bytes)
Event: 20604.095 Thread 0x000001d1c8fd3800 nmethod 20210 0x000001d1b2ea7290 code [0x000001d1b2ea7500, 0x000001d1b2ea8028]
Event: 20604.115 Thread 0x000001d1c8fd3800 20211       3       org.objectweb.asm.ByteVector::putUTF8 (144 bytes)
Event: 20604.116 Thread 0x000001d1c8fd3800 nmethod 20211 0x000001d1b2a85390 code [0x000001d1b2a85620, 0x000001d1b2a86148]
Event: 20604.117 Thread 0x000001d1c8fd3800 20212       1       org.objectweb.asm.commons.Method::getName (5 bytes)
Event: 20604.117 Thread 0x000001d1c8fd3800 nmethod 20212 0x000001d1b9ff9d90 code [0x000001d1b9ff9f40, 0x000001d1b9ff9ff8]
Event: 20604.117 Thread 0x000001d1c8fd3800 20213       1       org.objectweb.asm.commons.Method::getDescriptor (5 bytes)
Event: 20604.117 Thread 0x000001d1c8fd3800 nmethod 20213 0x000001d1b9ff9a90 code [0x000001d1b9ff9c40, 0x000001d1b9ff9cf8]
Event: 20604.117 Thread 0x000001d1c8fd3800 20214       1       com.android.build.gradle.internal.dsl.decorator.DslDecorator$ManagedProperty::getSupportedPropertyType (5 bytes)
Event: 20604.117 Thread 0x000001d1c8fd3800 nmethod 20214 0x000001d1b9ff9790 code [0x000001d1b9ff9940, 0x000001d1b9ff99f8]
Event: 20604.120 Thread 0x000001d1c8fd3800 20215       3       org.objectweb.asm.Symbol::<init> (38 bytes)
Event: 20604.121 Thread 0x000001d1c8fd3800 nmethod 20215 0x000001d1b26ded90 code [0x000001d1b26def40, 0x000001d1b26df1d8]
Event: 20604.121 Thread 0x000001d1c8fd3800 20216       3       org.objectweb.asm.SymbolTable::put (150 bytes)
Event: 20604.121 Thread 0x000001d1c8fd3800 nmethod 20216 0x000001d1b27e3490 code [0x000001d1b27e36a0, 0x000001d1b27e3ef8]
Event: 20604.122 Thread 0x000001d1c8fd3800 20217       3       org.objectweb.asm.Frame::push (109 bytes)
Event: 20604.123 Thread 0x000001d1c8fd3800 nmethod 20217 0x000001d1b2914090 code [0x000001d1b2914280, 0x000001d1b29147e8]
Event: 20604.123 Thread 0x000001d1c8fd3800 20218       1       org.objectweb.asm.SymbolTable::getMajorVersion (5 bytes)
Event: 20604.123 Thread 0x000001d1c8fd3800 nmethod 20218 0x000001d1b9ff9290 code [0x000001d1b9ff9440, 0x000001d1b9ff94f8]

GC Heap History (20 events):
Event: 11285.655 GC heap before
{Heap before GC invocations=168 (full 0):
 garbage-first heap   total 273408K, used 239745K [0x0000000080000000, 0x0000000100000000)
  region size 1024K, 29 young (29696K), 2 survivors (2048K)
 Metaspace       used 111575K, capacity 114180K, committed 127700K, reserved 626688K
  class space    used 14042K, capacity 15030K, committed 17612K, reserved 516096K
}
Event: 11285.674 GC heap after
{Heap after GC invocations=169 (full 0):
 garbage-first heap   total 273408K, used 192610K [0x0000000080000000, 0x0000000100000000)
  region size 1024K, 2 young (2048K), 2 survivors (2048K)
 Metaspace       used 111575K, capacity 114180K, committed 127700K, reserved 626688K
  class space    used 14042K, capacity 15030K, committed 17612K, reserved 516096K
}
Event: 11744.454 GC heap before
{Heap before GC invocations=169 (full 0):
 garbage-first heap   total 273408K, used 203874K [0x0000000080000000, 0x0000000100000000)
  region size 1024K, 13 young (13312K), 2 survivors (2048K)
 Metaspace       used 111575K, capacity 114180K, committed 127700K, reserved 626688K
  class space    used 14042K, capacity 15030K, committed 17612K, reserved 516096K
}
Event: 11744.498 GC heap after
{Heap after GC invocations=170 (full 0):
 garbage-first heap   total 273408K, used 165660K [0x0000000080000000, 0x0000000100000000)
  region size 1024K, 1 young (1024K), 1 survivors (1024K)
 Metaspace       used 111575K, capacity 114180K, committed 127700K, reserved 626688K
  class space    used 14042K, capacity 15030K, committed 17612K, reserved 516096K
}
Event: 12243.661 GC heap before
{Heap before GC invocations=170 (full 0):
 garbage-first heap   total 273408K, used 177948K [0x0000000080000000, 0x0000000100000000)
  region size 1024K, 13 young (13312K), 1 survivors (1024K)
 Metaspace       used 111575K, capacity 114180K, committed 127700K, reserved 626688K
  class space    used 14042K, capacity 15030K, committed 17612K, reserved 516096K
}
Event: 12243.695 GC heap after
{Heap after GC invocations=171 (full 0):
 garbage-first heap   total 273408K, used 144056K [0x0000000080000000, 0x0000000100000000)
  region size 1024K, 1 young (1024K), 1 survivors (1024K)
 Metaspace       used 111575K, capacity 114180K, committed 127700K, reserved 626688K
  class space    used 14042K, capacity 15030K, committed 17612K, reserved 516096K
}
Event: 12739.436 GC heap before
{Heap before GC invocations=171 (full 0):
 garbage-first heap   total 273408K, used 156344K [0x0000000080000000, 0x0000000100000000)
  region size 1024K, 13 young (13312K), 1 survivors (1024K)
 Metaspace       used 111575K, capacity 114180K, committed 127700K, reserved 626688K
  class space    used 14042K, capacity 15030K, committed 17612K, reserved 516096K
}
Event: 12739.467 GC heap after
{Heap after GC invocations=172 (full 0):
 garbage-first heap   total 273408K, used 132398K [0x0000000080000000, 0x0000000100000000)
  region size 1024K, 1 young (1024K), 1 survivors (1024K)
 Metaspace       used 111575K, capacity 114180K, committed 127700K, reserved 626688K
  class space    used 14042K, capacity 15030K, committed 17612K, reserved 516096K
}
Event: 13239.435 GC heap before
{Heap before GC invocations=172 (full 0):
 garbage-first heap   total 273408K, used 144686K [0x0000000080000000, 0x0000000100000000)
  region size 1024K, 13 young (13312K), 1 survivors (1024K)
 Metaspace       used 111575K, capacity 114180K, committed 127700K, reserved 626688K
  class space    used 14042K, capacity 15030K, committed 17612K, reserved 516096K
}
Event: 13239.465 GC heap after
{Heap after GC invocations=173 (full 0):
 garbage-first heap   total 273408K, used 124805K [0x0000000080000000, 0x0000000100000000)
  region size 1024K, 1 young (1024K), 1 survivors (1024K)
 Metaspace       used 111575K, capacity 114180K, committed 127700K, reserved 626688K
  class space    used 14042K, capacity 15030K, committed 17612K, reserved 516096K
}
Event: 16669.435 GC heap before
{Heap before GC invocations=173 (full 0):
 garbage-first heap   total 273408K, used 208773K [0x0000000080000000, 0x0000000100000000)
  region size 1024K, 83 young (84992K), 1 survivors (1024K)
 Metaspace       used 111575K, capacity 114180K, committed 127700K, reserved 626688K
  class space    used 14042K, capacity 15030K, committed 17612K, reserved 516096K
}
Event: 16669.443 GC heap after
{Heap after GC invocations=174 (full 0):
 garbage-first heap   total 273408K, used 124808K [0x0000000080000000, 0x0000000100000000)
  region size 1024K, 1 young (1024K), 1 survivors (1024K)
 Metaspace       used 111575K, capacity 114180K, committed 127700K, reserved 626688K
  class space    used 14042K, capacity 15030K, committed 17612K, reserved 516096K
}
Event: 20559.448 GC heap before
{Heap before GC invocations=175 (full 0):
 garbage-first heap   total 273408K, used 217992K [0x0000000080000000, 0x0000000100000000)
  region size 1024K, 94 young (96256K), 1 survivors (1024K)
 Metaspace       used 111538K, capacity 114114K, committed 127700K, reserved 626688K
  class space    used 14029K, capacity 15008K, committed 17612K, reserved 516096K
}
Event: 20559.452 GC heap after
{Heap after GC invocations=176 (full 0):
 garbage-first heap   total 273408K, used 122788K [0x0000000080000000, 0x0000000100000000)
  region size 1024K, 1 young (1024K), 1 survivors (1024K)
 Metaspace       used 111538K, capacity 114114K, committed 127700K, reserved 626688K
  class space    used 14029K, capacity 15008K, committed 17612K, reserved 516096K
}
Event: 20569.958 GC heap before
{Heap before GC invocations=176 (full 0):
 garbage-first heap   total 273408K, used 135076K [0x0000000080000000, 0x0000000100000000)
  region size 1024K, 13 young (13312K), 1 survivors (1024K)
 Metaspace       used 111580K, capacity 114144K, committed 127700K, reserved 626688K
  class space    used 14036K, capacity 15018K, committed 17612K, reserved 516096K
}
Event: 20569.991 GC heap after
{Heap after GC invocations=177 (full 0):
 garbage-first heap   total 273408K, used 111723K [0x0000000080000000, 0x0000000100000000)
  region size 1024K, 2 young (2048K), 2 survivors (2048K)
 Metaspace       used 111580K, capacity 114144K, committed 127700K, reserved 626688K
  class space    used 14036K, capacity 15018K, committed 17612K, reserved 516096K
}
Event: 20598.168 GC heap before
{Heap before GC invocations=177 (full 0):
 garbage-first heap   total 273408K, used 222315K [0x0000000080000000, 0x0000000100000000)
  region size 1024K, 110 young (112640K), 2 survivors (2048K)
 Metaspace       used 119814K, capacity 122734K, committed 127700K, reserved 626688K
  class space    used 15118K, capacity 16227K, committed 17612K, reserved 516096K
}
Event: 20598.229 GC heap after
{Heap after GC invocations=178 (full 0):
 garbage-first heap   total 273408K, used 120291K [0x0000000080000000, 0x0000000100000000)
  region size 1024K, 10 young (10240K), 10 survivors (10240K)
 Metaspace       used 119814K, capacity 122734K, committed 127700K, reserved 626688K
  class space    used 15118K, capacity 16227K, committed 17612K, reserved 516096K
}
Event: 20603.957 GC heap before
{Heap before GC invocations=179 (full 0):
 garbage-first heap   total 273408K, used 230883K [0x0000000080000000, 0x0000000100000000)
  region size 1024K, 110 young (112640K), 10 survivors (10240K)
 Metaspace       used 127875K, capacity 130929K, committed 132564K, reserved 632832K
  class space    used 16104K, capacity 17277K, committed 17868K, reserved 516096K
}
Event: 20604.068 GC heap after
{Heap after GC invocations=180 (full 0):
 garbage-first heap   total 273408K, used 129548K [0x0000000080000000, 0x0000000100000000)
  region size 1024K, 10 young (10240K), 10 survivors (10240K)
 Metaspace       used 127875K, capacity 130929K, committed 132564K, reserved 632832K
  class space    used 16104K, capacity 17277K, committed 17868K, reserved 516096K
}

Deoptimization events (20 events):
Event: 20601.170 Thread 0x000001d1ccdf3000 DEOPT PACKING pc=0x000001d1b9b327a0 sp=0x00000093003f65e0
Event: 20601.170 Thread 0x000001d1ccdf3000 DEOPT UNPACKING pc=0x000001d1b1e4a1af sp=0x00000093003f64f0 mode 2
Event: 20601.174 Thread 0x000001d1ccdf3000 Uncommon trap: trap_request=0xffffff7e fr.pc=0x000001d1b99092f4 relative=0x00000000000001b4
Event: 20601.174 Thread 0x000001d1ccdf3000 Uncommon trap: reason=predicate action=maybe_recompile pc=0x000001d1b99092f4 method=sun.util.calendar.ZoneInfo.getTransitionIndex(JI)I @ 16 c2
Event: 20601.174 Thread 0x000001d1ccdf3000 DEOPT PACKING pc=0x000001d1b99092f4 sp=0x00000093003f6540
Event: 20601.174 Thread 0x000001d1ccdf3000 DEOPT UNPACKING pc=0x000001d1b1e4a1af sp=0x00000093003f6418 mode 2
Event: 20601.174 Thread 0x000001d1ccdf3000 Uncommon trap: trap_request=0xffffff4d fr.pc=0x000001d1b9a7a0ec relative=0x000000000000020c
Event: 20601.174 Thread 0x000001d1ccdf3000 Uncommon trap: reason=unstable_if action=reinterpret pc=0x000001d1b9a7a0ec method=java.util.Calendar.setTimeInMillis(J)V @ 27 c2
Event: 20601.174 Thread 0x000001d1ccdf3000 DEOPT PACKING pc=0x000001d1b9a7a0ec sp=0x00000093003f6730
Event: 20601.174 Thread 0x000001d1ccdf3000 DEOPT UNPACKING pc=0x000001d1b1e4a1af sp=0x00000093003f66d0 mode 2
Event: 20601.178 Thread 0x000001d1ccdf3000 Uncommon trap: trap_request=0xffffff7e fr.pc=0x000001d1b9b52e10 relative=0x00000000000000f0
Event: 20601.178 Thread 0x000001d1ccdf3000 Uncommon trap: reason=predicate action=maybe_recompile pc=0x000001d1b9b52e10 method=sun.util.calendar.ZoneInfo.getTransitionIndex(JI)I @ 16 c2
Event: 20601.178 Thread 0x000001d1ccdf3000 DEOPT PACKING pc=0x000001d1b9b52e10 sp=0x00000093003f64b0
Event: 20601.178 Thread 0x000001d1ccdf3000 DEOPT UNPACKING pc=0x000001d1b1e4a1af sp=0x00000093003f6418 mode 2
Event: 20601.212 Thread 0x000001d1ccdf3000 DEOPT PACKING pc=0x000001d1b3196bbc sp=0x00000093003f7780
Event: 20601.212 Thread 0x000001d1ccdf3000 DEOPT UNPACKING pc=0x000001d1b1e4a95e sp=0x00000093003f6c40 mode 0
Event: 20604.069 Thread 0x000001d1ccdf3000 Uncommon trap: trap_request=0xffffffde fr.pc=0x000001d1b9ce7c5c relative=0x000000000000029c
Event: 20604.069 Thread 0x000001d1ccdf3000 Uncommon trap: reason=class_check action=maybe_recompile pc=0x000001d1b9ce7c5c method=com.google.common.collect.ComparatorOrdering.compare(Ljava/lang/Object;Ljava/lang/Object;)I @ 6 c2
Event: 20604.069 Thread 0x000001d1ccdf3000 DEOPT PACKING pc=0x000001d1b9ce7c5c sp=0x00000093003f6a50
Event: 20604.069 Thread 0x000001d1ccdf3000 DEOPT UNPACKING pc=0x000001d1b1e4a1af sp=0x00000093003f69c8 mode 2

Classes redefined (0 events):
No events

Internal exceptions (20 events):
Event: 20600.501 Thread 0x000001d1ccdf3000 Exception <a 'java/security/PrivilegedActionException'{0x000000008e41f300}> (0x000000008e41f300) thrown at [./src/hotspot/share/prims/jvm.cpp, line 1306]
Event: 20600.501 Thread 0x000001d1ccdf3000 Exception <a 'java/security/PrivilegedActionException'{0x000000008e4224d8}> (0x000000008e4224d8) thrown at [./src/hotspot/share/prims/jvm.cpp, line 1306]
Event: 20600.501 Thread 0x000001d1ccdf3000 Exception <a 'java/security/PrivilegedActionException'{0x000000008e423a40}> (0x000000008e423a40) thrown at [./src/hotspot/share/prims/jvm.cpp, line 1306]
Event: 20600.502 Thread 0x000001d1ccdf3000 Exception <a 'java/security/PrivilegedActionException'{0x000000008e426c50}> (0x000000008e426c50) thrown at [./src/hotspot/share/prims/jvm.cpp, line 1306]
Event: 20600.502 Thread 0x000001d1ccdf3000 Exception <a 'java/security/PrivilegedActionException'{0x000000008e4281b8}> (0x000000008e4281b8) thrown at [./src/hotspot/share/prims/jvm.cpp, line 1306]
Event: 20600.502 Thread 0x000001d1ccdf3000 Exception <a 'java/security/PrivilegedActionException'{0x000000008e42b338}> (0x000000008e42b338) thrown at [./src/hotspot/share/prims/jvm.cpp, line 1306]
Event: 20600.502 Thread 0x000001d1ccdf3000 Exception <a 'java/security/PrivilegedActionException'{0x000000008e42c8a0}> (0x000000008e42c8a0) thrown at [./src/hotspot/share/prims/jvm.cpp, line 1306]
Event: 20600.538 Thread 0x000001d1ccdf3000 Exception <a 'java/security/PrivilegedActionException'{0x000000008e4a5ad0}> (0x000000008e4a5ad0) thrown at [./src/hotspot/share/prims/jvm.cpp, line 1306]
Event: 20600.539 Thread 0x000001d1ccdf3000 Exception <a 'java/security/PrivilegedActionException'{0x000000008e4a7038}> (0x000000008e4a7038) thrown at [./src/hotspot/share/prims/jvm.cpp, line 1306]
Event: 20600.539 Thread 0x000001d1ccdf3000 Exception <a 'java/security/PrivilegedActionException'{0x000000008e4aa1b8}> (0x000000008e4aa1b8) thrown at [./src/hotspot/share/prims/jvm.cpp, line 1306]
Event: 20600.539 Thread 0x000001d1ccdf3000 Exception <a 'java/security/PrivilegedActionException'{0x000000008e4ab720}> (0x000000008e4ab720) thrown at [./src/hotspot/share/prims/jvm.cpp, line 1306]
Event: 20600.539 Thread 0x000001d1ccdf3000 Exception <a 'java/security/PrivilegedActionException'{0x000000008e4ae960}> (0x000000008e4ae960) thrown at [./src/hotspot/share/prims/jvm.cpp, line 1306]
Event: 20600.539 Thread 0x000001d1ccdf3000 Exception <a 'java/security/PrivilegedActionException'{0x000000008e4afec8}> (0x000000008e4afec8) thrown at [./src/hotspot/share/prims/jvm.cpp, line 1306]
Event: 20600.540 Thread 0x000001d1ccdf3000 Exception <a 'java/security/PrivilegedActionException'{0x000000008e4b3078}> (0x000000008e4b3078) thrown at [./src/hotspot/share/prims/jvm.cpp, line 1306]
Event: 20600.540 Thread 0x000001d1ccdf3000 Exception <a 'java/security/PrivilegedActionException'{0x000000008e4b45e0}> (0x000000008e4b45e0) thrown at [./src/hotspot/share/prims/jvm.cpp, line 1306]
Event: 20600.540 Thread 0x000001d1ccdf3000 Exception <a 'java/security/PrivilegedActionException'{0x000000008e4b77b8}> (0x000000008e4b77b8) thrown at [./src/hotspot/share/prims/jvm.cpp, line 1306]
Event: 20600.540 Thread 0x000001d1ccdf3000 Exception <a 'java/security/PrivilegedActionException'{0x000000008e4b8d20}> (0x000000008e4b8d20) thrown at [./src/hotspot/share/prims/jvm.cpp, line 1306]
Event: 20600.540 Thread 0x000001d1ccdf3000 Exception <a 'java/security/PrivilegedActionException'{0x000000008e4bbf60}> (0x000000008e4bbf60) thrown at [./src/hotspot/share/prims/jvm.cpp, line 1306]
Event: 20600.540 Thread 0x000001d1ccdf3000 Exception <a 'java/security/PrivilegedActionException'{0x000000008e4bd4c8}> (0x000000008e4bd4c8) thrown at [./src/hotspot/share/prims/jvm.cpp, line 1306]
Event: 20603.619 Thread 0x000001d1ccdf3000 Exception <a 'sun/nio/fs/WindowsException'{0x000000008989b520}> (0x000000008989b520) thrown at [./src/hotspot/share/prims/jni.cpp, line 617]

Events (20 events):
Event: 20602.177 Thread 0x000001d1c903d000 flushing nmethod 0x000001d1b40c0110
Event: 20602.178 Thread 0x000001d1c903d000 flushing nmethod 0x000001d1b4156710
Event: 20602.178 Thread 0x000001d1c903d000 flushing nmethod 0x000001d1b4157290
Event: 20602.178 Thread 0x000001d1c903d000 flushing nmethod 0x000001d1b4157790
Event: 20602.178 Thread 0x000001d1c903d000 flushing nmethod 0x000001d1b4168890
Event: 20602.178 Thread 0x000001d1c903d000 flushing nmethod 0x000001d1b4168c10
Event: 20602.180 Thread 0x000001d1c903d000 flushing nmethod 0x000001d1b42af990
Event: 20602.185 Thread 0x000001d1c903d000 flushing nmethod 0x000001d1b4683190
Event: 20602.185 Thread 0x000001d1c903d000 flushing nmethod 0x000001d1b4683990
Event: 20602.185 Thread 0x000001d1c903d000 flushing nmethod 0x000001d1b4684110
Event: 20602.185 Thread 0x000001d1c903d000 flushing nmethod 0x000001d1b4685810
Event: 20602.467 Executing VM operation: RevokeBias
Event: 20602.467 Executing VM operation: RevokeBias done
Event: 20603.430 Executing VM operation: RevokeBias
Event: 20603.430 Executing VM operation: RevokeBias done
Event: 20603.432 Executing VM operation: RevokeBias
Event: 20603.432 Executing VM operation: RevokeBias done
Event: 20603.597 Thread 0x000001d1cba33000 Thread added: 0x000001d1cba33000
Event: 20603.957 Executing VM operation: G1CollectForAllocation
Event: 20604.068 Executing VM operation: G1CollectForAllocation done


Dynamic libraries:
0x00007ff600d40000 - 0x00007ff600d4d000 	C:\Program Files\Microsoft\jdk-11.0.18.10-hotspot\bin\java.exe
0x00007ffaff430000 - 0x00007ffaff628000 	C:\WINDOWS\SYSTEM32\ntdll.dll
0x00007ffad0fd0000 - 0x00007ffad0fe9000 	C:\Program Files\AVAST Software\Avast\aswhook.dll
0x00007ffafe390000 - 0x00007ffafe44f000 	C:\WINDOWS\System32\KERNEL32.DLL
0x00007ffafcb10000 - 0x00007ffafce06000 	C:\WINDOWS\System32\KERNELBASE.dll
0x00007ffafce60000 - 0x00007ffafcf60000 	C:\WINDOWS\System32\ucrtbase.dll
0x00007ffad14b0000 - 0x00007ffad14c7000 	C:\Program Files\Microsoft\jdk-11.0.18.10-hotspot\bin\jli.dll
0x00007ffacff90000 - 0x00007ffacffa5000 	C:\Program Files\Microsoft\jdk-11.0.18.10-hotspot\bin\VCRUNTIME140.dll
0x00007ffafda70000 - 0x00007ffafdc0d000 	C:\WINDOWS\System32\USER32.dll
0x00007ffafcf60000 - 0x00007ffafcf82000 	C:\WINDOWS\System32\win32u.dll
0x00007ffaea6b0000 - 0x00007ffaea94a000 	C:\WINDOWS\WinSxS\amd64_microsoft.windows.common-controls_6595b64144ccf1df_6.0.19041.1110_none_60b5254171f9507e\COMCTL32.dll
0x00007ffafd940000 - 0x00007ffafd96c000 	C:\WINDOWS\System32\GDI32.dll
0x00007ffafd570000 - 0x00007ffafd60e000 	C:\WINDOWS\System32\msvcrt.dll
0x00007ffafd2d0000 - 0x00007ffafd3e5000 	C:\WINDOWS\System32\gdi32full.dll
0x00007ffafd3f0000 - 0x00007ffafd48d000 	C:\WINDOWS\System32\msvcp_win.dll
0x00007ffaff220000 - 0x00007ffaff250000 	C:\WINDOWS\System32\IMM32.DLL
0x00007ffac0800000 - 0x00007ffac089b000 	C:\Program Files\Microsoft\jdk-11.0.18.10-hotspot\bin\msvcp140.dll
0x00007ffa8ca90000 - 0x00007ffa8d622000 	C:\Program Files\Microsoft\jdk-11.0.18.10-hotspot\bin\server\jvm.dll
0x00007ffafef90000 - 0x00007ffaff03f000 	C:\WINDOWS\System32\ADVAPI32.dll
0x00007ffafeef0000 - 0x00007ffafef8c000 	C:\WINDOWS\System32\sechost.dll
0x00007ffafe990000 - 0x00007ffafeab6000 	C:\WINDOWS\System32\RPCRT4.dll
0x00007ffafe370000 - 0x00007ffafe378000 	C:\WINDOWS\System32\PSAPI.DLL
0x00007ffae7cf0000 - 0x00007ffae7cf9000 	C:\WINDOWS\SYSTEM32\WSOCK32.dll
0x00007ffafe450000 - 0x00007ffafe4bb000 	C:\WINDOWS\System32\WS2_32.dll
0x00007ffad9d60000 - 0x00007ffad9d87000 	C:\WINDOWS\SYSTEM32\WINMM.dll
0x00007ffaf4330000 - 0x00007ffaf433a000 	C:\WINDOWS\SYSTEM32\VERSION.dll
0x00007ffafa9c0000 - 0x00007ffafa9d2000 	C:\WINDOWS\SYSTEM32\kernel.appcore.dll
0x00007ffaf7240000 - 0x00007ffaf7250000 	C:\Program Files\Microsoft\jdk-11.0.18.10-hotspot\bin\verify.dll
0x00007ffafa0d0000 - 0x00007ffafa2b4000 	C:\WINDOWS\SYSTEM32\DBGHELP.DLL
0x00007ffaf29b0000 - 0x00007ffaf29e4000 	C:\WINDOWS\SYSTEM32\dbgcore.DLL
0x00007ffafd070000 - 0x00007ffafd0f2000 	C:\WINDOWS\System32\bcryptPrimitives.dll
0x00007ffac65e0000 - 0x00007ffac6608000 	C:\Program Files\Microsoft\jdk-11.0.18.10-hotspot\bin\java.dll
0x00007ffad5220000 - 0x00007ffad522a000 	C:\Program Files\Microsoft\jdk-11.0.18.10-hotspot\bin\jimage.dll
0x00007ffac7cb0000 - 0x00007ffac7cc8000 	C:\Program Files\Microsoft\jdk-11.0.18.10-hotspot\bin\zip.dll
0x00007ffafdc10000 - 0x00007ffafe354000 	C:\WINDOWS\System32\SHELL32.dll
0x00007ffafabc0000 - 0x00007ffafb353000 	C:\WINDOWS\SYSTEM32\windows.storage.dll
0x00007ffafeb90000 - 0x00007ffafeee4000 	C:\WINDOWS\System32\combase.dll
0x00007ffafc560000 - 0x00007ffafc58e000 	C:\WINDOWS\SYSTEM32\Wldp.dll
0x00007ffaff040000 - 0x00007ffaff0ed000 	C:\WINDOWS\System32\SHCORE.dll
0x00007ffafd7c0000 - 0x00007ffafd815000 	C:\WINDOWS\System32\shlwapi.dll
0x00007ffafca50000 - 0x00007ffafca6f000 	C:\WINDOWS\SYSTEM32\profapi.dll
0x00007ffac7630000 - 0x00007ffac7649000 	C:\Program Files\Microsoft\jdk-11.0.18.10-hotspot\bin\net.dll
0x00007ffaec740000 - 0x00007ffaec84a000 	C:\WINDOWS\SYSTEM32\WINHTTP.dll
0x00007ffafc2c0000 - 0x00007ffafc32a000 	C:\WINDOWS\system32\mswsock.dll
0x00007ffac5b20000 - 0x00007ffac5b33000 	C:\Program Files\Microsoft\jdk-11.0.18.10-hotspot\bin\nio.dll
0x00007ffac32d0000 - 0x00007ffac32f7000 	C:\Users\Valeria\.gradle\native\e1d6ef7f7dcc3fd88c89a11ec53ec762bb8ba0a96d01ffa2cd45eb1d1d8dd5c5\windows-amd64\native-platform.dll
0x00007ffaba980000 - 0x00007ffabaac4000 	C:\Users\Valeria\.gradle\native\0d407fdbe67a94daf76414ababcb853783967236a71b16ec16e742cd7a986fd3\windows-amd64\native-platform-file-events.dll
0x00007ffad20a0000 - 0x00007ffad20a9000 	C:\Program Files\Microsoft\jdk-11.0.18.10-hotspot\bin\management.dll
0x00007ffad1450000 - 0x00007ffad145b000 	C:\Program Files\Microsoft\jdk-11.0.18.10-hotspot\bin\management_ext.dll
0x00007ffafc4c0000 - 0x00007ffafc4d8000 	C:\WINDOWS\SYSTEM32\CRYPTSP.dll
0x00007ffafbb70000 - 0x00007ffafbba4000 	C:\WINDOWS\system32\rsaenh.dll
0x00007ffafd040000 - 0x00007ffafd067000 	C:\WINDOWS\System32\bcrypt.dll
0x00007ffafca10000 - 0x00007ffafca3e000 	C:\WINDOWS\SYSTEM32\USERENV.dll
0x00007ffafc4b0000 - 0x00007ffafc4bc000 	C:\WINDOWS\SYSTEM32\CRYPTBASE.dll
0x00007ffafbf60000 - 0x00007ffafbf9c000 	C:\WINDOWS\SYSTEM32\IPHLPAPI.DLL
0x00007ffafe360000 - 0x00007ffafe368000 	C:\WINDOWS\System32\NSI.dll
0x00007ffaf02b0000 - 0x00007ffaf02c7000 	C:\WINDOWS\SYSTEM32\dhcpcsvc6.DLL
0x00007ffaf0630000 - 0x00007ffaf064d000 	C:\WINDOWS\SYSTEM32\dhcpcsvc.DLL
0x00007ffafbfa0000 - 0x00007ffafc06a000 	C:\WINDOWS\SYSTEM32\DNSAPI.dll
0x00007ffae9f90000 - 0x00007ffae9f9a000 	C:\Windows\System32\rasadhlp.dll
0x00007ffaea620000 - 0x00007ffaea6a2000 	C:\WINDOWS\System32\fwpuclnt.dll
0x00007ffad1520000 - 0x00007ffad152e000 	C:\Program Files\Microsoft\jdk-11.0.18.10-hotspot\bin\sunmscapi.dll
0x00007ffafd100000 - 0x00007ffafd25e000 	C:\WINDOWS\System32\CRYPT32.dll
0x00007ffafc5d0000 - 0x00007ffafc5f8000 	C:\WINDOWS\SYSTEM32\ncrypt.dll
0x00007ffafc590000 - 0x00007ffafc5cb000 	C:\WINDOWS\SYSTEM32\NTASN1.dll
0x00007ffad14f0000 - 0x00007ffad1515000 	C:\Program Files\Microsoft\jdk-11.0.18.10-hotspot\bin\sunec.dll

dbghelp: loaded successfully - version: 4.0.5 - missing functions: none
symbol engine: initialized successfully - sym options: 0x614 - pdb path: .;C:\Program Files\Microsoft\jdk-11.0.18.10-hotspot\bin;C:\WINDOWS\SYSTEM32;C:\Program Files\AVAST Software\Avast;C:\WINDOWS\WinSxS\amd64_microsoft.windows.common-controls_6595b64144ccf1df_6.0.19041.1110_none_60b5254171f9507e;C:\Program Files\Microsoft\jdk-11.0.18.10-hotspot\bin\server;C:\Users\Valeria\.gradle\native\e1d6ef7f7dcc3fd88c89a11ec53ec762bb8ba0a96d01ffa2cd45eb1d1d8dd5c5\windows-amd64;C:\Users\Valeria\.gradle\native\0d407fdbe67a94daf76414ababcb853783967236a71b16ec16e742cd7a986fd3\windows-amd64

VM Arguments:
jvm_args: -XX:MaxMetaspaceSize=512m --add-opens=java.base/java.util=ALL-UNNAMED --add-opens=java.base/java.lang=ALL-UNNAMED --add-opens=java.base/java.lang.invoke=ALL-UNNAMED --add-opens=java.base/java.util=ALL-UNNAMED --add-opens=java.prefs/java.util.prefs=ALL-UNNAMED --add-opens=java.prefs/java.util.prefs=ALL-UNNAMED --add-opens=java.base/java.nio.charset=ALL-UNNAMED --add-opens=java.base/java.net=ALL-UNNAMED --add-opens=java.base/java.util.concurrent.atomic=ALL-UNNAMED -Xmx2048m -Dfile.encoding=windows-1252 -Duser.country=AR -Duser.language=es -Duser.variant 
java_command: org.gradle.launcher.daemon.bootstrap.GradleDaemon 7.5.1
java_class_path (initial): C:\Users\Valeria\.gradle\wrapper\dists\gradle-7.5.1-all\1ehga6e77gqps5uk2kc5kf1vc\gradle-7.5.1\lib\gradle-launcher-7.5.1.jar
Launcher Type: SUN_STANDARD

[Global flags]
     intx CICompilerCount                          = 3                                         {product} {ergonomic}
   size_t CompressedClassSpaceSize                 = 528482304                                 {product} {ergonomic}
     uint ConcGCThreads                            = 1                                         {product} {ergonomic}
     uint G1ConcRefinementThreads                  = 4                                         {product} {ergonomic}
   size_t G1HeapRegionSize                         = 1048576                                   {product} {ergonomic}
    uintx GCDrainStackTargetSize                   = 64                                        {product} {ergonomic}
   size_t InitialHeapSize                          = 134217728                                 {product} {ergonomic}
   size_t MarkStackSize                            = 4194304                                   {product} {ergonomic}
   size_t MaxHeapSize                              = 2147483648                                {product} {command line}
   size_t MaxMetaspaceSize                         = 536870912                                 {product} {command line}
   size_t MaxNewSize                               = 1287651328                                {product} {ergonomic}
   size_t MinHeapDeltaBytes                        = 1048576                                   {product} {ergonomic}
    uintx NonNMethodCodeHeapSize                   = 5830732                                {pd product} {ergonomic}
    uintx NonProfiledCodeHeapSize                  = 122913754                              {pd product} {ergonomic}
    uintx ProfiledCodeHeapSize                     = 122913754                              {pd product} {ergonomic}
    uintx ReservedCodeCacheSize                    = 251658240                              {pd product} {ergonomic}
     bool SegmentedCodeCache                       = true                                      {product} {ergonomic}
     bool UseCompressedClassPointers               = true                                 {lp64_product} {ergonomic}
     bool UseCompressedOops                        = true                                 {lp64_product} {ergonomic}
     bool UseG1GC                                  = true                                      {product} {ergonomic}
     bool UseLargePagesIndividualAllocation        = false                                  {pd product} {ergonomic}

Logging:
Log output configuration:
 #0: stdout all=warning uptime,level,tags
 #1: stderr all=off uptime,level,tags

Environment Variables:
JAVA_HOME=C:\Program Files\Microsoft\jdk-11.0.18.10-hotspot\
CLASSPATH=C:\Users\Valeria\Documents\GitHub\Front-TPO-DAPI1-Grupo04\android\\gradle\wrapper\gradle-wrapper.jar
PATH=C:\Users\Valeria\Documents\GitHub\Front-TPO-DAPI1-Grupo04\android\node_modules\.bin;C:\Users\Valeria\Documents\GitHub\Front-TPO-DAPI1-Grupo04\node_modules\.bin;C:\Users\Valeria\Documents\GitHub\node_modules\.bin;C:\Users\Valeria\Documents\node_modules\.bin;C:\Users\Valeria\node_modules\.bin;C:\Users\node_modules\.bin;C:\node_modules\.bin;C:\Program Files\nodejs;C:\Users\Valeria\Documents\GitHub\Front-TPO-DAPI1-Grupo04\node_modules\.bin;C:\Users\Valeria\Documents\GitHub\node_modules\.bin;C:\Users\Valeria\Documents\node_modules\.bin;C:\Users\Valeria\node_modules\.bin;C:\Users\node_modules\.bin;C:\node_modules\.bin;C:\Program Files\nodejs\node_modules\npm\node_modules\@npmcli\run-script\lib\node-gyp-bin;C:\Program Files\Microsoft\jdk-11.0.18.10-hotspot\bin;C:\WINDOWS\system32;C:\WINDOWS;C:\WINDOWS\System32\Wbem;C:\WINDOWS\System32\WindowsPowerShell\v1.0\;C:\WINDOWS\System32\OpenSSH\;C:\Program Files\Microsoft SQL Server\Client SDK\ODBC\170\Tools\Binn\;C:\Program Files (x86)\Microsoft SQL Server\150\Tools\Binn\;C:\Program Files\Microsoft SQL Server\150\Tools\Binn\;C:\Program Files\Microsoft SQL Server\150\DTS\Binn\;C:\Program Files (x86)\Microsoft SQL Server\150\DTS\Binn\;C:\Program Files\Azure Data Studio\bin;C:\Program Files\Git\cmd;C:\Program Files\nodejs\;C:\ProgramData\chocolatey\bin;C:\Users\Valeria\AppData\Local\Microsoft\WindowsApps;C:\Program Files\Azure Data Studio\bin;C:\Users\Valeria\AppData\Local\Programs\Microsoft VS Code\bin;C:\Users\Valeria\AppData\Local\GitHubDesktop\bin;C:\Users\Valeria\AppData\Roaming\npm;C:\Users\Valeria\AppData\Local\Android\Sdk\platform-tools;
USERNAME=Valeria
LANG=en_US.UTF-8
OS=Windows_NT
PROCESSOR_IDENTIFIER=Intel64 Family 6 Model 142 Stepping 9, GenuineIntel
TMP=C:\Users\Valeria\AppData\Local\Temp
TEMP=C:\Users\Valeria\AppData\Local\Temp



---------------  S Y S T E M  ---------------

OS: Windows 10 , 64 bit Build 19041 (10.0.19041.3031)
OS uptime: 0 days 19:14 hours

CPU:total 4 (initial active 4) (2 cores per cpu, 2 threads per core) family 6 model 142 stepping 9 microcode 0xb4, cmov, cx8, fxsr, mmx, sse, sse2, sse3, ssse3, sse4.1, sse4.2, popcnt, avx, avx2, aes, clmul, erms, 3dnowpref, lzcnt, ht, tsc, tscinvbit, bmi1, bmi2, adx, fma

Memory: 4k page, system-wide physical 8072M (460M free)
TotalPageFile size 12072M (AvailPageFile size 7M)
current process WorkingSet (physical memory assigned to process): 467M, peak: 621M
current process commit charge ("private bytes"): 675M, peak: 676M

vm_info: OpenJDK 64-Bit Server VM (11.0.18+10-LTS) for windows-amd64 JRE (11.0.18+10-LTS), built on Jan 18 2023 15:56:47 by "MicrosoftCorporation" with MS VC++ 15.9 (VS2017)

END.
