#
# There is insufficient memory for the Java Runtime Environment to continue.
# Native memory allocation (malloc) failed to allocate 1043856 bytes for Chunk::new
# Possible reasons:
#   The system is out of physical RAM or swap space
#   The process is running with CompressedOops enabled, and the Java Heap may be blocking the growth of the native heap
# Possible solutions:
#   Reduce memory load on the system
#   Increase physical memory or swap space
#   Check if swap backing store is full
#   Decrease Java heap size (-Xmx/-Xms)
#   Decrease number of Java threads
#   Decrease Java thread stack sizes (-Xss)
#   Set larger code cache with -XX:ReservedCodeCacheSize=
#   JVM is running with Unscaled Compressed Oops mode in which the Java heap is
#     placed in the first 4GB address space. The Java Heap base address is the
#     maximum limit for the native heap growth. Please use -XX:HeapBaseMinAddress
#     to set the Java Heap base and to place the Java Heap above 4GB virtual address.
# This output file may be truncated or incomplete.
#
#  Out of Memory Error (./src/hotspot/share/memory/arena.cpp:197), pid=10492, tid=3260
#
# JRE version: OpenJDK Runtime Environment Microsoft-7208460 (11.0.18+10) (build 11.0.18+10-LTS)
# Java VM: OpenJDK 64-Bit Server VM Microsoft-7208460 (11.0.18+10-LTS, mixed mode, tiered, compressed oops, g1 gc, windows-amd64)
# No core dump will be written. Minidumps are not enabled by default on client versions of Windows
#

---------------  S U M M A R Y ------------

Command Line: -XX:MaxMetaspaceSize=512m --add-opens=java.base/java.util=ALL-UNNAMED --add-opens=java.base/java.lang=ALL-UNNAMED --add-opens=java.base/java.lang.invoke=ALL-UNNAMED --add-opens=java.base/java.util=ALL-UNNAMED --add-opens=java.prefs/java.util.prefs=ALL-UNNAMED --add-opens=java.prefs/java.util.prefs=ALL-UNNAMED --add-opens=java.base/java.nio.charset=ALL-UNNAMED --add-opens=java.base/java.net=ALL-UNNAMED --add-opens=java.base/java.util.concurrent.atomic=ALL-UNNAMED -Xmx2048m -Dfile.encoding=windows-1252 -Duser.country=AR -Duser.language=es -Duser.variant org.gradle.launcher.daemon.bootstrap.GradleDaemon 7.5.1

Host: Intel(R) Core(TM) i5-7200U CPU @ 2.50GHz, 4 cores, 7G,  Windows 10 , 64 bit Build 19041 (10.0.19041.3031)
Time: Mon Jun 26 15:13:41 2023 Hora estándar de Argentina elapsed time: 118.468385 seconds (0d 0h 1m 58s)

---------------  T H R E A D  ---------------

Current thread (0x0000026551b0e800):  JavaThread "C2 CompilerThread1" daemon [_thread_in_native, id=3260, stack(0x0000009932100000,0x0000009932200000)]


Current CompileTask:
C2: 118468 16870       4       org.gradle.api.internal.artifacts.transform.AttributeMatchingVariantSelector::doSelect (469 bytes)

Stack: [0x0000009932100000,0x0000009932200000]
Native frames: (J=compiled Java code, j=interpreted, Vv=VM code, C=native code)
V  [jvm.dll+0x62bf8a]
V  [jvm.dll+0x7b8fb9]
V  [jvm.dll+0x7ba6a8]
V  [jvm.dll+0x7bad83]
V  [jvm.dll+0x250248]
V  [jvm.dll+0xc260c]
V  [jvm.dll+0xc2bcc]
V  [jvm.dll+0x35e1c7]
V  [jvm.dll+0x19ede1]
V  [jvm.dll+0x209495]
V  [jvm.dll+0x20850d]
V  [jvm.dll+0x18a4b1]
V  [jvm.dll+0x217eec]
V  [jvm.dll+0x21612b]
V  [jvm.dll+0x77bac0]
V  [jvm.dll+0x7749f4]
V  [jvm.dll+0x62adf5]
C  [ucrtbase.dll+0x21bb2]
C  [KERNEL32.DLL+0x17614]
C  [ntdll.dll+0x526f1]


---------------  P R O C E S S  ---------------

Threads class SMR info:
_java_thread_list=0x00000265523cdc10, length=88, elements={
0x0000026525716800, 0x0000026543f6d800, 0x0000026543f6f800, 0x0000026543f6b000,
0x0000026543f7a800, 0x0000026543f7d800, 0x0000026543f81000, 0x0000026543f82000,
0x000002654495c000, 0x0000026544a5c800, 0x00000265464ac000, 0x0000026545c20800,
0x0000026545d84800, 0x0000026545934000, 0x0000026545935000, 0x0000026545c99800,
0x0000026545c9a000, 0x0000026545c9b000, 0x00000265454af800, 0x00000265454b0800,
0x0000026545e32800, 0x0000026545e38800, 0x0000026545e36000, 0x0000026545e33800,
0x0000026545e34800, 0x0000026545e39800, 0x0000026545e35000, 0x0000026545e37800,
0x0000026545e37000, 0x0000026544f14000, 0x0000026544f15800, 0x0000026544f15000,
0x0000026544f16800, 0x0000026544f11800, 0x0000026544f18000, 0x0000026544f12800,
0x0000026544f1b800, 0x0000026544f19000, 0x0000026544f1e000, 0x0000026544f1a800,
0x0000026544f19800, 0x0000026544f1c000, 0x0000026544f1e800, 0x0000026544f1d000,
0x00000265491ef000, 0x00000265491ee800, 0x00000265491f5800, 0x00000265491f3000,
0x00000265491f0800, 0x00000265491f0000, 0x00000265491f5000, 0x00000265491f7800,
0x00000265491f6800, 0x00000265491f4000, 0x00000265491f1800, 0x00000265491f8000,
0x00000265491f2800, 0x00000265491f9000, 0x00000265491fd000, 0x00000265491f9800,
0x00000265491fa800, 0x00000265491fb800, 0x00000265491fc000, 0x0000026547836800,
0x0000026547837800, 0x0000026547839000, 0x0000026547838000, 0x000002654783a000,
0x0000026547835000, 0x000002654783b800, 0x0000026547835800, 0x000002654783e000,
0x000002654783c000, 0x000002654783d000, 0x000002654783e800, 0x000002654783f800,
0x0000026547840800, 0x000002654783a800, 0x0000026547841000, 0x0000026547842000,
0x0000026547843000, 0x0000026547843800, 0x0000026546fec800, 0x0000026546fef800,
0x0000026546ff0800, 0x0000026546fed000, 0x0000026546fea800, 0x0000026551b0e800
}

Java Threads: ( => current thread )
  0x0000026525716800 JavaThread "main" [_thread_blocked, id=16716, stack(0x0000009932300000,0x0000009932400000)]
  0x0000026543f6d800 JavaThread "Reference Handler" daemon [_thread_blocked, id=13268, stack(0x0000009932a00000,0x0000009932b00000)]
  0x0000026543f6f800 JavaThread "Finalizer" daemon [_thread_blocked, id=11984, stack(0x0000009932b00000,0x0000009932c00000)]
  0x0000026543f6b000 JavaThread "Signal Dispatcher" daemon [_thread_blocked, id=11580, stack(0x0000009932c00000,0x0000009932d00000)]
  0x0000026543f7a800 JavaThread "Attach Listener" daemon [_thread_blocked, id=12172, stack(0x0000009932d00000,0x0000009932e00000)]
  0x0000026543f7d800 JavaThread "Service Thread" daemon [_thread_blocked, id=11412, stack(0x0000009932e00000,0x0000009932f00000)]
  0x0000026543f81000 JavaThread "C2 CompilerThread0" daemon [_thread_in_vm, id=16136, stack(0x0000009932f00000,0x0000009933000000)]
  0x0000026543f82000 JavaThread "C1 CompilerThread0" daemon [_thread_blocked, id=10520, stack(0x0000009933000000,0x0000009933100000)]
  0x000002654495c000 JavaThread "Sweeper thread" daemon [_thread_blocked, id=3716, stack(0x0000009933100000,0x0000009933200000)]
  0x0000026544a5c800 JavaThread "Common-Cleaner" daemon [_thread_blocked, id=15484, stack(0x0000009933200000,0x0000009933300000)]
  0x00000265464ac000 JavaThread "Daemon health stats" [_thread_blocked, id=16632, stack(0x0000009933600000,0x0000009933700000)]
  0x0000026545c20800 JavaThread "Incoming local TCP Connector on port 65136" [_thread_in_native, id=17044, stack(0x0000009933700000,0x0000009933800000)]
  0x0000026545d84800 JavaThread "Daemon periodic checks" [_thread_blocked, id=5264, stack(0x0000009933800000,0x0000009933900000)]
  0x0000026545934000 JavaThread "Daemon" [_thread_blocked, id=1220, stack(0x0000009933900000,0x0000009933a00000)]
  0x0000026545935000 JavaThread "Handler for socket connection from /127.0.0.1:65136 to /127.0.0.1:65138" [_thread_in_native, id=1584, stack(0x0000009933a00000,0x0000009933b00000)]
  0x0000026545c99800 JavaThread "Cancel handler" [_thread_blocked, id=3604, stack(0x0000009933b00000,0x0000009933c00000)]
  0x0000026545c9a000 JavaThread "Daemon worker" [_thread_blocked, id=14232, stack(0x0000009933c00000,0x0000009933d00000)]
  0x0000026545c9b000 JavaThread "Asynchronous log dispatcher for DefaultDaemonConnection: socket connection from /127.0.0.1:65136 to /127.0.0.1:65138" [_thread_blocked, id=7816, stack(0x0000009933d00000,0x0000009933e00000)]
  0x00000265454af800 JavaThread "Stdin handler" [_thread_blocked, id=14576, stack(0x0000009933e00000,0x0000009933f00000)]
  0x00000265454b0800 JavaThread "Daemon client event forwarder" [_thread_blocked, id=3520, stack(0x0000009933f00000,0x0000009934000000)]
  0x0000026545e32800 JavaThread "Cache worker for journal cache (C:\Users\Valeria\.gradle\caches\journal-1)" [_thread_blocked, id=14672, stack(0x0000009934200000,0x0000009934300000)]
  0x0000026545e38800 JavaThread "File lock request listener" [_thread_in_native, id=17332, stack(0x0000009934300000,0x0000009934400000)]
  0x0000026545e36000 JavaThread "Cache worker for file hash cache (C:\Users\Valeria\.gradle\caches\7.5.1\fileHashes)" [_thread_blocked, id=15476, stack(0x0000009934400000,0x0000009934500000)]
  0x0000026545e33800 JavaThread "File watcher server" daemon [_thread_in_native, id=15852, stack(0x0000009934600000,0x0000009934700000)]
  0x0000026545e34800 JavaThread "File watcher consumer" daemon [_thread_blocked, id=13340, stack(0x0000009934700000,0x0000009934800000)]
  0x0000026545e39800 JavaThread "Cache worker for checksums cache (C:\Users\Valeria\Documents\GitHub\Front-TPO-DAPI1-Grupo04\android\.gradle\7.5.1\checksums)" [_thread_blocked, id=11184, stack(0x0000009934500000,0x0000009934600000)]
  0x0000026545e35000 JavaThread "Cache worker for cache directory md-rule (C:\Users\Valeria\.gradle\caches\7.5.1\md-rule)" [_thread_blocked, id=15904, stack(0x0000009934800000,0x0000009934900000)]
  0x0000026545e37800 JavaThread "Cache worker for file content cache (C:\Users\Valeria\.gradle\caches\7.5.1\fileContent)" [_thread_blocked, id=17168, stack(0x0000009934900000,0x0000009934a00000)]
  0x0000026545e37000 JavaThread "Cache worker for file hash cache (C:\Users\Valeria\Documents\GitHub\Front-TPO-DAPI1-Grupo04\android\.gradle\7.5.1\fileHashes)" [_thread_blocked, id=12952, stack(0x0000009934a00000,0x0000009934b00000)]
  0x0000026544f14000 JavaThread "Cache worker for cache directory md-supplier (C:\Users\Valeria\.gradle\caches\7.5.1\md-supplier)" [_thread_blocked, id=16488, stack(0x0000009934b00000,0x0000009934c00000)]
  0x0000026544f15800 JavaThread "Cache worker for execution history cache (C:\Users\Valeria\.gradle\caches\7.5.1\executionHistory)" [_thread_blocked, id=16720, stack(0x0000009934c00000,0x0000009934d00000)]
  0x0000026544f15000 JavaThread "jar transforms" [_thread_blocked, id=14052, stack(0x0000009934e00000,0x0000009934f00000)]
  0x0000026544f16800 JavaThread "jar transforms Thread 2" [_thread_blocked, id=10664, stack(0x0000009934f00000,0x0000009935000000)]
  0x0000026544f11800 JavaThread "jar transforms Thread 3" [_thread_blocked, id=10412, stack(0x0000009934d00000,0x0000009934e00000)]
  0x0000026544f18000 JavaThread "jar transforms Thread 4" [_thread_blocked, id=7104, stack(0x0000009935000000,0x0000009935100000)]
  0x0000026544f12800 JavaThread "Cache worker for kotlin-dsl (C:\Users\Valeria\.gradle\caches\7.5.1\kotlin-dsl)" [_thread_blocked, id=10888, stack(0x0000009935100000,0x0000009935200000)]
  0x0000026544f1b800 JavaThread "Cache worker for dependencies-accessors (C:\Users\Valeria\Documents\GitHub\Front-TPO-DAPI1-Grupo04\android\.gradle\7.5.1\dependencies-accessors)" [_thread_blocked, id=2700, stack(0x0000009935200000,0x0000009935300000)]
  0x0000026544f19000 JavaThread "Cache worker for Build Output Cleanup Cache (C:\Users\Valeria\Documents\GitHub\Front-TPO-DAPI1-Grupo04\node_modules\react-native-gradle-plugin\.gradle\buildOutputCleanup)" [_thread_blocked, id=16076, stack(0x0000009935500000,0x0000009935600000)]
  0x0000026544f1e000 JavaThread "Unconstrained build operations" [_thread_blocked, id=1780, stack(0x0000009935700000,0x0000009935800000)]
  0x0000026544f1a800 JavaThread "Unconstrained build operations Thread 2" [_thread_blocked, id=1188, stack(0x0000009935800000,0x0000009935900000)]
  0x0000026544f19800 JavaThread "Unconstrained build operations Thread 3" [_thread_blocked, id=4920, stack(0x0000009935900000,0x0000009935a00000)]
  0x0000026544f1c000 JavaThread "Unconstrained build operations Thread 4" [_thread_blocked, id=10684, stack(0x0000009935a00000,0x0000009935b00000)]
  0x0000026544f1e800 JavaThread "Unconstrained build operations Thread 5" [_thread_blocked, id=252, stack(0x0000009935b00000,0x0000009935c00000)]
  0x0000026544f1d000 JavaThread "Unconstrained build operations Thread 6" [_thread_blocked, id=16900, stack(0x0000009935c00000,0x0000009935d00000)]
  0x00000265491ef000 JavaThread "Unconstrained build operations Thread 7" [_thread_blocked, id=15832, stack(0x0000009935d00000,0x0000009935e00000)]
  0x00000265491ee800 JavaThread "Unconstrained build operations Thread 8" [_thread_blocked, id=12636, stack(0x0000009935e00000,0x0000009935f00000)]
  0x00000265491f5800 JavaThread "Unconstrained build operations Thread 9" [_thread_blocked, id=6088, stack(0x0000009935f00000,0x0000009936000000)]
  0x00000265491f3000 JavaThread "Unconstrained build operations Thread 10" [_thread_blocked, id=8240, stack(0x0000009936000000,0x0000009936100000)]
  0x00000265491f0800 JavaThread "Unconstrained build operations Thread 11" [_thread_blocked, id=9976, stack(0x0000009936100000,0x0000009936200000)]
  0x00000265491f0000 JavaThread "Unconstrained build operations Thread 12" [_thread_blocked, id=17076, stack(0x0000009936200000,0x0000009936300000)]
  0x00000265491f5000 JavaThread "Unconstrained build operations Thread 13" [_thread_blocked, id=440, stack(0x0000009936300000,0x0000009936400000)]
  0x00000265491f7800 JavaThread "Unconstrained build operations Thread 14" [_thread_blocked, id=16892, stack(0x0000009936400000,0x0000009936500000)]
  0x00000265491f6800 JavaThread "Unconstrained build operations Thread 15" [_thread_blocked, id=11444, stack(0x0000009936500000,0x0000009936600000)]
  0x00000265491f4000 JavaThread "Unconstrained build operations Thread 16" [_thread_blocked, id=7580, stack(0x0000009936600000,0x0000009936700000)]
  0x00000265491f1800 JavaThread "Unconstrained build operations Thread 17" [_thread_blocked, id=13880, stack(0x0000009936700000,0x0000009936800000)]
  0x00000265491f8000 JavaThread "Unconstrained build operations Thread 18" [_thread_blocked, id=8512, stack(0x0000009936800000,0x0000009936900000)]
  0x00000265491f2800 JavaThread "Unconstrained build operations Thread 19" [_thread_blocked, id=15468, stack(0x0000009936900000,0x0000009936a00000)]
  0x00000265491f9000 JavaThread "Unconstrained build operations Thread 20" [_thread_blocked, id=14504, stack(0x0000009936a00000,0x0000009936b00000)]
  0x00000265491fd000 JavaThread "Unconstrained build operations Thread 21" [_thread_blocked, id=556, stack(0x0000009936b00000,0x0000009936c00000)]
  0x00000265491f9800 JavaThread "Unconstrained build operations Thread 22" [_thread_blocked, id=13484, stack(0x0000009936c00000,0x0000009936d00000)]
  0x00000265491fa800 JavaThread "Unconstrained build operations Thread 23" [_thread_blocked, id=11132, stack(0x0000009936d00000,0x0000009936e00000)]
  0x00000265491fb800 JavaThread "Unconstrained build operations Thread 24" [_thread_blocked, id=16456, stack(0x0000009936e00000,0x0000009936f00000)]
  0x00000265491fc000 JavaThread "Unconstrained build operations Thread 25" [_thread_blocked, id=10572, stack(0x0000009936f00000,0x0000009937000000)]
  0x0000026547836800 JavaThread "Unconstrained build operations Thread 26" [_thread_blocked, id=3320, stack(0x0000009937000000,0x0000009937100000)]
  0x0000026547837800 JavaThread "Unconstrained build operations Thread 27" [_thread_blocked, id=15620, stack(0x0000009937100000,0x0000009937200000)]
  0x0000026547839000 JavaThread "Unconstrained build operations Thread 28" [_thread_blocked, id=8012, stack(0x0000009937200000,0x0000009937300000)]
  0x0000026547838000 JavaThread "Unconstrained build operations Thread 29" [_thread_blocked, id=17012, stack(0x0000009937300000,0x0000009937400000)]
  0x000002654783a000 JavaThread "Unconstrained build operations Thread 30" [_thread_blocked, id=12868, stack(0x0000009937400000,0x0000009937500000)]
  0x0000026547835000 JavaThread "Unconstrained build operations Thread 31" [_thread_blocked, id=17208, stack(0x0000009937500000,0x0000009937600000)]
  0x000002654783b800 JavaThread "Unconstrained build operations Thread 32" [_thread_blocked, id=8536, stack(0x0000009937600000,0x0000009937700000)]
  0x0000026547835800 JavaThread "Unconstrained build operations Thread 33" [_thread_blocked, id=17060, stack(0x0000009937700000,0x0000009937800000)]
  0x000002654783e000 JavaThread "build event listener" [_thread_blocked, id=11772, stack(0x0000009937800000,0x0000009937900000)]
  0x000002654783c000 JavaThread "Memory manager" [_thread_blocked, id=10980, stack(0x0000009937900000,0x0000009937a00000)]
  0x000002654783d000 JavaThread "Cache worker for Build Output Cleanup Cache (C:\Users\Valeria\Documents\GitHub\Front-TPO-DAPI1-Grupo04\android\.gradle\buildOutputCleanup)" [_thread_blocked, id=4540, stack(0x0000009937a00000,0x0000009937b00000)]
  0x000002654783e800 JavaThread "included builds" [_thread_blocked, id=13400, stack(0x0000009937b00000,0x0000009937c00000)]
  0x000002654783f800 JavaThread "Execution worker" [_thread_blocked, id=8168, stack(0x0000009937c00000,0x0000009937d00000)]
  0x0000026547840800 JavaThread "Execution worker Thread 2" [_thread_blocked, id=10460, stack(0x0000009937d00000,0x0000009937e00000)]
  0x000002654783a800 JavaThread "Execution worker Thread 3" [_thread_blocked, id=12016, stack(0x0000009937e00000,0x0000009937f00000)]
  0x0000026547841000 JavaThread "Cache worker for execution history cache (C:\Users\Valeria\Documents\GitHub\Front-TPO-DAPI1-Grupo04\node_modules\react-native-gradle-plugin\.gradle\7.5.1\executionHistory)" [_thread_blocked, id=9268, stack(0x0000009937f00000,0x0000009938000000)]
  0x0000026547842000 JavaThread "Unconstrained build operations Thread 34" [_thread_blocked, id=5356, stack(0x0000009938000000,0x0000009938100000)]
  0x0000026547843000 JavaThread "Unconstrained build operations Thread 35" [_thread_blocked, id=11588, stack(0x0000009938100000,0x0000009938200000)]
  0x0000026547843800 JavaThread "Unconstrained build operations Thread 36" [_thread_blocked, id=15968, stack(0x0000009938200000,0x0000009938300000)]
  0x0000026546fec800 JavaThread "Unconstrained build operations Thread 37" [_thread_blocked, id=16884, stack(0x0000009938300000,0x0000009938400000)]
  0x0000026546fef800 JavaThread "Unconstrained build operations Thread 38" [_thread_blocked, id=11940, stack(0x0000009938400000,0x0000009938500000)]
  0x0000026546ff0800 JavaThread "Unconstrained build operations Thread 39" [_thread_blocked, id=7340, stack(0x0000009938500000,0x0000009938600000)]
  0x0000026546fed000 JavaThread "Unconstrained build operations Thread 40" [_thread_blocked, id=17308, stack(0x0000009938600000,0x0000009938700000)]
  0x0000026546fea800 JavaThread "Cache worker for execution history cache (C:\Users\Valeria\Documents\GitHub\Front-TPO-DAPI1-Grupo04\android\.gradle\7.5.1\executionHistory)" [_thread_blocked, id=13108, stack(0x0000009932200000,0x0000009932300000)]
=>0x0000026551b0e800 JavaThread "C2 CompilerThread1" daemon [_thread_in_native, id=3260, stack(0x0000009932100000,0x0000009932200000)]

Other Threads:
  0x0000026543f55800 VMThread "VM Thread" [stack: 0x0000009932900000,0x0000009932a00000] [id=5596]
  0x0000026544a85800 WatcherThread [stack: 0x0000009933300000,0x0000009933400000] [id=16164]
  0x0000026525730800 GCTaskThread "GC Thread#0" [stack: 0x0000009932400000,0x0000009932500000] [id=9196]
  0x0000026544edd000 GCTaskThread "GC Thread#1" [stack: 0x0000009933400000,0x0000009933500000] [id=10796]
  0x0000026545143000 GCTaskThread "GC Thread#2" [stack: 0x0000009933500000,0x0000009933600000] [id=6972]
  0x0000026544cf7800 GCTaskThread "GC Thread#3" [stack: 0x0000009934000000,0x0000009934100000] [id=7152]
  0x0000026525761800 ConcurrentGCThread "G1 Main Marker" [stack: 0x0000009932500000,0x0000009932600000] [id=12552]
  0x0000026525763000 ConcurrentGCThread "G1 Conc#0" [stack: 0x0000009932600000,0x0000009932700000] [id=4048]
  0x0000026543dd0800 ConcurrentGCThread "G1 Refine#0" [stack: 0x0000009932700000,0x0000009932800000] [id=9608]
  0x00000265462af800 ConcurrentGCThread "G1 Refine#1" [stack: 0x0000009934100000,0x0000009934200000] [id=16376]
  0x0000026543dd1000 ConcurrentGCThread "G1 Young RemSet Sampling" [stack: 0x0000009932800000,0x0000009932900000] [id=17092]

Threads with active compile tasks:
C2 CompilerThread1   118544 16870       4       org.gradle.api.internal.artifacts.transform.AttributeMatchingVariantSelector::doSelect (469 bytes)

VM state:not at safepoint (normal execution)

VM Mutex/Monitor currently owned by a thread: None

Heap address: 0x0000000080000000, size: 2048 MB, Compressed Oops mode: 32-bit
Narrow klass base: 0x0000000000000000, Narrow klass shift: 3
Compressed class space size: 528482304 Address: 0x0000000100000000

Heap:
 garbage-first heap   total 278528K, used 230436K [0x0000000080000000, 0x0000000100000000)
  region size 1024K, 24 young (24576K), 4 survivors (4096K)
 Metaspace       used 121362K, capacity 125815K, committed 126160K, reserved 626688K
  class space    used 15733K, capacity 17417K, committed 17536K, reserved 516096K
Heap Regions: E=young(eden), S=young(survivor), O=old, HS=humongous(starts), HC=humongous(continues), CS=collection set, F=free, A=archive, TAMS=top-at-mark-start (previous, next)
|   0|0x0000000080000000, 0x0000000080100000, 0x0000000080100000|100%|HS|  |TAMS 0x0000000080100000, 0x0000000080000000| Complete 
|   1|0x0000000080100000, 0x0000000080200000, 0x0000000080200000|100%|HC|  |TAMS 0x0000000080200000, 0x0000000080100000| Complete 
|   2|0x0000000080200000, 0x0000000080300000, 0x0000000080300000|100%|HC|  |TAMS 0x0000000080300000, 0x0000000080200000| Complete 
|   3|0x0000000080300000, 0x0000000080400000, 0x0000000080400000|100%| O|  |TAMS 0x0000000080400000, 0x0000000080300000| Untracked 
|   4|0x0000000080400000, 0x0000000080500000, 0x0000000080500000|100%| O|  |TAMS 0x0000000080500000, 0x0000000080400000| Untracked 
|   5|0x0000000080500000, 0x0000000080600000, 0x0000000080600000|100%| O|  |TAMS 0x0000000080600000, 0x0000000080500000| Untracked 
|   6|0x0000000080600000, 0x0000000080700000, 0x0000000080700000|100%| O|  |TAMS 0x0000000080700000, 0x0000000080600000| Untracked 
|   7|0x0000000080700000, 0x0000000080800000, 0x0000000080800000|100%| O|  |TAMS 0x0000000080800000, 0x0000000080700000| Untracked 
|   8|0x0000000080800000, 0x0000000080900000, 0x0000000080900000|100%| O|  |TAMS 0x0000000080900000, 0x0000000080800000| Untracked 
|   9|0x0000000080900000, 0x0000000080a00000, 0x0000000080a00000|100%| O|  |TAMS 0x0000000080a00000, 0x0000000080900000| Untracked 
|  10|0x0000000080a00000, 0x0000000080b00000, 0x0000000080b00000|100%| O|  |TAMS 0x0000000080b00000, 0x0000000080a00000| Untracked 
|  11|0x0000000080b00000, 0x0000000080c00000, 0x0000000080c00000|100%| O|  |TAMS 0x0000000080c00000, 0x0000000080b00000| Untracked 
|  12|0x0000000080c00000, 0x0000000080d00000, 0x0000000080d00000|100%| O|  |TAMS 0x0000000080d00000, 0x0000000080c00000| Untracked 
|  13|0x0000000080d00000, 0x0000000080e00000, 0x0000000080e00000|100%| O|  |TAMS 0x0000000080e00000, 0x0000000080d00000| Untracked 
|  14|0x0000000080e00000, 0x0000000080f00000, 0x0000000080f00000|100%| O|  |TAMS 0x0000000080f00000, 0x0000000080e00000| Untracked 
|  15|0x0000000080f00000, 0x0000000081000000, 0x0000000081000000|100%| O|  |TAMS 0x0000000081000000, 0x0000000080f00000| Untracked 
|  16|0x0000000081000000, 0x0000000081100000, 0x0000000081100000|100%| O|  |TAMS 0x0000000081100000, 0x0000000081000000| Untracked 
|  17|0x0000000081100000, 0x0000000081200000, 0x0000000081200000|100%| O|  |TAMS 0x0000000081200000, 0x0000000081100000| Untracked 
|  18|0x0000000081200000, 0x0000000081300000, 0x0000000081300000|100%| O|  |TAMS 0x0000000081300000, 0x0000000081200000| Untracked 
|  19|0x0000000081300000, 0x0000000081400000, 0x0000000081400000|100%| O|  |TAMS 0x0000000081400000, 0x0000000081300000| Untracked 
|  20|0x0000000081400000, 0x0000000081500000, 0x0000000081500000|100%| O|  |TAMS 0x0000000081500000, 0x0000000081400000| Untracked 
|  21|0x0000000081500000, 0x0000000081600000, 0x0000000081600000|100%| O|  |TAMS 0x0000000081600000, 0x0000000081500000| Untracked 
|  22|0x0000000081600000, 0x0000000081700000, 0x0000000081700000|100%| O|  |TAMS 0x0000000081700000, 0x0000000081600000| Untracked 
|  23|0x0000000081700000, 0x0000000081800000, 0x0000000081800000|100%| O|  |TAMS 0x0000000081800000, 0x0000000081700000| Untracked 
|  24|0x0000000081800000, 0x0000000081900000, 0x0000000081900000|100%| O|  |TAMS 0x0000000081900000, 0x0000000081800000| Untracked 
|  25|0x0000000081900000, 0x0000000081a00000, 0x0000000081a00000|100%| O|  |TAMS 0x0000000081a00000, 0x0000000081900000| Untracked 
|  26|0x0000000081a00000, 0x0000000081b00000, 0x0000000081b00000|100%| O|  |TAMS 0x0000000081b00000, 0x0000000081a00000| Untracked 
|  27|0x0000000081b00000, 0x0000000081c00000, 0x0000000081c00000|100%| O|  |TAMS 0x0000000081c00000, 0x0000000081b00000| Untracked 
|  28|0x0000000081c00000, 0x0000000081d00000, 0x0000000081d00000|100%| O|  |TAMS 0x0000000081d00000, 0x0000000081c00000| Untracked 
|  29|0x0000000081d00000, 0x0000000081e00000, 0x0000000081e00000|100%| O|  |TAMS 0x0000000081e00000, 0x0000000081d00000| Untracked 
|  30|0x0000000081e00000, 0x0000000081f00000, 0x0000000081f00000|100%|HS|  |TAMS 0x0000000081f00000, 0x0000000081e00000| Complete 
|  31|0x0000000081f00000, 0x0000000082000000, 0x0000000082000000|100%|HS|  |TAMS 0x0000000082000000, 0x0000000081f00000| Complete 
|  32|0x0000000082000000, 0x0000000082100000, 0x0000000082100000|100%|HC|  |TAMS 0x0000000082100000, 0x0000000082000000| Complete 
|  33|0x0000000082100000, 0x0000000082200000, 0x0000000082200000|100%|HC|  |TAMS 0x0000000082200000, 0x0000000082100000| Complete 
|  34|0x0000000082200000, 0x0000000082300000, 0x0000000082300000|100%| O|  |TAMS 0x0000000082300000, 0x0000000082200000| Untracked 
|  35|0x0000000082300000, 0x0000000082400000, 0x0000000082400000|100%| O|  |TAMS 0x0000000082400000, 0x0000000082300000| Untracked 
|  36|0x0000000082400000, 0x0000000082500000, 0x0000000082500000|100%| O|  |TAMS 0x0000000082500000, 0x0000000082400000| Untracked 
|  37|0x0000000082500000, 0x0000000082600000, 0x0000000082600000|100%| O|  |TAMS 0x0000000082600000, 0x0000000082500000| Untracked 
|  38|0x0000000082600000, 0x0000000082700000, 0x0000000082700000|100%| O|  |TAMS 0x0000000082700000, 0x0000000082600000| Untracked 
|  39|0x0000000082700000, 0x0000000082800000, 0x0000000082800000|100%| O|  |TAMS 0x0000000082800000, 0x0000000082700000| Untracked 
|  40|0x0000000082800000, 0x0000000082900000, 0x0000000082900000|100%| O|  |TAMS 0x0000000082900000, 0x0000000082800000| Untracked 
|  41|0x0000000082900000, 0x0000000082a00000, 0x0000000082a00000|100%| O|  |TAMS 0x0000000082a00000, 0x0000000082900000| Untracked 
|  42|0x0000000082a00000, 0x0000000082b00000, 0x0000000082b00000|100%| O|  |TAMS 0x0000000082b00000, 0x0000000082a00000| Untracked 
|  43|0x0000000082b00000, 0x0000000082c00000, 0x0000000082c00000|100%| O|  |TAMS 0x0000000082c00000, 0x0000000082b00000| Untracked 
|  44|0x0000000082c00000, 0x0000000082d00000, 0x0000000082d00000|100%| O|  |TAMS 0x0000000082d00000, 0x0000000082c00000| Untracked 
|  45|0x0000000082d00000, 0x0000000082e00000, 0x0000000082e00000|100%| O|  |TAMS 0x0000000082e00000, 0x0000000082d00000| Untracked 
|  46|0x0000000082e00000, 0x0000000082f00000, 0x0000000082f00000|100%|HS|  |TAMS 0x0000000082f00000, 0x0000000082e00000| Complete 
|  47|0x0000000082f00000, 0x0000000083000000, 0x0000000083000000|100%| O|  |TAMS 0x0000000083000000, 0x0000000082f00000| Untracked 
|  48|0x0000000083000000, 0x0000000083100000, 0x0000000083100000|100%| O|  |TAMS 0x0000000083100000, 0x0000000083000000| Untracked 
|  49|0x0000000083100000, 0x0000000083200000, 0x0000000083200000|100%| O|  |TAMS 0x0000000083200000, 0x0000000083100000| Untracked 
|  50|0x0000000083200000, 0x0000000083300000, 0x0000000083300000|100%| O|  |TAMS 0x0000000083300000, 0x0000000083200000| Untracked 
|  51|0x0000000083300000, 0x0000000083400000, 0x0000000083400000|100%|HS|  |TAMS 0x0000000083400000, 0x0000000083300000| Complete 
|  52|0x0000000083400000, 0x0000000083500000, 0x0000000083500000|100%| O|  |TAMS 0x0000000083500000, 0x0000000083400000| Untracked 
|  53|0x0000000083500000, 0x0000000083600000, 0x0000000083600000|100%|HS|  |TAMS 0x0000000083600000, 0x0000000083500000| Complete 
|  54|0x0000000083600000, 0x0000000083700000, 0x0000000083700000|100%|HC|  |TAMS 0x0000000083700000, 0x0000000083600000| Complete 
|  55|0x0000000083700000, 0x0000000083800000, 0x0000000083800000|100%| O|  |TAMS 0x0000000083800000, 0x0000000083700000| Untracked 
|  56|0x0000000083800000, 0x0000000083900000, 0x0000000083900000|100%| O|  |TAMS 0x0000000083900000, 0x0000000083800000| Untracked 
|  57|0x0000000083900000, 0x0000000083a00000, 0x0000000083a00000|100%| O|  |TAMS 0x0000000083a00000, 0x0000000083900000| Untracked 
|  58|0x0000000083a00000, 0x0000000083b00000, 0x0000000083b00000|100%| O|  |TAMS 0x0000000083b00000, 0x0000000083a00000| Untracked 
|  59|0x0000000083b00000, 0x0000000083c00000, 0x0000000083c00000|100%| O|  |TAMS 0x0000000083c00000, 0x0000000083b00000| Untracked 
|  60|0x0000000083c00000, 0x0000000083d00000, 0x0000000083d00000|100%| O|  |TAMS 0x0000000083d00000, 0x0000000083c00000| Untracked 
|  61|0x0000000083d00000, 0x0000000083e00000, 0x0000000083e00000|100%| O|  |TAMS 0x0000000083e00000, 0x0000000083d00000| Untracked 
|  62|0x0000000083e00000, 0x0000000083f00000, 0x0000000083f00000|100%| O|  |TAMS 0x0000000083f00000, 0x0000000083e00000| Untracked 
|  63|0x0000000083f00000, 0x0000000084000000, 0x0000000084000000|100%| O|  |TAMS 0x0000000084000000, 0x0000000083f00000| Untracked 
|  64|0x0000000084000000, 0x0000000084100000, 0x0000000084100000|100%| O|  |TAMS 0x0000000084100000, 0x0000000084000000| Untracked 
|  65|0x0000000084100000, 0x0000000084200000, 0x0000000084200000|100%| O|  |TAMS 0x0000000084200000, 0x0000000084100000| Untracked 
|  66|0x0000000084200000, 0x0000000084300000, 0x0000000084300000|100%| O|  |TAMS 0x0000000084300000, 0x0000000084200000| Untracked 
|  67|0x0000000084300000, 0x0000000084400000, 0x0000000084400000|100%| O|  |TAMS 0x0000000084400000, 0x0000000084300000| Untracked 
|  68|0x0000000084400000, 0x0000000084500000, 0x0000000084500000|100%| O|  |TAMS 0x0000000084500000, 0x0000000084400000| Untracked 
|  69|0x0000000084500000, 0x0000000084600000, 0x0000000084600000|100%| O|  |TAMS 0x0000000084600000, 0x0000000084500000| Untracked 
|  70|0x0000000084600000, 0x0000000084700000, 0x0000000084700000|100%| O|  |TAMS 0x0000000084700000, 0x0000000084600000| Untracked 
|  71|0x0000000084700000, 0x0000000084800000, 0x0000000084800000|100%| O|  |TAMS 0x0000000084800000, 0x0000000084700000| Untracked 
|  72|0x0000000084800000, 0x0000000084900000, 0x0000000084900000|100%| O|  |TAMS 0x0000000084900000, 0x0000000084800000| Untracked 
|  73|0x0000000084900000, 0x0000000084a00000, 0x0000000084a00000|100%| O|  |TAMS 0x0000000084a00000, 0x0000000084900000| Untracked 
|  74|0x0000000084a00000, 0x0000000084b00000, 0x0000000084b00000|100%| O|  |TAMS 0x0000000084b00000, 0x0000000084a00000| Untracked 
|  75|0x0000000084b00000, 0x0000000084c00000, 0x0000000084c00000|100%| O|  |TAMS 0x0000000084c00000, 0x0000000084b00000| Untracked 
|  76|0x0000000084c00000, 0x0000000084d00000, 0x0000000084d00000|100%| O|  |TAMS 0x0000000084d00000, 0x0000000084c00000| Untracked 
|  77|0x0000000084d00000, 0x0000000084e00000, 0x0000000084e00000|100%| O|  |TAMS 0x0000000084e00000, 0x0000000084d00000| Untracked 
|  78|0x0000000084e00000, 0x0000000084f00000, 0x0000000084f00000|100%|HS|  |TAMS 0x0000000084f00000, 0x0000000084e00000| Complete 
|  79|0x0000000084f00000, 0x0000000085000000, 0x0000000085000000|100%|HC|  |TAMS 0x0000000085000000, 0x0000000084f00000| Complete 
|  80|0x0000000085000000, 0x0000000085100000, 0x0000000085100000|100%|HS|  |TAMS 0x0000000085100000, 0x0000000085000000| Complete 
|  81|0x0000000085100000, 0x0000000085200000, 0x0000000085200000|100%|HC|  |TAMS 0x0000000085200000, 0x0000000085100000| Complete 
|  82|0x0000000085200000, 0x0000000085300000, 0x0000000085300000|100%|HC|  |TAMS 0x0000000085300000, 0x0000000085200000| Complete 
|  83|0x0000000085300000, 0x0000000085400000, 0x0000000085400000|100%|HC|  |TAMS 0x0000000085400000, 0x0000000085300000| Complete 
|  84|0x0000000085400000, 0x0000000085500000, 0x0000000085500000|100%| O|  |TAMS 0x0000000085500000, 0x0000000085400000| Untracked 
|  85|0x0000000085500000, 0x0000000085600000, 0x0000000085600000|100%| O|  |TAMS 0x0000000085600000, 0x0000000085500000| Untracked 
|  86|0x0000000085600000, 0x0000000085700000, 0x0000000085700000|100%| O|  |TAMS 0x0000000085700000, 0x0000000085600000| Untracked 
|  87|0x0000000085700000, 0x0000000085800000, 0x0000000085800000|100%| O|  |TAMS 0x0000000085800000, 0x0000000085700000| Untracked 
|  88|0x0000000085800000, 0x0000000085900000, 0x0000000085900000|100%| O|  |TAMS 0x0000000085900000, 0x0000000085800000| Untracked 
|  89|0x0000000085900000, 0x0000000085a00000, 0x0000000085a00000|100%| O|  |TAMS 0x0000000085a00000, 0x0000000085900000| Untracked 
|  90|0x0000000085a00000, 0x0000000085b00000, 0x0000000085b00000|100%| O|  |TAMS 0x0000000085b00000, 0x0000000085a00000| Untracked 
|  91|0x0000000085b00000, 0x0000000085c00000, 0x0000000085c00000|100%| O|  |TAMS 0x0000000085c00000, 0x0000000085b00000| Untracked 
|  92|0x0000000085c00000, 0x0000000085d00000, 0x0000000085d00000|100%| O|  |TAMS 0x0000000085d00000, 0x0000000085c00000| Untracked 
|  93|0x0000000085d00000, 0x0000000085e00000, 0x0000000085e00000|100%|HS|  |TAMS 0x0000000085e00000, 0x0000000085d00000| Complete 
|  94|0x0000000085e00000, 0x0000000085f00000, 0x0000000085f00000|100%| O|  |TAMS 0x0000000085f00000, 0x0000000085e00000| Untracked 
|  95|0x0000000085f00000, 0x0000000086000000, 0x0000000086000000|100%| O|  |TAMS 0x0000000086000000, 0x0000000085f00000| Untracked 
|  96|0x0000000086000000, 0x0000000086100000, 0x0000000086100000|100%| O|  |TAMS 0x0000000086100000, 0x0000000086000000| Untracked 
|  97|0x0000000086100000, 0x0000000086200000, 0x0000000086200000|100%| O|  |TAMS 0x0000000086200000, 0x0000000086100000| Untracked 
|  98|0x0000000086200000, 0x0000000086300000, 0x0000000086300000|100%| O|  |TAMS 0x0000000086300000, 0x0000000086200000| Untracked 
|  99|0x0000000086300000, 0x0000000086400000, 0x0000000086400000|100%| O|  |TAMS 0x0000000086400000, 0x0000000086300000| Untracked 
| 100|0x0000000086400000, 0x0000000086500000, 0x0000000086500000|100%| O|  |TAMS 0x0000000086500000, 0x0000000086400000| Untracked 
| 101|0x0000000086500000, 0x0000000086600000, 0x0000000086600000|100%| O|  |TAMS 0x0000000086600000, 0x0000000086500000| Untracked 
| 102|0x0000000086600000, 0x0000000086700000, 0x0000000086700000|100%| O|  |TAMS 0x0000000086700000, 0x0000000086600000| Untracked 
| 103|0x0000000086700000, 0x0000000086800000, 0x0000000086800000|100%| O|  |TAMS 0x0000000086800000, 0x0000000086700000| Untracked 
| 104|0x0000000086800000, 0x0000000086900000, 0x0000000086900000|100%| O|  |TAMS 0x0000000086900000, 0x0000000086800000| Untracked 
| 105|0x0000000086900000, 0x0000000086a00000, 0x0000000086a00000|100%| O|  |TAMS 0x0000000086a00000, 0x0000000086900000| Untracked 
| 106|0x0000000086a00000, 0x0000000086b00000, 0x0000000086b00000|100%| O|  |TAMS 0x0000000086b00000, 0x0000000086a00000| Untracked 
| 107|0x0000000086b00000, 0x0000000086c00000, 0x0000000086c00000|100%| O|  |TAMS 0x0000000086c00000, 0x0000000086b00000| Untracked 
| 108|0x0000000086c00000, 0x0000000086d00000, 0x0000000086d00000|100%|HS|  |TAMS 0x0000000086d00000, 0x0000000086c00000| Complete 
| 109|0x0000000086d00000, 0x0000000086e00000, 0x0000000086e00000|100%|HS|  |TAMS 0x0000000086e00000, 0x0000000086d00000| Complete 
| 110|0x0000000086e00000, 0x0000000086f00000, 0x0000000086f00000|100%|HS|  |TAMS 0x0000000086f00000, 0x0000000086e00000| Complete 
| 111|0x0000000086f00000, 0x0000000087000000, 0x0000000087000000|100%|HS|  |TAMS 0x0000000087000000, 0x0000000086f00000| Complete 
| 112|0x0000000087000000, 0x0000000087100000, 0x0000000087100000|100%|HC|  |TAMS 0x0000000087100000, 0x0000000087000000| Complete 
| 113|0x0000000087100000, 0x0000000087200000, 0x0000000087200000|100%|HC|  |TAMS 0x0000000087200000, 0x0000000087100000| Complete 
| 114|0x0000000087200000, 0x0000000087300000, 0x0000000087300000|100%| O|  |TAMS 0x0000000087300000, 0x0000000087200000| Untracked 
| 115|0x0000000087300000, 0x0000000087400000, 0x0000000087400000|100%| O|  |TAMS 0x0000000087400000, 0x0000000087300000| Untracked 
| 116|0x0000000087400000, 0x0000000087500000, 0x0000000087500000|100%| O|  |TAMS 0x0000000087500000, 0x0000000087400000| Untracked 
| 117|0x0000000087500000, 0x0000000087600000, 0x0000000087600000|100%| O|  |TAMS 0x0000000087600000, 0x0000000087500000| Untracked 
| 118|0x0000000087600000, 0x0000000087700000, 0x0000000087700000|100%| O|  |TAMS 0x0000000087700000, 0x0000000087600000| Untracked 
| 119|0x0000000087700000, 0x0000000087800000, 0x0000000087800000|100%| O|  |TAMS 0x0000000087800000, 0x0000000087700000| Untracked 
| 120|0x0000000087800000, 0x0000000087900000, 0x0000000087900000|100%| O|  |TAMS 0x0000000087900000, 0x0000000087800000| Untracked 
| 121|0x0000000087900000, 0x0000000087a00000, 0x0000000087a00000|100%| O|  |TAMS 0x0000000087a00000, 0x0000000087900000| Untracked 
| 122|0x0000000087a00000, 0x0000000087b00000, 0x0000000087b00000|100%| O|  |TAMS 0x0000000087b00000, 0x0000000087a00000| Untracked 
| 123|0x0000000087b00000, 0x0000000087c00000, 0x0000000087c00000|100%| O|  |TAMS 0x0000000087c00000, 0x0000000087b00000| Untracked 
| 124|0x0000000087c00000, 0x0000000087d00000, 0x0000000087d00000|100%| O|  |TAMS 0x0000000087d00000, 0x0000000087c00000| Untracked 
| 125|0x0000000087d00000, 0x0000000087e00000, 0x0000000087e00000|100%| O|  |TAMS 0x0000000087e00000, 0x0000000087d00000| Untracked 
| 126|0x0000000087e00000, 0x0000000087f00000, 0x0000000087f00000|100%| O|  |TAMS 0x0000000087f00000, 0x0000000087e00000| Untracked 
| 127|0x0000000087f00000, 0x0000000088000000, 0x0000000088000000|100%| O|  |TAMS 0x0000000088000000, 0x0000000087f00000| Untracked 
| 128|0x0000000088000000, 0x0000000088100000, 0x0000000088100000|100%| O|  |TAMS 0x0000000088100000, 0x0000000088000000| Untracked 
| 129|0x0000000088100000, 0x0000000088200000, 0x0000000088200000|100%|HS|  |TAMS 0x0000000088200000, 0x0000000088100000| Complete 
| 130|0x0000000088200000, 0x0000000088300000, 0x0000000088300000|100%|HC|  |TAMS 0x0000000088300000, 0x0000000088200000| Complete 
| 131|0x0000000088300000, 0x0000000088400000, 0x0000000088400000|100%|HS|  |TAMS 0x0000000088400000, 0x0000000088300000| Complete 
| 132|0x0000000088400000, 0x0000000088500000, 0x0000000088500000|100%|HC|  |TAMS 0x0000000088500000, 0x0000000088400000| Complete 
| 133|0x0000000088500000, 0x0000000088600000, 0x0000000088600000|100%| O|  |TAMS 0x0000000088600000, 0x0000000088500000| Untracked 
| 134|0x0000000088600000, 0x0000000088700000, 0x0000000088700000|100%| O|  |TAMS 0x0000000088700000, 0x0000000088600000| Untracked 
| 135|0x0000000088700000, 0x0000000088800000, 0x0000000088800000|100%| O|  |TAMS 0x0000000088800000, 0x0000000088700000| Untracked 
| 136|0x0000000088800000, 0x0000000088900000, 0x0000000088900000|100%| O|  |TAMS 0x0000000088900000, 0x0000000088800000| Untracked 
| 137|0x0000000088900000, 0x0000000088a00000, 0x0000000088a00000|100%| O|  |TAMS 0x0000000088a00000, 0x0000000088900000| Untracked 
| 138|0x0000000088a00000, 0x0000000088b00000, 0x0000000088b00000|100%| O|  |TAMS 0x0000000088b00000, 0x0000000088a00000| Untracked 
| 139|0x0000000088b00000, 0x0000000088c00000, 0x0000000088c00000|100%| O|  |TAMS 0x0000000088c00000, 0x0000000088b00000| Untracked 
| 140|0x0000000088c00000, 0x0000000088d00000, 0x0000000088d00000|100%|HS|  |TAMS 0x0000000088d00000, 0x0000000088c00000| Complete 
| 141|0x0000000088d00000, 0x0000000088e00000, 0x0000000088e00000|100%|HS|  |TAMS 0x0000000088e00000, 0x0000000088d00000| Complete 
| 142|0x0000000088e00000, 0x0000000088f00000, 0x0000000088f00000|100%|HC|  |TAMS 0x0000000088f00000, 0x0000000088e00000| Complete 
| 143|0x0000000088f00000, 0x0000000089000000, 0x0000000089000000|100%|HC|  |TAMS 0x0000000089000000, 0x0000000088f00000| Complete 
| 144|0x0000000089000000, 0x0000000089100000, 0x0000000089100000|100%| O|  |TAMS 0x0000000089100000, 0x0000000089000000| Untracked 
| 145|0x0000000089100000, 0x0000000089200000, 0x0000000089200000|100%| O|  |TAMS 0x0000000089200000, 0x0000000089100000| Untracked 
| 146|0x0000000089200000, 0x0000000089300000, 0x0000000089300000|100%| O|  |TAMS 0x0000000089300000, 0x0000000089200000| Untracked 
| 147|0x0000000089300000, 0x0000000089400000, 0x0000000089400000|100%| O|  |TAMS 0x0000000089400000, 0x0000000089300000| Untracked 
| 148|0x0000000089400000, 0x0000000089500000, 0x0000000089500000|100%| O|  |TAMS 0x0000000089500000, 0x0000000089400000| Untracked 
| 149|0x0000000089500000, 0x0000000089600000, 0x0000000089600000|100%| O|  |TAMS 0x0000000089600000, 0x0000000089500000| Untracked 
| 150|0x0000000089600000, 0x0000000089700000, 0x0000000089700000|100%| O|  |TAMS 0x0000000089700000, 0x0000000089600000| Untracked 
| 151|0x0000000089700000, 0x0000000089800000, 0x0000000089800000|100%| O|  |TAMS 0x0000000089800000, 0x0000000089700000| Untracked 
| 152|0x0000000089800000, 0x0000000089900000, 0x0000000089900000|100%| O|  |TAMS 0x0000000089900000, 0x0000000089800000| Untracked 
| 153|0x0000000089900000, 0x0000000089a00000, 0x0000000089a00000|100%| O|  |TAMS 0x0000000089a00000, 0x0000000089900000| Untracked 
| 154|0x0000000089a00000, 0x0000000089b00000, 0x0000000089b00000|100%| O|  |TAMS 0x0000000089b00000, 0x0000000089a00000| Untracked 
| 155|0x0000000089b00000, 0x0000000089c00000, 0x0000000089c00000|100%| O|  |TAMS 0x0000000089c00000, 0x0000000089b00000| Untracked 
| 156|0x0000000089c00000, 0x0000000089d00000, 0x0000000089d00000|100%| O|  |TAMS 0x0000000089d00000, 0x0000000089c00000| Untracked 
| 157|0x0000000089d00000, 0x0000000089e00000, 0x0000000089e00000|100%| O|  |TAMS 0x0000000089e00000, 0x0000000089d00000| Untracked 
| 158|0x0000000089e00000, 0x0000000089f00000, 0x0000000089f00000|100%| O|  |TAMS 0x0000000089f00000, 0x0000000089e00000| Untracked 
| 159|0x0000000089f00000, 0x000000008a000000, 0x000000008a000000|100%| O|  |TAMS 0x000000008a000000, 0x0000000089f00000| Untracked 
| 160|0x000000008a000000, 0x000000008a100000, 0x000000008a100000|100%| O|  |TAMS 0x000000008a100000, 0x000000008a000000| Untracked 
| 161|0x000000008a100000, 0x000000008a200000, 0x000000008a200000|100%| O|  |TAMS 0x000000008a200000, 0x000000008a100000| Untracked 
| 162|0x000000008a200000, 0x000000008a300000, 0x000000008a300000|100%| O|  |TAMS 0x000000008a300000, 0x000000008a200000| Untracked 
| 163|0x000000008a300000, 0x000000008a400000, 0x000000008a400000|100%| O|  |TAMS 0x000000008a400000, 0x000000008a300000| Untracked 
| 164|0x000000008a400000, 0x000000008a500000, 0x000000008a500000|100%| O|  |TAMS 0x000000008a500000, 0x000000008a400000| Untracked 
| 165|0x000000008a500000, 0x000000008a600000, 0x000000008a600000|100%| O|  |TAMS 0x000000008a600000, 0x000000008a500000| Untracked 
| 166|0x000000008a600000, 0x000000008a700000, 0x000000008a700000|100%| O|  |TAMS 0x000000008a700000, 0x000000008a600000| Untracked 
| 167|0x000000008a700000, 0x000000008a800000, 0x000000008a800000|100%| O|  |TAMS 0x000000008a800000, 0x000000008a700000| Untracked 
| 168|0x000000008a800000, 0x000000008a900000, 0x000000008a900000|100%| O|  |TAMS 0x000000008a900000, 0x000000008a800000| Untracked 
| 169|0x000000008a900000, 0x000000008aa00000, 0x000000008aa00000|100%| O|  |TAMS 0x000000008aa00000, 0x000000008a900000| Untracked 
| 170|0x000000008aa00000, 0x000000008ab00000, 0x000000008ab00000|100%| O|  |TAMS 0x000000008ab00000, 0x000000008aa00000| Untracked 
| 171|0x000000008ab00000, 0x000000008ac00000, 0x000000008ac00000|100%| O|  |TAMS 0x000000008ac00000, 0x000000008ab00000| Untracked 
| 172|0x000000008ac00000, 0x000000008ad00000, 0x000000008ad00000|100%| O|  |TAMS 0x000000008ad00000, 0x000000008ac00000| Untracked 
| 173|0x000000008ad00000, 0x000000008ae00000, 0x000000008ae00000|100%| O|  |TAMS 0x000000008ae00000, 0x000000008ad00000| Untracked 
| 174|0x000000008ae00000, 0x000000008af00000, 0x000000008af00000|100%| O|  |TAMS 0x000000008af00000, 0x000000008ae00000| Untracked 
| 175|0x000000008af00000, 0x000000008b000000, 0x000000008b000000|100%| O|  |TAMS 0x000000008b000000, 0x000000008af00000| Untracked 
| 176|0x000000008b000000, 0x000000008b100000, 0x000000008b100000|100%| O|  |TAMS 0x000000008b100000, 0x000000008b000000| Untracked 
| 177|0x000000008b100000, 0x000000008b200000, 0x000000008b200000|100%| O|  |TAMS 0x000000008b200000, 0x000000008b100000| Untracked 
| 178|0x000000008b200000, 0x000000008b300000, 0x000000008b300000|100%| O|  |TAMS 0x000000008b300000, 0x000000008b200000| Untracked 
| 179|0x000000008b300000, 0x000000008b400000, 0x000000008b400000|100%| O|  |TAMS 0x000000008b400000, 0x000000008b300000| Untracked 
| 180|0x000000008b400000, 0x000000008b500000, 0x000000008b500000|100%| O|  |TAMS 0x000000008b500000, 0x000000008b400000| Untracked 
| 181|0x000000008b500000, 0x000000008b600000, 0x000000008b600000|100%| O|  |TAMS 0x000000008b600000, 0x000000008b500000| Untracked 
| 182|0x000000008b600000, 0x000000008b700000, 0x000000008b700000|100%| O|  |TAMS 0x000000008b700000, 0x000000008b600000| Untracked 
| 183|0x000000008b700000, 0x000000008b800000, 0x000000008b800000|100%| O|  |TAMS 0x000000008b800000, 0x000000008b700000| Untracked 
| 184|0x000000008b800000, 0x000000008b900000, 0x000000008b900000|100%| O|  |TAMS 0x000000008b900000, 0x000000008b800000| Untracked 
| 185|0x000000008b900000, 0x000000008ba00000, 0x000000008ba00000|100%| O|  |TAMS 0x000000008ba00000, 0x000000008b900000| Untracked 
| 186|0x000000008ba00000, 0x000000008bb00000, 0x000000008bb00000|100%| O|  |TAMS 0x000000008bb00000, 0x000000008ba00000| Untracked 
| 187|0x000000008bb00000, 0x000000008bc00000, 0x000000008bc00000|100%| O|  |TAMS 0x000000008bc00000, 0x000000008bb00000| Untracked 
| 188|0x000000008bc00000, 0x000000008bd00000, 0x000000008bd00000|100%| O|  |TAMS 0x000000008bd00000, 0x000000008bc00000| Untracked 
| 189|0x000000008bd00000, 0x000000008be00000, 0x000000008be00000|100%| O|  |TAMS 0x000000008be00000, 0x000000008bd00000| Untracked 
| 190|0x000000008be00000, 0x000000008bf00000, 0x000000008bf00000|100%| O|  |TAMS 0x000000008bf00000, 0x000000008be00000| Untracked 
| 191|0x000000008bf00000, 0x000000008c000000, 0x000000008c000000|100%| O|  |TAMS 0x000000008c000000, 0x000000008bf00000| Untracked 
| 192|0x000000008c000000, 0x000000008c100000, 0x000000008c100000|100%| O|  |TAMS 0x000000008c100000, 0x000000008c000000| Untracked 
| 193|0x000000008c100000, 0x000000008c200000, 0x000000008c200000|100%| O|  |TAMS 0x000000008c200000, 0x000000008c100000| Untracked 
| 194|0x000000008c200000, 0x000000008c300000, 0x000000008c300000|100%| O|  |TAMS 0x000000008c300000, 0x000000008c200000| Untracked 
| 195|0x000000008c300000, 0x000000008c400000, 0x000000008c400000|100%| O|  |TAMS 0x000000008c400000, 0x000000008c300000| Untracked 
| 196|0x000000008c400000, 0x000000008c500000, 0x000000008c500000|100%| O|  |TAMS 0x000000008c500000, 0x000000008c400000| Untracked 
| 197|0x000000008c500000, 0x000000008c600000, 0x000000008c600000|100%| O|  |TAMS 0x000000008c600000, 0x000000008c500000| Untracked 
| 198|0x000000008c600000, 0x000000008c700000, 0x000000008c700000|100%| O|  |TAMS 0x000000008c700000, 0x000000008c600000| Untracked 
| 199|0x000000008c700000, 0x000000008c800000, 0x000000008c800000|100%| O|  |TAMS 0x000000008c800000, 0x000000008c700000| Untracked 
| 200|0x000000008c800000, 0x000000008c900000, 0x000000008c900000|100%| O|  |TAMS 0x000000008c900000, 0x000000008c800000| Untracked 
| 201|0x000000008c900000, 0x000000008ca00000, 0x000000008ca00000|100%| O|  |TAMS 0x000000008ca00000, 0x000000008c900000| Untracked 
| 202|0x000000008ca00000, 0x000000008cb00000, 0x000000008cb00000|100%| O|  |TAMS 0x000000008cb00000, 0x000000008ca00000| Untracked 
| 203|0x000000008cb00000, 0x000000008cbdda00, 0x000000008cc00000| 86%| O|  |TAMS 0x000000008cbdda00, 0x000000008cb00000| Untracked 
| 204|0x000000008cc00000, 0x000000008cc00000, 0x000000008cd00000|  0%| F|  |TAMS 0x000000008cc00000, 0x000000008cc00000| Untracked 
| 205|0x000000008cd00000, 0x000000008cd00000, 0x000000008ce00000|  0%| F|  |TAMS 0x000000008cd00000, 0x000000008cd00000| Untracked 
| 206|0x000000008ce00000, 0x000000008ce00000, 0x000000008cf00000|  0%| F|  |TAMS 0x000000008ce00000, 0x000000008ce00000| Untracked 
| 207|0x000000008cf00000, 0x000000008cf00000, 0x000000008d000000|  0%| F|  |TAMS 0x000000008cf00000, 0x000000008cf00000| Untracked 
| 208|0x000000008d000000, 0x000000008d000000, 0x000000008d100000|  0%| F|  |TAMS 0x000000008d000000, 0x000000008d000000| Untracked 
| 209|0x000000008d100000, 0x000000008d100000, 0x000000008d200000|  0%| F|  |TAMS 0x000000008d100000, 0x000000008d100000| Untracked 
| 210|0x000000008d200000, 0x000000008d200000, 0x000000008d300000|  0%| F|  |TAMS 0x000000008d200000, 0x000000008d200000| Untracked 
| 211|0x000000008d300000, 0x000000008d300000, 0x000000008d400000|  0%| F|  |TAMS 0x000000008d300000, 0x000000008d300000| Untracked 
| 212|0x000000008d400000, 0x000000008d400000, 0x000000008d500000|  0%| F|  |TAMS 0x000000008d400000, 0x000000008d400000| Untracked 
| 213|0x000000008d500000, 0x000000008d500000, 0x000000008d600000|  0%| F|  |TAMS 0x000000008d500000, 0x000000008d500000| Untracked 
| 214|0x000000008d600000, 0x000000008d600000, 0x000000008d700000|  0%| F|  |TAMS 0x000000008d600000, 0x000000008d600000| Untracked 
| 215|0x000000008d700000, 0x000000008d700000, 0x000000008d800000|  0%| F|  |TAMS 0x000000008d700000, 0x000000008d700000| Untracked 
| 216|0x000000008d800000, 0x000000008d800000, 0x000000008d900000|  0%| F|  |TAMS 0x000000008d800000, 0x000000008d800000| Untracked 
| 217|0x000000008d900000, 0x000000008d900000, 0x000000008da00000|  0%| F|  |TAMS 0x000000008d900000, 0x000000008d900000| Untracked 
| 218|0x000000008da00000, 0x000000008da00000, 0x000000008db00000|  0%| F|  |TAMS 0x000000008da00000, 0x000000008da00000| Untracked 
| 219|0x000000008db00000, 0x000000008db00000, 0x000000008dc00000|  0%| F|  |TAMS 0x000000008db00000, 0x000000008db00000| Untracked 
| 220|0x000000008dc00000, 0x000000008dc00000, 0x000000008dd00000|  0%| F|  |TAMS 0x000000008dc00000, 0x000000008dc00000| Untracked 
| 221|0x000000008dd00000, 0x000000008dd00000, 0x000000008de00000|  0%| F|  |TAMS 0x000000008dd00000, 0x000000008dd00000| Untracked 
| 222|0x000000008de00000, 0x000000008de00000, 0x000000008df00000|  0%| F|  |TAMS 0x000000008de00000, 0x000000008de00000| Untracked 
| 223|0x000000008df00000, 0x000000008df00000, 0x000000008e000000|  0%| F|  |TAMS 0x000000008df00000, 0x000000008df00000| Untracked 
| 224|0x000000008e000000, 0x000000008e000000, 0x000000008e100000|  0%| F|  |TAMS 0x000000008e000000, 0x000000008e000000| Untracked 
| 225|0x000000008e100000, 0x000000008e100000, 0x000000008e200000|  0%| F|  |TAMS 0x000000008e100000, 0x000000008e100000| Untracked 
| 226|0x000000008e200000, 0x000000008e200000, 0x000000008e300000|  0%| F|  |TAMS 0x000000008e200000, 0x000000008e200000| Untracked 
| 227|0x000000008e300000, 0x000000008e300000, 0x000000008e400000|  0%| F|  |TAMS 0x000000008e300000, 0x000000008e300000| Untracked 
| 228|0x000000008e400000, 0x000000008e400000, 0x000000008e500000|  0%| F|  |TAMS 0x000000008e400000, 0x000000008e400000| Untracked 
| 229|0x000000008e500000, 0x000000008e500000, 0x000000008e600000|  0%| F|  |TAMS 0x000000008e500000, 0x000000008e500000| Untracked 
| 230|0x000000008e600000, 0x000000008e600000, 0x000000008e700000|  0%| F|  |TAMS 0x000000008e600000, 0x000000008e600000| Untracked 
| 231|0x000000008e700000, 0x000000008e700000, 0x000000008e800000|  0%| F|  |TAMS 0x000000008e700000, 0x000000008e700000| Untracked 
| 232|0x000000008e800000, 0x000000008e800000, 0x000000008e900000|  0%| F|  |TAMS 0x000000008e800000, 0x000000008e800000| Untracked 
| 233|0x000000008e900000, 0x000000008e900000, 0x000000008ea00000|  0%| F|  |TAMS 0x000000008e900000, 0x000000008e900000| Untracked 
| 234|0x000000008ea00000, 0x000000008ea00000, 0x000000008eb00000|  0%| F|  |TAMS 0x000000008ea00000, 0x000000008ea00000| Untracked 
| 235|0x000000008eb00000, 0x000000008eb00000, 0x000000008ec00000|  0%| F|  |TAMS 0x000000008eb00000, 0x000000008eb00000| Untracked 
| 236|0x000000008ec00000, 0x000000008ec00000, 0x000000008ed00000|  0%| F|  |TAMS 0x000000008ec00000, 0x000000008ec00000| Untracked 
| 237|0x000000008ed00000, 0x000000008ed00000, 0x000000008ee00000|  0%| F|  |TAMS 0x000000008ed00000, 0x000000008ed00000| Untracked 
| 238|0x000000008ee00000, 0x000000008ee00000, 0x000000008ef00000|  0%| F|  |TAMS 0x000000008ee00000, 0x000000008ee00000| Untracked 
| 239|0x000000008ef00000, 0x000000008ef2b740, 0x000000008f000000| 16%| S|CS|TAMS 0x000000008ef00000, 0x000000008ef00000| Complete 
| 240|0x000000008f000000, 0x000000008f100000, 0x000000008f100000|100%| S|CS|TAMS 0x000000008f000000, 0x000000008f000000| Complete 
| 241|0x000000008f100000, 0x000000008f200000, 0x000000008f200000|100%| S|CS|TAMS 0x000000008f100000, 0x000000008f100000| Complete 
| 242|0x000000008f200000, 0x000000008f300000, 0x000000008f300000|100%| S|CS|TAMS 0x000000008f200000, 0x000000008f200000| Complete 
| 243|0x000000008f300000, 0x000000008f300000, 0x000000008f400000|  0%| F|  |TAMS 0x000000008f300000, 0x000000008f300000| Untracked 
| 244|0x000000008f400000, 0x000000008f400000, 0x000000008f500000|  0%| F|  |TAMS 0x000000008f400000, 0x000000008f400000| Untracked 
| 245|0x000000008f500000, 0x000000008f500000, 0x000000008f600000|  0%| F|  |TAMS 0x000000008f500000, 0x000000008f500000| Untracked 
| 246|0x000000008f600000, 0x000000008f600000, 0x000000008f700000|  0%| F|  |TAMS 0x000000008f600000, 0x000000008f600000| Untracked 
| 247|0x000000008f700000, 0x000000008f700000, 0x000000008f800000|  0%| F|  |TAMS 0x000000008f700000, 0x000000008f700000| Untracked 
| 248|0x000000008f800000, 0x000000008f800000, 0x000000008f900000|  0%| F|  |TAMS 0x000000008f800000, 0x000000008f800000| Untracked 
| 249|0x000000008f900000, 0x000000008f900000, 0x000000008fa00000|  0%| F|  |TAMS 0x000000008f900000, 0x000000008f900000| Untracked 
| 250|0x000000008fa00000, 0x000000008fa00000, 0x000000008fb00000|  0%| F|  |TAMS 0x000000008fa00000, 0x000000008fa00000| Untracked 
| 251|0x000000008fb00000, 0x000000008fb00000, 0x000000008fc00000|  0%| F|  |TAMS 0x000000008fb00000, 0x000000008fb00000| Untracked 
| 252|0x000000008fc00000, 0x000000008fc6d988, 0x000000008fd00000| 42%| E|  |TAMS 0x000000008fc00000, 0x000000008fc00000| Complete 
| 253|0x000000008fd00000, 0x000000008fe00000, 0x000000008fe00000|100%| E|CS|TAMS 0x000000008fd00000, 0x000000008fd00000| Complete 
| 254|0x000000008fe00000, 0x000000008ff00000, 0x000000008ff00000|100%| E|CS|TAMS 0x000000008fe00000, 0x000000008fe00000| Complete 
| 255|0x000000008ff00000, 0x0000000090000000, 0x0000000090000000|100%| E|CS|TAMS 0x000000008ff00000, 0x000000008ff00000| Complete 
| 256|0x0000000090000000, 0x0000000090100000, 0x0000000090100000|100%| E|CS|TAMS 0x0000000090000000, 0x0000000090000000| Complete 
| 257|0x0000000090100000, 0x0000000090200000, 0x0000000090200000|100%| E|CS|TAMS 0x0000000090100000, 0x0000000090100000| Complete 
| 258|0x0000000090200000, 0x0000000090300000, 0x0000000090300000|100%| E|CS|TAMS 0x0000000090200000, 0x0000000090200000| Complete 
| 259|0x0000000090300000, 0x0000000090400000, 0x0000000090400000|100%| E|CS|TAMS 0x0000000090300000, 0x0000000090300000| Complete 
| 260|0x0000000090400000, 0x0000000090500000, 0x0000000090500000|100%| E|CS|TAMS 0x0000000090400000, 0x0000000090400000| Complete 
| 261|0x0000000090500000, 0x0000000090600000, 0x0000000090600000|100%| E|CS|TAMS 0x0000000090500000, 0x0000000090500000| Complete 
| 262|0x0000000090600000, 0x0000000090700000, 0x0000000090700000|100%| E|CS|TAMS 0x0000000090600000, 0x0000000090600000| Complete 
| 263|0x0000000090700000, 0x0000000090800000, 0x0000000090800000|100%| E|CS|TAMS 0x0000000090700000, 0x0000000090700000| Complete 
| 264|0x0000000090800000, 0x0000000090900000, 0x0000000090900000|100%| E|CS|TAMS 0x0000000090800000, 0x0000000090800000| Complete 
| 265|0x0000000090900000, 0x0000000090a00000, 0x0000000090a00000|100%| E|CS|TAMS 0x0000000090900000, 0x0000000090900000| Complete 
| 266|0x0000000090a00000, 0x0000000090b00000, 0x0000000090b00000|100%| E|CS|TAMS 0x0000000090a00000, 0x0000000090a00000| Complete 
| 267|0x0000000090b00000, 0x0000000090c00000, 0x0000000090c00000|100%| E|CS|TAMS 0x0000000090b00000, 0x0000000090b00000| Complete 
| 268|0x0000000090c00000, 0x0000000090d00000, 0x0000000090d00000|100%| E|  |TAMS 0x0000000090c00000, 0x0000000090c00000| Complete 
| 269|0x0000000090d00000, 0x0000000090e00000, 0x0000000090e00000|100%| E|CS|TAMS 0x0000000090d00000, 0x0000000090d00000| Complete 
| 270|0x0000000090e00000, 0x0000000090f00000, 0x0000000090f00000|100%| E|CS|TAMS 0x0000000090e00000, 0x0000000090e00000| Complete 
| 271|0x0000000090f00000, 0x0000000091000000, 0x0000000091000000|100%| E|CS|TAMS 0x0000000090f00000, 0x0000000090f00000| Complete 

Card table byte_map: [0x000002653d290000,0x000002653d690000] _byte_map_base: 0x000002653ce90000

Marking Bits (Prev, Next): (CMBitMap*) 0x0000026525758cf8, (CMBitMap*) 0x0000026525758d30
 Prev Bits: [0x000002653da90000, 0x000002653fa90000)
 Next Bits: [0x000002653fa90000, 0x0000026541a90000)

Polling page: 0x00000265236b0000

Metaspace:

Usage:
  Non-class:    105.86 MB capacity,   103.15 MB ( 97%) used,     2.34 MB (  2%) free+waste,   376.63 KB ( <1%) overhead. 
      Class:     17.01 MB capacity,    15.37 MB ( 90%) used,     1.48 MB (  9%) free+waste,   169.50 KB ( <1%) overhead. 
       Both:    122.87 MB capacity,   118.52 MB ( 96%) used,     3.82 MB (  3%) free+waste,   546.13 KB ( <1%) overhead. 

Virtual space:
  Non-class space:      108.00 MB reserved,     106.08 MB ( 98%) committed 
      Class space:      504.00 MB reserved,      17.13 MB (  3%) committed 
             Both:      612.00 MB reserved,     123.20 MB ( 20%) committed 

Chunk freelists:
   Non-Class:  0 bytes
       Class:  0 bytes
        Both:  0 bytes

MaxMetaspaceSize: 512.00 MB
CompressedClassSpaceSize: 504.00 MB
Initial GC threshold: 20.80 MB
Current GC threshold: 204.71 MB
CDS: off

CodeHeap 'non-profiled nmethods': size=120064Kb used=12526Kb max_used=12526Kb free=107537Kb
 bounds [0x0000026535950000, 0x0000026536590000, 0x000002653ce90000]
CodeHeap 'profiled nmethods': size=120000Kb used=37893Kb max_used=37893Kb free=82106Kb
 bounds [0x000002652e420000, 0x0000026530930000, 0x0000026535950000]
CodeHeap 'non-nmethods': size=5696Kb used=2440Kb max_used=2499Kb free=3255Kb
 bounds [0x000002652de90000, 0x000002652e110000, 0x000002652e420000]
 total_blobs=17748 nmethods=16775 adapters=884
 compilation: enabled
              stopped_count=0, restarted_count=0
 full_count=0

Compilation events (20 events):
Event: 118.374 Thread 0x0000026543f82000 16902       3       jdk.internal.reflect.AccessorGenerator::emitCommonConstantPoolEntries (573 bytes)
Event: 118.385 Thread 0x0000026543f82000 nmethod 16902 0x00000265308ed490 code [0x00000265308ee420, 0x00000265308f6718]
Event: 118.385 Thread 0x0000026543f82000 16903       3       jdk.internal.reflect.AccessorGenerator::emitConstructor (47 bytes)
Event: 118.387 Thread 0x0000026543f82000 nmethod 16903 0x00000265308fa190 code [0x00000265308fa480, 0x00000265308fb438]
Event: 118.387 Thread 0x0000026543f82000 16904       3       jdk.internal.reflect.MethodAccessorGenerator::emitInvoke (986 bytes)
Event: 118.421 Thread 0x0000026543f82000 nmethod 16904 0x00000265308fba90 code [0x00000265308fd7e0, 0x000002653090fa28]
Event: 118.421 Thread 0x0000026543f82000 16908       3       org.gradle.execution.plan.Node::visitAllNodesWaitingForThisNode (40 bytes)
Event: 118.421 Thread 0x0000026543f82000 nmethod 16908 0x0000026530917590 code [0x00000265309177a0, 0x0000026530917dd8]
Event: 118.421 Thread 0x0000026543f82000 16905       3       jdk.internal.reflect.ByteVectorImpl::trim (45 bytes)
Event: 118.421 Thread 0x0000026543f82000 nmethod 16905 0x0000026530917f90 code [0x0000026530918160, 0x0000026530918448]
Event: 118.421 Thread 0x0000026543f82000 16907       3       org.gradle.internal.logging.events.StyledTextOutputEvent$Span::<init> (17 bytes)
Event: 118.422 Thread 0x0000026543f82000 nmethod 16907 0x0000026530918510 code [0x00000265309186c0, 0x00000265309188f8]
Event: 118.422 Thread 0x0000026543f82000 16906       3       com.android.build.gradle.internal.dsl.LibraryExtensionImpl$AgpDecorated_Decorated::getCompileSdkVersion (40 bytes)
Event: 118.422 Thread 0x0000026543f82000 nmethod 16906 0x0000026530918990 code [0x0000026530918be0, 0x00000265309193a8]
Event: 118.423 Thread 0x0000026543f82000 16910       3       org.gradle.api.internal.tasks.execution.TaskExecution$$Lambda$1030/0x0000000100a2d440::get (10 bytes)
Event: 118.424 Thread 0x0000026543f82000 nmethod 16910 0x0000026530919690 code [0x0000026530919840, 0x0000026530919a18]
Event: 118.429 Thread 0x0000026543f82000 16911       3       org.gradle.internal.fingerprint.impl.NameOnlyFingerprintingStrategy::getHashingStrategy (4 bytes)
Event: 118.429 Thread 0x0000026543f82000 nmethod 16911 0x0000026530919b10 code [0x0000026530919cc0, 0x0000026530919dd8]
Event: 118.430 Thread 0x0000026543f82000 16912       1       org.gradle.execution.plan.ExecutionNodeAccessHierarchy$DefaultNodeAccess::getNode (5 bytes)
Event: 118.430 Thread 0x0000026543f82000 nmethod 16912 0x0000026536582010 code [0x00000265365821c0, 0x0000026536582278]

GC Heap History (20 events):
Event: 103.709 GC heap before
{Heap before GC invocations=91 (full 0):
 garbage-first heap   total 278528K, used 226090K [0x0000000080000000, 0x0000000100000000)
  region size 1024K, 48 young (49152K), 5 survivors (5120K)
 Metaspace       used 119206K, capacity 123354K, committed 123472K, reserved 622592K
  class space    used 15505K, capacity 17062K, committed 17152K, reserved 516096K
}
Event: 103.725 GC heap after
{Heap after GC invocations=92 (full 0):
 garbage-first heap   total 278528K, used 186109K [0x0000000080000000, 0x0000000100000000)
  region size 1024K, 5 young (5120K), 5 survivors (5120K)
 Metaspace       used 119206K, capacity 123354K, committed 123472K, reserved 622592K
  class space    used 15505K, capacity 17062K, committed 17152K, reserved 516096K
}
Event: 104.913 GC heap before
{Heap before GC invocations=93 (full 0):
 garbage-first heap   total 278528K, used 227069K [0x0000000080000000, 0x0000000100000000)
  region size 1024K, 46 young (47104K), 5 survivors (5120K)
 Metaspace       used 119937K, capacity 124186K, committed 124368K, reserved 624640K
  class space    used 15601K, capacity 17180K, committed 17280K, reserved 516096K
}
Event: 104.930 GC heap after
{Heap after GC invocations=94 (full 0):
 garbage-first heap   total 278528K, used 189295K [0x0000000080000000, 0x0000000100000000)
  region size 1024K, 3 young (3072K), 3 survivors (3072K)
 Metaspace       used 119937K, capacity 124186K, committed 124368K, reserved 624640K
  class space    used 15601K, capacity 17180K, committed 17280K, reserved 516096K
}
Event: 106.659 GC heap before
{Heap before GC invocations=94 (full 0):
 garbage-first heap   total 278528K, used 231279K [0x0000000080000000, 0x0000000100000000)
  region size 1024K, 45 young (46080K), 3 survivors (3072K)
 Metaspace       used 120464K, capacity 124797K, committed 125008K, reserved 624640K
  class space    used 15673K, capacity 17295K, committed 17408K, reserved 516096K
}
Event: 106.678 GC heap after
{Heap after GC invocations=95 (full 0):
 garbage-first heap   total 278528K, used 191939K [0x0000000080000000, 0x0000000100000000)
  region size 1024K, 6 young (6144K), 6 survivors (6144K)
 Metaspace       used 120464K, capacity 124797K, committed 125008K, reserved 624640K
  class space    used 15673K, capacity 17295K, committed 17408K, reserved 516096K
}
Event: 111.374 GC heap before
{Heap before GC invocations=96 (full 0):
 garbage-first heap   total 278528K, used 233923K [0x0000000080000000, 0x0000000100000000)
  region size 1024K, 47 young (48128K), 6 survivors (6144K)
 Metaspace       used 120467K, capacity 124797K, committed 125008K, reserved 624640K
  class space    used 15673K, capacity 17295K, committed 17408K, reserved 516096K
}
Event: 111.393 GC heap after
{Heap after GC invocations=97 (full 0):
 garbage-first heap   total 278528K, used 196604K [0x0000000080000000, 0x0000000100000000)
  region size 1024K, 6 young (6144K), 6 survivors (6144K)
 Metaspace       used 120467K, capacity 124797K, committed 125008K, reserved 624640K
  class space    used 15673K, capacity 17295K, committed 17408K, reserved 516096K
}
Event: 114.227 GC heap before
{Heap before GC invocations=97 (full 0):
 garbage-first heap   total 278528K, used 234492K [0x0000000080000000, 0x0000000100000000)
  region size 1024K, 44 young (45056K), 6 survivors (6144K)
 Metaspace       used 120836K, capacity 125294K, committed 125520K, reserved 624640K
  class space    used 15699K, capacity 17377K, committed 17408K, reserved 516096K
}
Event: 114.246 GC heap after
{Heap after GC invocations=98 (full 0):
 garbage-first heap   total 278528K, used 200896K [0x0000000080000000, 0x0000000100000000)
  region size 1024K, 4 young (4096K), 4 survivors (4096K)
 Metaspace       used 120836K, capacity 125294K, committed 125520K, reserved 624640K
  class space    used 15699K, capacity 17377K, committed 17408K, reserved 516096K
}
Event: 115.172 GC heap before
{Heap before GC invocations=98 (full 0):
 garbage-first heap   total 278528K, used 235712K [0x0000000080000000, 0x0000000100000000)
  region size 1024K, 39 young (39936K), 4 survivors (4096K)
 Metaspace       used 120834K, capacity 125231K, committed 125520K, reserved 624640K
  class space    used 15687K, capacity 17355K, committed 17408K, reserved 516096K
}
Event: 115.184 GC heap after
{Heap after GC invocations=99 (full 0):
 garbage-first heap   total 278528K, used 204347K [0x0000000080000000, 0x0000000100000000)
  region size 1024K, 4 young (4096K), 4 survivors (4096K)
 Metaspace       used 120834K, capacity 125231K, committed 125520K, reserved 624640K
  class space    used 15687K, capacity 17355K, committed 17408K, reserved 516096K
}
Event: 115.892 GC heap before
{Heap before GC invocations=100 (full 0):
 garbage-first heap   total 278528K, used 234043K [0x0000000080000000, 0x0000000100000000)
  region size 1024K, 34 young (34816K), 4 survivors (4096K)
 Metaspace       used 120834K, capacity 125231K, committed 125520K, reserved 624640K
  class space    used 15687K, capacity 17355K, committed 17408K, reserved 516096K
}
Event: 115.900 GC heap after
{Heap after GC invocations=101 (full 0):
 garbage-first heap   total 278528K, used 206100K [0x0000000080000000, 0x0000000100000000)
  region size 1024K, 2 young (2048K), 2 survivors (2048K)
 Metaspace       used 120834K, capacity 125231K, committed 125520K, reserved 624640K
  class space    used 15687K, capacity 17355K, committed 17408K, reserved 516096K
}
Event: 117.255 GC heap before
{Heap before GC invocations=102 (full 0):
 garbage-first heap   total 278528K, used 246036K [0x0000000080000000, 0x0000000100000000)
  region size 1024K, 34 young (34816K), 2 survivors (2048K)
 Metaspace       used 121169K, capacity 125570K, committed 125776K, reserved 624640K
  class space    used 15716K, capacity 17387K, committed 17408K, reserved 516096K
}
Event: 117.264 GC heap after
{Heap after GC invocations=103 (full 0):
 garbage-first heap   total 278528K, used 208836K [0x0000000080000000, 0x0000000100000000)
  region size 1024K, 5 young (5120K), 5 survivors (5120K)
 Metaspace       used 121169K, capacity 125570K, committed 125776K, reserved 624640K
  class space    used 15716K, capacity 17387K, committed 17408K, reserved 516096K
}
Event: 117.358 GC heap before
{Heap before GC invocations=103 (full 0):
 garbage-first heap   total 278528K, used 211908K [0x0000000080000000, 0x0000000100000000)
  region size 1024K, 9 young (9216K), 5 survivors (5120K)
 Metaspace       used 121207K, capacity 125599K, committed 125776K, reserved 624640K
  class space    used 15721K, capacity 17395K, committed 17408K, reserved 516096K
}
Event: 117.367 GC heap after
{Heap after GC invocations=104 (full 0):
 garbage-first heap   total 278528K, used 209491K [0x0000000080000000, 0x0000000100000000)
  region size 1024K, 1 young (1024K), 1 survivors (1024K)
 Metaspace       used 121207K, capacity 125599K, committed 125776K, reserved 624640K
  class space    used 15721K, capacity 17395K, committed 17408K, reserved 516096K
}
Event: 117.956 GC heap before
{Heap before GC invocations=104 (full 0):
 garbage-first heap   total 278528K, used 249427K [0x0000000080000000, 0x0000000100000000)
  region size 1024K, 29 young (29696K), 1 survivors (1024K)
 Metaspace       used 121266K, capacity 125676K, committed 125776K, reserved 624640K
  class space    used 15721K, capacity 17395K, committed 17408K, reserved 516096K
}
Event: 117.963 GC heap after
{Heap after GC invocations=105 (full 0):
 garbage-first heap   total 278528K, used 212004K [0x0000000080000000, 0x0000000100000000)
  region size 1024K, 4 young (4096K), 4 survivors (4096K)
 Metaspace       used 121266K, capacity 125676K, committed 125776K, reserved 624640K
  class space    used 15721K, capacity 17395K, committed 17408K, reserved 516096K
}

Deoptimization events (20 events):
Event: 118.150 Thread 0x000002654783f800 Uncommon trap: trap_request=0xffffffc6 fr.pc=0x00000265363dcf64 relative=0x00000000000060c4
Event: 118.150 Thread 0x000002654783f800 Uncommon trap: reason=bimorphic_or_optimized_type_check action=maybe_recompile pc=0x00000265363dcf64 method=org.gradle.api.internal.artifacts.transform.AttributeMatchingVariantSelector.doSelect(Lorg/gradle/api/internal/artifacts/ivyservice/resolveengine/a
Event: 118.150 Thread 0x000002654783f800 DEOPT PACKING pc=0x00000265363dcf64 sp=0x0000009937cfb840
Event: 118.150 Thread 0x000002654783f800 DEOPT UNPACKING pc=0x000002652deda1af sp=0x0000009937cfb8a0 mode 2
Event: 118.165 Thread 0x000002654783f800 Uncommon trap: trap_request=0xffffffc6 fr.pc=0x00000265363dcf64 relative=0x00000000000060c4
Event: 118.166 Thread 0x000002654783f800 Uncommon trap: reason=bimorphic_or_optimized_type_check action=maybe_recompile pc=0x00000265363dcf64 method=org.gradle.api.internal.artifacts.transform.AttributeMatchingVariantSelector.doSelect(Lorg/gradle/api/internal/artifacts/ivyservice/resolveengine/a
Event: 118.166 Thread 0x000002654783f800 DEOPT PACKING pc=0x00000265363dcf64 sp=0x0000009937cfba70
Event: 118.166 Thread 0x000002654783f800 DEOPT UNPACKING pc=0x000002652deda1af sp=0x0000009937cfbad0 mode 2
Event: 118.302 Thread 0x000002654783a800 Uncommon trap: trap_request=0xffffffc6 fr.pc=0x0000026535ce8f88 relative=0x00000000000000c8
Event: 118.302 Thread 0x000002654783a800 Uncommon trap: reason=bimorphic_or_optimized_type_check action=maybe_recompile pc=0x0000026535ce8f88 method=com.google.common.collect.RegularImmutableMap.checkNoConflictInKeyBucket(Ljava/lang/Object;Ljava/util/Map$Entry;Lcom/google/common/collect/Immutabl
Event: 118.302 Thread 0x000002654783a800 DEOPT PACKING pc=0x0000026535ce8f88 sp=0x0000009937efd030
Event: 118.302 Thread 0x000002654783a800 DEOPT UNPACKING pc=0x000002652deda1af sp=0x0000009937efcfd8 mode 2
Event: 118.328 Thread 0x000002654783a800 Uncommon trap: trap_request=0xffffffc6 fr.pc=0x0000026535ce8f88 relative=0x00000000000000c8
Event: 118.328 Thread 0x000002654783a800 Uncommon trap: reason=bimorphic_or_optimized_type_check action=maybe_recompile pc=0x0000026535ce8f88 method=com.google.common.collect.RegularImmutableMap.checkNoConflictInKeyBucket(Ljava/lang/Object;Ljava/util/Map$Entry;Lcom/google/common/collect/Immutabl
Event: 118.328 Thread 0x000002654783a800 DEOPT PACKING pc=0x0000026535ce8f88 sp=0x0000009937efd030
Event: 118.328 Thread 0x000002654783a800 DEOPT UNPACKING pc=0x000002652deda1af sp=0x0000009937efcfd8 mode 2
Event: 118.418 Thread 0x000002654783a800 Uncommon trap: trap_request=0xffffffc6 fr.pc=0x0000026535ce8f88 relative=0x00000000000000c8
Event: 118.418 Thread 0x000002654783a800 Uncommon trap: reason=bimorphic_or_optimized_type_check action=maybe_recompile pc=0x0000026535ce8f88 method=com.google.common.collect.RegularImmutableMap.checkNoConflictInKeyBucket(Ljava/lang/Object;Ljava/util/Map$Entry;Lcom/google/common/collect/Immutabl
Event: 118.418 Thread 0x000002654783a800 DEOPT PACKING pc=0x0000026535ce8f88 sp=0x0000009937efd030
Event: 118.418 Thread 0x000002654783a800 DEOPT UNPACKING pc=0x000002652deda1af sp=0x0000009937efcfd8 mode 2

Classes redefined (0 events):
No events

Internal exceptions (20 events):
Event: 105.707 Thread 0x0000026547840800 Exception <a 'java/lang/ClassNotFoundException'{0x000000008f10fe98}: org/gradle/api/internal/file/collections/DefaultConfigurableFileTreeCustomizer> (0x000000008f10fe98) thrown at [./src/hotspot/share/classfile/systemDictionary.cpp, line 230]
Event: 105.738 Thread 0x0000026547840800 Exception <a 'java/lang/ClassNotFoundException'{0x000000008f059ae8}: org/gradle/api/internal/file/DefaultFileVisitDetailsBeanInfo> (0x000000008f059ae8) thrown at [./src/hotspot/share/classfile/systemDictionary.cpp, line 230]
Event: 105.740 Thread 0x0000026547840800 Exception <a 'java/lang/ClassNotFoundException'{0x000000008f0a9120}: org/gradle/api/internal/file/DefaultFileTreeElementBeanInfo> (0x000000008f0a9120) thrown at [./src/hotspot/share/classfile/systemDictionary.cpp, line 230]
Event: 105.742 Thread 0x0000026547840800 Exception <a 'java/lang/ClassNotFoundException'{0x000000008f0f9498}: org/gradle/api/internal/file/AbstractFileTreeElementBeanInfo> (0x000000008f0f9498) thrown at [./src/hotspot/share/classfile/systemDictionary.cpp, line 230]
Event: 105.745 Thread 0x0000026547840800 Exception <a 'java/lang/ClassNotFoundException'{0x000000008ef49b88}: org/gradle/api/internal/file/AbstractFileTreeElementCustomizer> (0x000000008ef49b88) thrown at [./src/hotspot/share/classfile/systemDictionary.cpp, line 230]
Event: 105.747 Thread 0x0000026547840800 Exception <a 'java/lang/ClassNotFoundException'{0x000000008efa1078}: org/gradle/api/internal/file/DefaultFileTreeElementCustomizer> (0x000000008efa1078) thrown at [./src/hotspot/share/classfile/systemDictionary.cpp, line 230]
Event: 105.749 Thread 0x0000026547840800 Exception <a 'java/lang/ClassNotFoundException'{0x000000008effccd8}: org/gradle/api/internal/file/DefaultFileVisitDetailsCustomizer> (0x000000008effccd8) thrown at [./src/hotspot/share/classfile/systemDictionary.cpp, line 230]
Event: 105.754 Thread 0x0000026547840800 Exception <a 'java/lang/ClassNotFoundException'{0x000000008ee571e8}: java/nio/file/FilesBeanInfo> (0x000000008ee571e8) thrown at [./src/hotspot/share/classfile/systemDictionary.cpp, line 230]
Event: 105.755 Thread 0x0000026547840800 Exception <a 'java/lang/ClassNotFoundException'{0x000000008ee718a0}: java/nio/file/FilesCustomizer> (0x000000008ee718a0) thrown at [./src/hotspot/share/classfile/systemDictionary.cpp, line 230]
Event: 111.757 Thread 0x0000026547840800 Exception <a 'java/lang/ClassNotFoundException'{0x0000000090c2ca28}: org/gradle/api/internal/file/AttributeBasedFileVisitDetailsBeanInfo> (0x0000000090c2ca28) thrown at [./src/hotspot/share/classfile/systemDictionary.cpp, line 230]
Event: 111.759 Thread 0x0000026547840800 Exception <a 'java/lang/ClassNotFoundException'{0x0000000090c6e720}: org/gradle/api/internal/file/AttributeBasedFileVisitDetailsCustomizer> (0x0000000090c6e720) thrown at [./src/hotspot/share/classfile/systemDictionary.cpp, line 230]
Event: 113.459 Thread 0x0000026547840800 Implicit null exception at 0x000002653648e85c to 0x000002653648f654
Event: 113.462 Thread 0x0000026547840800 Exception <a 'java/lang/ClassNotFoundException'{0x000000008ffd1a88}: java/util/LinkedHashSetBeanInfo> (0x000000008ffd1a88) thrown at [./src/hotspot/share/classfile/systemDictionary.cpp, line 230]
Event: 113.462 Thread 0x0000026547840800 Exception <a 'java/lang/ClassNotFoundException'{0x000000008ffe2e20}: java/util/HashSetBeanInfo> (0x000000008ffe2e20) thrown at [./src/hotspot/share/classfile/systemDictionary.cpp, line 230]
Event: 113.462 Thread 0x0000026547840800 Exception <a 'java/lang/ClassNotFoundException'{0x000000008fff53e8}: java/util/HashSetCustomizer> (0x000000008fff53e8) thrown at [./src/hotspot/share/classfile/systemDictionary.cpp, line 230]
Event: 113.466 Thread 0x0000026547840800 Exception <a 'java/lang/ClassNotFoundException'{0x000000008fe103e0}: java/util/LinkedHashSetCustomizer> (0x000000008fe103e0) thrown at [./src/hotspot/share/classfile/systemDictionary.cpp, line 230]
Event: 113.475 Thread 0x000002654783e800 Implicit null exception at 0x0000026536466177 to 0x0000026536466550
Event: 113.662 Thread 0x000002654783f800 Exception <a 'java/lang/NoSuchMethodError'{0x000000008fcd77b8}: <clinit>> (0x000000008fcd77b8) thrown at [./src/hotspot/share/prims/jni.cpp, line 1367]
Event: 115.987 Thread 0x000002654783a800 Exception <a 'java/lang/NoSuchMethodError'{0x0000000090bdfdf0}: <clinit>> (0x0000000090bdfdf0) thrown at [./src/hotspot/share/prims/jni.cpp, line 1367]
Event: 115.988 Thread 0x000002654783a800 Exception <a 'java/lang/NoSuchMethodError'{0x0000000090bed540}: <clinit>> (0x0000000090bed540) thrown at [./src/hotspot/share/prims/jni.cpp, line 1367]

Events (20 events):
Event: 117.428 Executing VM operation: BulkRevokeBias
Event: 117.431 Executing VM operation: BulkRevokeBias done
Event: 117.899 Executing VM operation: RevokeBias
Event: 117.899 Executing VM operation: RevokeBias done
Event: 117.900 Executing VM operation: RevokeBias
Event: 117.900 Executing VM operation: RevokeBias done
Event: 117.901 loading class org/gradle/api/internal/artifacts/ivyservice/resolveengine/artifact/LocalFileDependencyBackedArtifactSet$TransformedLocalFileArtifactSet
Event: 117.901 loading class org/gradle/api/internal/artifacts/ivyservice/resolveengine/artifact/LocalFileDependencyBackedArtifactSet$TransformedLocalFileArtifactSet done
Event: 117.903 Executing VM operation: Deoptimize
Event: 117.906 Executing VM operation: Deoptimize done
Event: 117.956 Executing VM operation: G1CollectForAllocation
Event: 117.963 Executing VM operation: G1CollectForAllocation done
Event: 117.997 Executing VM operation: CGC_Operation
Event: 118.017 Executing VM operation: CGC_Operation done
Event: 118.150 Executing VM operation: RevokeBias
Event: 118.152 Executing VM operation: RevokeBias done
Event: 118.300 Executing VM operation: RevokeBias
Event: 118.301 Executing VM operation: RevokeBias done
Event: 118.392 Executing VM operation: CGC_Operation
Event: 118.393 Executing VM operation: CGC_Operation done


Dynamic libraries:
0x00007ff6daec0000 - 0x00007ff6daecd000 	C:\Program Files\Microsoft\jdk-11.0.18.10-hotspot\bin\java.exe
0x00007ff8620b0000 - 0x00007ff8622a8000 	C:\WINDOWS\SYSTEM32\ntdll.dll
0x00007ff825a30000 - 0x00007ff825a49000 	C:\Program Files\AVAST Software\Avast\aswhook.dll
0x00007ff8616e0000 - 0x00007ff86179f000 	C:\WINDOWS\System32\KERNEL32.DLL
0x00007ff85f790000 - 0x00007ff85fa86000 	C:\WINDOWS\System32\KERNELBASE.dll
0x00007ff85fb30000 - 0x00007ff85fc30000 	C:\WINDOWS\System32\ucrtbase.dll
0x00007ff83aef0000 - 0x00007ff83af07000 	C:\Program Files\Microsoft\jdk-11.0.18.10-hotspot\bin\jli.dll
0x00007ff860db0000 - 0x00007ff860f4d000 	C:\WINDOWS\System32\USER32.dll
0x00007ff85ff90000 - 0x00007ff85ffb2000 	C:\WINDOWS\System32\win32u.dll
0x00007ff83ae70000 - 0x00007ff83ae85000 	C:\Program Files\Microsoft\jdk-11.0.18.10-hotspot\bin\VCRUNTIME140.dll
0x00007ff860240000 - 0x00007ff86026c000 	C:\WINDOWS\System32\GDI32.dll
0x00007ff84d2b0000 - 0x00007ff84d54a000 	C:\WINDOWS\WinSxS\amd64_microsoft.windows.common-controls_6595b64144ccf1df_6.0.19041.1110_none_60b5254171f9507e\COMCTL32.dll
0x00007ff860b10000 - 0x00007ff860bae000 	C:\WINDOWS\System32\msvcrt.dll
0x00007ff85fff0000 - 0x00007ff860105000 	C:\WINDOWS\System32\gdi32full.dll
0x00007ff85fa90000 - 0x00007ff85fb2d000 	C:\WINDOWS\System32\msvcp_win.dll
0x00007ff860f50000 - 0x00007ff860f80000 	C:\WINDOWS\System32\IMM32.DLL
0x00007ff80fc10000 - 0x00007ff80fcab000 	C:\Program Files\Microsoft\jdk-11.0.18.10-hotspot\bin\msvcp140.dll
0x00007fffd3a40000 - 0x00007fffd45d2000 	C:\Program Files\Microsoft\jdk-11.0.18.10-hotspot\bin\server\jvm.dll
0x00007ff8617a0000 - 0x00007ff86184f000 	C:\WINDOWS\System32\ADVAPI32.dll
0x00007ff860a70000 - 0x00007ff860b0c000 	C:\WINDOWS\System32\sechost.dll
0x00007ff860110000 - 0x00007ff860236000 	C:\WINDOWS\System32\RPCRT4.dll
0x00007ff860da0000 - 0x00007ff860da8000 	C:\WINDOWS\System32\PSAPI.DLL
0x00007ff84a980000 - 0x00007ff84a989000 	C:\WINDOWS\SYSTEM32\WSOCK32.dll
0x00007ff860bb0000 - 0x00007ff860c1b000 	C:\WINDOWS\System32\WS2_32.dll
0x00007ff843d60000 - 0x00007ff843d87000 	C:\WINDOWS\SYSTEM32\WINMM.dll
0x00007ff855b00000 - 0x00007ff855b0a000 	C:\WINDOWS\SYSTEM32\VERSION.dll
0x00007ff85d640000 - 0x00007ff85d652000 	C:\WINDOWS\SYSTEM32\kernel.appcore.dll
0x00007ff846790000 - 0x00007ff8467a0000 	C:\Program Files\Microsoft\jdk-11.0.18.10-hotspot\bin\verify.dll
0x00007ff85ce60000 - 0x00007ff85d044000 	C:\WINDOWS\SYSTEM32\DBGHELP.DLL
0x00007ff851290000 - 0x00007ff8512c4000 	C:\WINDOWS\SYSTEM32\dbgcore.DLL
0x00007ff85fe40000 - 0x00007ff85fec2000 	C:\WINDOWS\System32\bcryptPrimitives.dll
0x00007ff8301f0000 - 0x00007ff830218000 	C:\Program Files\Microsoft\jdk-11.0.18.10-hotspot\bin\java.dll
0x00007ff845cc0000 - 0x00007ff845cca000 	C:\Program Files\Microsoft\jdk-11.0.18.10-hotspot\bin\jimage.dll
0x00007ff83ab70000 - 0x00007ff83ab88000 	C:\Program Files\Microsoft\jdk-11.0.18.10-hotspot\bin\zip.dll
0x00007ff860f90000 - 0x00007ff8616d4000 	C:\WINDOWS\System32\SHELL32.dll
0x00007ff85d840000 - 0x00007ff85dfd3000 	C:\WINDOWS\SYSTEM32\windows.storage.dll
0x00007ff8603a0000 - 0x00007ff8606f4000 	C:\WINDOWS\System32\combase.dll
0x00007ff85f100000 - 0x00007ff85f12e000 	C:\WINDOWS\SYSTEM32\Wldp.dll
0x00007ff860760000 - 0x00007ff86080d000 	C:\WINDOWS\System32\SHCORE.dll
0x00007ff860700000 - 0x00007ff860755000 	C:\WINDOWS\System32\shlwapi.dll
0x00007ff85f6d0000 - 0x00007ff85f6ef000 	C:\WINDOWS\SYSTEM32\profapi.dll
0x00007ff834340000 - 0x00007ff834359000 	C:\Program Files\Microsoft\jdk-11.0.18.10-hotspot\bin\net.dll
0x00007ff8504e0000 - 0x00007ff8505ea000 	C:\WINDOWS\SYSTEM32\WINHTTP.dll
0x00007ff85ee60000 - 0x00007ff85eeca000 	C:\WINDOWS\system32\mswsock.dll
0x00007ff829ef0000 - 0x00007ff829f03000 	C:\Program Files\Microsoft\jdk-11.0.18.10-hotspot\bin\nio.dll
0x00007ff822db0000 - 0x00007ff822dd7000 	C:\Users\Valeria\.gradle\native\e1d6ef7f7dcc3fd88c89a11ec53ec762bb8ba0a96d01ffa2cd45eb1d1d8dd5c5\windows-amd64\native-platform.dll
0x00007ff80fac0000 - 0x00007ff80fc04000 	C:\Users\Valeria\.gradle\native\0d407fdbe67a94daf76414ababcb853783967236a71b16ec16e742cd7a986fd3\windows-amd64\native-platform-file-events.dll
0x00007ff8443e0000 - 0x00007ff8443e9000 	C:\Program Files\Microsoft\jdk-11.0.18.10-hotspot\bin\management.dll
0x00007ff842df0000 - 0x00007ff842dfb000 	C:\Program Files\Microsoft\jdk-11.0.18.10-hotspot\bin\management_ext.dll
0x00007ff85f060000 - 0x00007ff85f078000 	C:\WINDOWS\SYSTEM32\CRYPTSP.dll
0x00007ff85e780000 - 0x00007ff85e7b4000 	C:\WINDOWS\system32\rsaenh.dll
0x00007ff85ffc0000 - 0x00007ff85ffe7000 	C:\WINDOWS\System32\bcrypt.dll
0x00007ff85f690000 - 0x00007ff85f6be000 	C:\WINDOWS\SYSTEM32\USERENV.dll
0x00007ff85f050000 - 0x00007ff85f05c000 	C:\WINDOWS\SYSTEM32\CRYPTBASE.dll
0x00007ff85eb50000 - 0x00007ff85eb8c000 	C:\WINDOWS\SYSTEM32\IPHLPAPI.DLL
0x00007ff860f80000 - 0x00007ff860f88000 	C:\WINDOWS\System32\NSI.dll
0x00007ff851180000 - 0x00007ff851197000 	C:\WINDOWS\SYSTEM32\dhcpcsvc6.DLL
0x00007ff8514f0000 - 0x00007ff85150d000 	C:\WINDOWS\SYSTEM32\dhcpcsvc.DLL
0x00007ff85eb90000 - 0x00007ff85ec5a000 	C:\WINDOWS\SYSTEM32\DNSAPI.dll
0x00007ff821ed0000 - 0x00007ff821ef5000 	C:\Program Files\Microsoft\jdk-11.0.18.10-hotspot\bin\sunec.dll
0x00007ff84cc20000 - 0x00007ff84cc2a000 	C:\Windows\System32\rasadhlp.dll
0x00007ff84d810000 - 0x00007ff84d892000 	C:\WINDOWS\System32\fwpuclnt.dll
0x00007ff85ae80000 - 0x00007ff85ae8e000 	C:\Program Files\Microsoft\jdk-11.0.18.10-hotspot\bin\sunmscapi.dll
0x00007ff85fc30000 - 0x00007ff85fd8e000 	C:\WINDOWS\System32\CRYPT32.dll
0x00007ff85f170000 - 0x00007ff85f198000 	C:\WINDOWS\SYSTEM32\ncrypt.dll
0x00007ff85f130000 - 0x00007ff85f16b000 	C:\WINDOWS\SYSTEM32\NTASN1.dll

dbghelp: loaded successfully - version: 4.0.5 - missing functions: none
symbol engine: initialized successfully - sym options: 0x614 - pdb path: .;C:\Program Files\Microsoft\jdk-11.0.18.10-hotspot\bin;C:\WINDOWS\SYSTEM32;C:\Program Files\AVAST Software\Avast;C:\WINDOWS\WinSxS\amd64_microsoft.windows.common-controls_6595b64144ccf1df_6.0.19041.1110_none_60b5254171f9507e;C:\Program Files\Microsoft\jdk-11.0.18.10-hotspot\bin\server;C:\Users\Valeria\.gradle\native\e1d6ef7f7dcc3fd88c89a11ec53ec762bb8ba0a96d01ffa2cd45eb1d1d8dd5c5\windows-amd64;C:\Users\Valeria\.gradle\native\0d407fdbe67a94daf76414ababcb853783967236a71b16ec16e742cd7a986fd3\windows-amd64

VM Arguments:
jvm_args: -XX:MaxMetaspaceSize=512m --add-opens=java.base/java.util=ALL-UNNAMED --add-opens=java.base/java.lang=ALL-UNNAMED --add-opens=java.base/java.lang.invoke=ALL-UNNAMED --add-opens=java.base/java.util=ALL-UNNAMED --add-opens=java.prefs/java.util.prefs=ALL-UNNAMED --add-opens=java.prefs/java.util.prefs=ALL-UNNAMED --add-opens=java.base/java.nio.charset=ALL-UNNAMED --add-opens=java.base/java.net=ALL-UNNAMED --add-opens=java.base/java.util.concurrent.atomic=ALL-UNNAMED -Xmx2048m -Dfile.encoding=windows-1252 -Duser.country=AR -Duser.language=es -Duser.variant 
java_command: org.gradle.launcher.daemon.bootstrap.GradleDaemon 7.5.1
java_class_path (initial): C:\Users\Valeria\.gradle\wrapper\dists\gradle-7.5.1-all\1ehga6e77gqps5uk2kc5kf1vc\gradle-7.5.1\lib\gradle-launcher-7.5.1.jar
Launcher Type: SUN_STANDARD

[Global flags]
     intx CICompilerCount                          = 3                                         {product} {ergonomic}
   size_t CompressedClassSpaceSize                 = 528482304                                 {product} {ergonomic}
     uint ConcGCThreads                            = 1                                         {product} {ergonomic}
     uint G1ConcRefinementThreads                  = 4                                         {product} {ergonomic}
   size_t G1HeapRegionSize                         = 1048576                                   {product} {ergonomic}
    uintx GCDrainStackTargetSize                   = 64                                        {product} {ergonomic}
   size_t InitialHeapSize                          = 134217728                                 {product} {ergonomic}
   size_t MarkStackSize                            = 4194304                                   {product} {ergonomic}
   size_t MaxHeapSize                              = 2147483648                                {product} {command line}
   size_t MaxMetaspaceSize                         = 536870912                                 {product} {command line}
   size_t MaxNewSize                               = 1287651328                                {product} {ergonomic}
   size_t MinHeapDeltaBytes                        = 1048576                                   {product} {ergonomic}
    uintx NonNMethodCodeHeapSize                   = 5830732                                {pd product} {ergonomic}
    uintx NonProfiledCodeHeapSize                  = 122913754                              {pd product} {ergonomic}
    uintx ProfiledCodeHeapSize                     = 122913754                              {pd product} {ergonomic}
    uintx ReservedCodeCacheSize                    = 251658240                              {pd product} {ergonomic}
     bool SegmentedCodeCache                       = true                                      {product} {ergonomic}
     bool UseCompressedClassPointers               = true                                 {lp64_product} {ergonomic}
     bool UseCompressedOops                        = true                                 {lp64_product} {ergonomic}
     bool UseG1GC                                  = true                                      {product} {ergonomic}
     bool UseLargePagesIndividualAllocation        = false                                  {pd product} {ergonomic}

Logging:
Log output configuration:
 #0: stdout all=warning uptime,level,tags
 #1: stderr all=off uptime,level,tags

Environment Variables:
JAVA_HOME=C:\Program Files\Microsoft\jdk-11.0.18.10-hotspot\
CLASSPATH=C:\Users\Valeria\Documents\GitHub\Front-TPO-DAPI1-Grupo04\android\\gradle\wrapper\gradle-wrapper.jar
PATH=C:\Users\Valeria\Documents\GitHub\Front-TPO-DAPI1-Grupo04\android\node_modules\.bin;C:\Users\Valeria\Documents\GitHub\Front-TPO-DAPI1-Grupo04\node_modules\.bin;C:\Users\Valeria\Documents\GitHub\node_modules\.bin;C:\Users\Valeria\Documents\node_modules\.bin;C:\Users\Valeria\node_modules\.bin;C:\Users\node_modules\.bin;C:\node_modules\.bin;C:\Program Files\nodejs;C:\Users\Valeria\Documents\GitHub\Front-TPO-DAPI1-Grupo04\node_modules\.bin;C:\Users\Valeria\Documents\GitHub\node_modules\.bin;C:\Users\Valeria\Documents\node_modules\.bin;C:\Users\Valeria\node_modules\.bin;C:\Users\node_modules\.bin;C:\node_modules\.bin;C:\Program Files\nodejs\node_modules\npm\node_modules\@npmcli\run-script\lib\node-gyp-bin;C:\Program Files\Microsoft\jdk-11.0.18.10-hotspot\bin;C:\WINDOWS\system32;C:\WINDOWS;C:\WINDOWS\System32\Wbem;C:\WINDOWS\System32\WindowsPowerShell\v1.0\;C:\WINDOWS\System32\OpenSSH\;C:\Program Files\Microsoft SQL Server\Client SDK\ODBC\170\Tools\Binn\;C:\Program Files (x86)\Microsoft SQL Server\150\Tools\Binn\;C:\Program Files\Microsoft SQL Server\150\Tools\Binn\;C:\Program Files\Microsoft SQL Server\150\DTS\Binn\;C:\Program Files (x86)\Microsoft SQL Server\150\DTS\Binn\;C:\Program Files\Azure Data Studio\bin;C:\Program Files\Git\cmd;C:\Program Files\nodejs\;C:\ProgramData\chocolatey\bin;C:\Users\Valeria\AppData\Local\Microsoft\WindowsApps;C:\Program Files\Azure Data Studio\bin;C:\Users\Valeria\AppData\Local\Programs\Microsoft VS Code\bin;C:\Users\Valeria\AppData\Local\GitHubDesktop\bin;C:\Users\Valeria\AppData\Roaming\npm;C:\Users\Valeria\AppData\Local\Android\Sdk\platform-tools;
USERNAME=Valeria
LANG=en_US.UTF-8
OS=Windows_NT
PROCESSOR_IDENTIFIER=Intel64 Family 6 Model 142 Stepping 9, GenuineIntel
TMP=C:\Users\Valeria\AppData\Local\Temp
TEMP=C:\Users\Valeria\AppData\Local\Temp



---------------  S Y S T E M  ---------------

OS: Windows 10 , 64 bit Build 19041 (10.0.19041.3031)
OS uptime: 1 days 5:12 hours

CPU:total 4 (initial active 4) (2 cores per cpu, 2 threads per core) family 6 model 142 stepping 9 microcode 0xb4, cmov, cx8, fxsr, mmx, sse, sse2, sse3, ssse3, sse4.1, sse4.2, popcnt, avx, avx2, aes, clmul, erms, 3dnowpref, lzcnt, ht, tsc, tscinvbit, bmi1, bmi2, adx, fma

Memory: 4k page, system-wide physical 8072M (403M free)
TotalPageFile size 12072M (AvailPageFile size 9M)
current process WorkingSet (physical memory assigned to process): 618M, peak: 618M
current process commit charge ("private bytes"): 661M, peak: 662M

vm_info: OpenJDK 64-Bit Server VM (11.0.18+10-LTS) for windows-amd64 JRE (11.0.18+10-LTS), built on Jan 18 2023 15:56:47 by "MicrosoftCorporation" with MS VC++ 15.9 (VS2017)

END.
