#
# There is insufficient memory for the Java Runtime Environment to continue.
# Native memory allocation (mmap) failed to map 32505856 bytes for Failed to commit area from 0x000000008b600000 to 0x000000008d500000 of length 32505856.
# Possible reasons:
#   The system is out of physical RAM or swap space
#   The process is running with CompressedOops enabled, and the Java Heap may be blocking the growth of the native heap
# Possible solutions:
#   Reduce memory load on the system
#   Increase physical memory or swap space
#   Check if swap backing store is full
#   Decrease Java heap size (-Xmx/-Xms)
#   Decrease number of Java threads
#   Decrease Java thread stack sizes (-Xss)
#   Set larger code cache with -XX:ReservedCodeCacheSize=
#   JVM is running with Unscaled Compressed Oops mode in which the Java heap is
#     placed in the first 4GB address space. The Java Heap base address is the
#     maximum limit for the native heap growth. Please use -XX:HeapBaseMinAddress
#     to set the Java Heap base and to place the Java Heap above 4GB virtual address.
# This output file may be truncated or incomplete.
#
#  Out of Memory Error (./src/hotspot/os/windows/os_windows.cpp:3386), pid=11896, tid=14072
#
# JRE version: OpenJDK Runtime Environment Microsoft-7208460 (11.0.18+10) (build 11.0.18+10-LTS)
# Java VM: OpenJDK 64-Bit Server VM Microsoft-7208460 (11.0.18+10-LTS, mixed mode, tiered, compressed oops, g1 gc, windows-amd64)
# No core dump will be written. Minidumps are not enabled by default on client versions of Windows
#

---------------  S U M M A R Y ------------

Command Line: org.jetbrains.kotlin.cli.jvm.K2JVMCompiler @C:\Users\Valeria\Documents\GitHub\Front-TPO-DAPI1-Grupo04\node_modules\react-native-gradle-plugin\build\20230625_10226666364467662110.compiler.options

Host: Intel(R) Core(TM) i5-7200U CPU @ 2.50GHz, 4 cores, 7G,  Windows 10 , 64 bit Build 19041 (10.0.19041.3031)
Time: Sun Jun 25 09:56:48 2023 Hora estándar de Argentina elapsed time: 9.848365 seconds (0d 0h 0m 9s)

---------------  T H R E A D  ---------------

Current thread (0x000002721e472800):  VMThread "VM Thread" [stack: 0x0000007c6d900000,0x0000007c6da00000] [id=14072]

Stack: [0x0000007c6d900000,0x0000007c6da00000]
[error occurred during error reporting (printing stack bounds), id 0xc0000005, EXCEPTION_ACCESS_VIOLATION (0xc0000005) at pc=0x00000272086a112d]

Native frames: (J=compiled Java code, j=interpreted, Vv=VM code, C=native code)
V  [jvm.dll+0x62bf8a]
V  [jvm.dll+0x7b8fb9]
V  [jvm.dll+0x7ba6a8]
V  [jvm.dll+0x7bace5]
V  [jvm.dll+0x7bac9b]
V  [jvm.dll+0x62b317]
V  [jvm.dll+0x62ba28]
C  [ntdll.dll+0xa247f]
C  [ntdll.dll+0x514f4]
C  [ntdll.dll+0xa0f8e]
C  0x00000272086a112d

VM_Operation (0x0000007c6d3fa9a0): G1CollectForAllocation, mode: safepoint, requested by thread 0x000002727fcfa000


---------------  P R O C E S S  ---------------

Threads class SMR info:
_java_thread_list=0x000002721f5faf70, length=11, elements={
0x000002727fcfa000, 0x000002721e495000, 0x000002721e49e000, 0x000002721e4af800,
0x000002721e4b1800, 0x000002721e4b2800, 0x000002721e4ba800, 0x000002721e4bc800,
0x000002721ee37000, 0x000002721ef9b800, 0x000002721e4bf000
}

Java Threads: ( => current thread )
  0x000002727fcfa000 JavaThread "main" [_thread_blocked, id=5000, stack(0x0000007c6d300000,0x0000007c6d400000)]
  0x000002721e495000 JavaThread "Reference Handler" daemon [_thread_blocked, id=14880, stack(0x0000007c6da00000,0x0000007c6db00000)]
  0x000002721e49e000 JavaThread "Finalizer" daemon [_thread_blocked, id=9740, stack(0x0000007c6db00000,0x0000007c6dc00000)]
  0x000002721e4af800 JavaThread "Signal Dispatcher" daemon [_thread_blocked, id=16844, stack(0x0000007c6dc00000,0x0000007c6dd00000)]
  0x000002721e4b1800 JavaThread "Attach Listener" daemon [_thread_blocked, id=15248, stack(0x0000007c6dd00000,0x0000007c6de00000)]
  0x000002721e4b2800 JavaThread "Service Thread" daemon [_thread_blocked, id=5512, stack(0x0000007c6de00000,0x0000007c6df00000)]
  0x000002721e4ba800 JavaThread "C2 CompilerThread0" daemon [_thread_in_native, id=10864, stack(0x0000007c6df00000,0x0000007c6e000000)]
  0x000002721e4bc800 JavaThread "C1 CompilerThread0" daemon [_thread_blocked, id=604, stack(0x0000007c6e000000,0x0000007c6e100000)]
  0x000002721ee37000 JavaThread "Sweeper thread" daemon [_thread_blocked, id=10984, stack(0x0000007c6e100000,0x0000007c6e200000)]
  0x000002721ef9b800 JavaThread "Common-Cleaner" daemon [_thread_blocked, id=6140, stack(0x0000007c6e300000,0x0000007c6e400000)]
  0x000002721e4bf000 JavaThread "C2 CompilerThread1" daemon [_thread_blocked, id=13580, stack(0x0000007c6e400000,0x0000007c6e500000)]

Other Threads:
=>0x000002721e472800 VMThread "VM Thread" [stack: 0x0000007c6d900000,0x0000007c6da00000] [id=14072]
  0x000002721ef93000 WatcherThread [stack: 0x0000007c6e200000,0x0000007c6e300000] [id=15536]
  0x000002727fd12800 GCTaskThread "GC Thread#0" [stack: 0x0000007c6d400000,0x0000007c6d500000] [id=12612]
  0x000002721f3cc800 GCTaskThread "GC Thread#1" [stack: 0x0000007c6e500000,0x0000007c6e600000] [id=8916]
  0x000002721f3e0000 GCTaskThread "GC Thread#2" [stack: 0x0000007c6e600000,0x0000007c6e700000] [id=13352]
  0x000002727fd42800 ConcurrentGCThread "G1 Main Marker" [stack: 0x0000007c6d500000,0x0000007c6d600000] [id=10944]
  0x000002727fd44000 ConcurrentGCThread "G1 Conc#0" [stack: 0x0000007c6d600000,0x0000007c6d700000] [id=9968]
  0x000002721e2e0800 ConcurrentGCThread "G1 Refine#0" [stack: 0x0000007c6d700000,0x0000007c6d800000] [id=14700]
  0x000002722093c000 ConcurrentGCThread "G1 Refine#1" [stack: 0x0000007c6e700000,0x0000007c6e800000] [id=364]
  0x0000027222817000 ConcurrentGCThread "G1 Refine#2" [stack: 0x0000007c6e800000,0x0000007c6e900000] [id=6880]
  0x000002721e2e1800 ConcurrentGCThread "G1 Young RemSet Sampling" [stack: 0x0000007c6d800000,0x0000007c6d900000] [id=4380]

Threads with active compile tasks:
C2 CompilerThread0     9876 6518       4       org.jetbrains.kotlin.types.TypeSubstitutor::unsafeSubstitute (813 bytes)
C2 CompilerThread1     9876 6655   !   4       java.util.concurrent.ConcurrentHashMap::putVal (432 bytes)

VM state:at safepoint (normal execution)

VM Mutex/Monitor currently owned by a thread:  ([mutex/lock_event])
[0x000002727fcf6820] Threads_lock - owner thread: 0x000002721e472800
[0x000002727fcf76c0] Heap_lock - owner thread: 0x000002727fcfa000

Heap address: 0x0000000081c00000, size: 2020 MB, Compressed Oops mode: 32-bit
Narrow klass base: 0x0000000000000000, Narrow klass shift: 3
Compressed class space size: 1073741824 Address: 0x0000000100000000

Heap:
 garbage-first heap   total 189440K, used 53068K [0x0000000081c00000, 0x0000000100000000)
  region size 1024K, 8 young (8192K), 8 survivors (8192K)
 Metaspace       used 57963K, capacity 58707K, committed 58880K, reserved 1101824K
  class space    used 6579K, capacity 6883K, committed 6912K, reserved 1048576K
Heap Regions: E=young(eden), S=young(survivor), O=old, HS=humongous(starts), HC=humongous(continues), CS=collection set, F=free, A=archive, TAMS=top-at-mark-start (previous, next)
|   0|0x0000000081c00000, 0x0000000081d00000, 0x0000000081d00000|100%|HS|  |TAMS 0x0000000081d00000, 0x0000000081c00000| Complete 
|   1|0x0000000081d00000, 0x0000000081e00000, 0x0000000081e00000|100%|HC|  |TAMS 0x0000000081e00000, 0x0000000081d00000| Complete 
|   2|0x0000000081e00000, 0x0000000081f00000, 0x0000000081f00000|100%|HC|  |TAMS 0x0000000081f00000, 0x0000000081e00000| Complete 
|   3|0x0000000081f00000, 0x0000000082000000, 0x0000000082000000|100%| O|  |TAMS 0x0000000082000000, 0x0000000081f00000| Untracked 
|   4|0x0000000082000000, 0x0000000082100000, 0x0000000082100000|100%| O|  |TAMS 0x0000000082100000, 0x0000000082000000| Untracked 
|   5|0x0000000082100000, 0x0000000082200000, 0x0000000082200000|100%|HS|  |TAMS 0x0000000082200000, 0x0000000082100000| Complete 
|   6|0x0000000082200000, 0x0000000082300000, 0x0000000082300000|100%|HC|  |TAMS 0x0000000082300000, 0x0000000082200000| Complete 
|   7|0x0000000082300000, 0x0000000082400000, 0x0000000082400000|100%|HC|  |TAMS 0x0000000082400000, 0x0000000082300000| Complete 
|   8|0x0000000082400000, 0x0000000082500000, 0x0000000082500000|100%| O|  |TAMS 0x0000000082500000, 0x0000000082400000| Untracked 
|   9|0x0000000082500000, 0x0000000082600000, 0x0000000082600000|100%| O|  |TAMS 0x0000000082600000, 0x0000000082500000| Untracked 
|  10|0x0000000082600000, 0x0000000082700000, 0x0000000082700000|100%| O|  |TAMS 0x0000000082700000, 0x0000000082600000| Untracked 
|  11|0x0000000082700000, 0x0000000082800000, 0x0000000082800000|100%| O|  |TAMS 0x0000000082800000, 0x0000000082700000| Untracked 
|  12|0x0000000082800000, 0x0000000082900000, 0x0000000082900000|100%| O|  |TAMS 0x0000000082900000, 0x0000000082800000| Untracked 
|  13|0x0000000082900000, 0x0000000082a00000, 0x0000000082a00000|100%| O|  |TAMS 0x0000000082a00000, 0x0000000082900000| Untracked 
|  14|0x0000000082a00000, 0x0000000082b00000, 0x0000000082b00000|100%| O|  |TAMS 0x0000000082b00000, 0x0000000082a00000| Untracked 
|  15|0x0000000082b00000, 0x0000000082c00000, 0x0000000082c00000|100%| O|  |TAMS 0x0000000082c00000, 0x0000000082b00000| Untracked 
|  16|0x0000000082c00000, 0x0000000082d00000, 0x0000000082d00000|100%| O|  |TAMS 0x0000000082d00000, 0x0000000082c00000| Untracked 
|  17|0x0000000082d00000, 0x0000000082e00000, 0x0000000082e00000|100%| O|  |TAMS 0x0000000082e00000, 0x0000000082d00000| Untracked 
|  18|0x0000000082e00000, 0x0000000082f00000, 0x0000000082f00000|100%| O|  |TAMS 0x0000000082f00000, 0x0000000082e00000| Untracked 
|  19|0x0000000082f00000, 0x0000000083000000, 0x0000000083000000|100%| O|  |TAMS 0x0000000083000000, 0x0000000082f00000| Untracked 
|  20|0x0000000083000000, 0x0000000083100000, 0x0000000083100000|100%| O|  |TAMS 0x0000000083100000, 0x0000000083000000| Untracked 
|  21|0x0000000083100000, 0x0000000083200000, 0x0000000083200000|100%| O|  |TAMS 0x0000000083200000, 0x0000000083100000| Untracked 
|  22|0x0000000083200000, 0x0000000083300000, 0x0000000083300000|100%|HS|  |TAMS 0x0000000083300000, 0x0000000083200000| Complete 
|  23|0x0000000083300000, 0x0000000083400000, 0x0000000083400000|100%| O|  |TAMS 0x0000000083300000, 0x0000000083300000| Untracked 
|  24|0x0000000083400000, 0x0000000083500000, 0x0000000083500000|100%| O|  |TAMS 0x0000000083500000, 0x0000000083400000| Untracked 
|  25|0x0000000083500000, 0x0000000083600000, 0x0000000083600000|100%| O|  |TAMS 0x0000000083600000, 0x0000000083500000| Untracked 
|  26|0x0000000083600000, 0x0000000083700000, 0x0000000083700000|100%| O|  |TAMS 0x0000000083700000, 0x0000000083600000| Untracked 
|  27|0x0000000083700000, 0x0000000083800000, 0x0000000083800000|100%| O|  |TAMS 0x0000000083800000, 0x0000000083700000| Untracked 
|  28|0x0000000083800000, 0x0000000083900000, 0x0000000083900000|100%| O|  |TAMS 0x0000000083900000, 0x0000000083800000| Untracked 
|  29|0x0000000083900000, 0x0000000083a00000, 0x0000000083a00000|100%| O|  |TAMS 0x0000000083900000, 0x0000000083900000| Untracked 
|  30|0x0000000083a00000, 0x0000000083b00000, 0x0000000083b00000|100%| O|  |TAMS 0x0000000083a00000, 0x0000000083a00000| Untracked 
|  31|0x0000000083b00000, 0x0000000083c00000, 0x0000000083c00000|100%| O|  |TAMS 0x0000000083b00000, 0x0000000083b00000| Untracked 
|  32|0x0000000083c00000, 0x0000000083d00000, 0x0000000083d00000|100%| O|  |TAMS 0x0000000083c00000, 0x0000000083c00000| Untracked 
|  33|0x0000000083d00000, 0x0000000083e00000, 0x0000000083e00000|100%| O|  |TAMS 0x0000000083d00000, 0x0000000083d00000| Untracked 
|  34|0x0000000083e00000, 0x0000000083f00000, 0x0000000083f00000|100%|HS|  |TAMS 0x0000000083e00000, 0x0000000083e00000| Complete 
|  35|0x0000000083f00000, 0x0000000084000000, 0x0000000084000000|100%|HC|  |TAMS 0x0000000083f00000, 0x0000000083f00000| Complete 
|  36|0x0000000084000000, 0x0000000084100000, 0x0000000084100000|100%|HC|  |TAMS 0x0000000084000000, 0x0000000084000000| Complete 
|  37|0x0000000084100000, 0x0000000084200000, 0x0000000084200000|100%|HC|  |TAMS 0x0000000084100000, 0x0000000084100000| Complete 
|  38|0x0000000084200000, 0x0000000084300000, 0x0000000084300000|100%|HC|  |TAMS 0x0000000084200000, 0x0000000084200000| Complete 
|  39|0x0000000084300000, 0x0000000084400000, 0x0000000084400000|100%| O|  |TAMS 0x0000000084300000, 0x0000000084300000| Untracked 
|  40|0x0000000084400000, 0x0000000084500000, 0x0000000084500000|100%| O|  |TAMS 0x0000000084400000, 0x0000000084400000| Untracked 
|  41|0x0000000084500000, 0x0000000084600000, 0x0000000084600000|100%| O|  |TAMS 0x0000000084500000, 0x0000000084500000| Untracked 
|  42|0x0000000084600000, 0x0000000084700000, 0x0000000084700000|100%| O|  |TAMS 0x0000000084600000, 0x0000000084600000| Untracked 
|  43|0x0000000084700000, 0x00000000847d3200, 0x0000000084800000| 82%| O|  |TAMS 0x0000000084700000, 0x0000000084700000| Untracked 
|  44|0x0000000084800000, 0x0000000084800000, 0x0000000084900000|  0%| F|  |TAMS 0x0000000084800000, 0x0000000084800000| Untracked 
|  45|0x0000000084900000, 0x0000000084900000, 0x0000000084a00000|  0%| F|  |TAMS 0x0000000084900000, 0x0000000084900000| Untracked 
|  46|0x0000000084a00000, 0x0000000084a00000, 0x0000000084b00000|  0%| F|  |TAMS 0x0000000084a00000, 0x0000000084a00000| Untracked 
|  47|0x0000000084b00000, 0x0000000084b00000, 0x0000000084c00000|  0%| F|  |TAMS 0x0000000084b00000, 0x0000000084b00000| Untracked 
|  48|0x0000000084c00000, 0x0000000084c00000, 0x0000000084d00000|  0%| F|  |TAMS 0x0000000084c00000, 0x0000000084c00000| Untracked 
|  49|0x0000000084d00000, 0x0000000084d00000, 0x0000000084e00000|  0%| F|  |TAMS 0x0000000084d00000, 0x0000000084d00000| Untracked 
|  50|0x0000000084e00000, 0x0000000084e00000, 0x0000000084f00000|  0%| F|  |TAMS 0x0000000084e00000, 0x0000000084e00000| Untracked 
|  51|0x0000000084f00000, 0x0000000084f00000, 0x0000000085000000|  0%| F|  |TAMS 0x0000000084f00000, 0x0000000084f00000| Untracked 
|  52|0x0000000085000000, 0x0000000085000000, 0x0000000085100000|  0%| F|  |TAMS 0x0000000085000000, 0x0000000085000000| Untracked 
|  53|0x0000000085100000, 0x0000000085100000, 0x0000000085200000|  0%| F|  |TAMS 0x0000000085100000, 0x0000000085100000| Untracked 
|  54|0x0000000085200000, 0x0000000085200000, 0x0000000085300000|  0%| F|  |TAMS 0x0000000085200000, 0x0000000085200000| Untracked 
|  55|0x0000000085300000, 0x0000000085300000, 0x0000000085400000|  0%| F|  |TAMS 0x0000000085300000, 0x0000000085300000| Untracked 
|  56|0x0000000085400000, 0x0000000085400000, 0x0000000085500000|  0%| F|  |TAMS 0x0000000085400000, 0x0000000085400000| Untracked 
|  57|0x0000000085500000, 0x0000000085500000, 0x0000000085600000|  0%| F|  |TAMS 0x0000000085500000, 0x0000000085500000| Untracked 
|  58|0x0000000085600000, 0x0000000085600000, 0x0000000085700000|  0%| F|  |TAMS 0x0000000085600000, 0x0000000085600000| Untracked 
|  59|0x0000000085700000, 0x0000000085700000, 0x0000000085800000|  0%| F|  |TAMS 0x0000000085700000, 0x0000000085700000| Untracked 
|  60|0x0000000085800000, 0x0000000085800000, 0x0000000085900000|  0%| F|  |TAMS 0x0000000085800000, 0x0000000085800000| Untracked 
|  61|0x0000000085900000, 0x0000000085900000, 0x0000000085a00000|  0%| F|  |TAMS 0x0000000085900000, 0x0000000085900000| Untracked 
|  62|0x0000000085a00000, 0x0000000085a00000, 0x0000000085b00000|  0%| F|  |TAMS 0x0000000085a00000, 0x0000000085a00000| Untracked 
|  63|0x0000000085b00000, 0x0000000085b00000, 0x0000000085c00000|  0%| F|  |TAMS 0x0000000085b00000, 0x0000000085b00000| Untracked 
|  64|0x0000000085c00000, 0x0000000085c00000, 0x0000000085d00000|  0%| F|  |TAMS 0x0000000085c00000, 0x0000000085c00000| Untracked 
|  65|0x0000000085d00000, 0x0000000085d00000, 0x0000000085e00000|  0%| F|  |TAMS 0x0000000085d00000, 0x0000000085d00000| Untracked 
|  66|0x0000000085e00000, 0x0000000085e00000, 0x0000000085f00000|  0%| F|  |TAMS 0x0000000085e00000, 0x0000000085e00000| Untracked 
|  67|0x0000000085f00000, 0x0000000085f00000, 0x0000000086000000|  0%| F|  |TAMS 0x0000000085f00000, 0x0000000085f00000| Untracked 
|  68|0x0000000086000000, 0x0000000086000000, 0x0000000086100000|  0%| F|  |TAMS 0x0000000086000000, 0x0000000086000000| Untracked 
|  69|0x0000000086100000, 0x0000000086100000, 0x0000000086200000|  0%| F|  |TAMS 0x0000000086100000, 0x0000000086100000| Untracked 
|  70|0x0000000086200000, 0x0000000086200000, 0x0000000086300000|  0%| F|  |TAMS 0x0000000086200000, 0x0000000086200000| Untracked 
|  71|0x0000000086300000, 0x0000000086300000, 0x0000000086400000|  0%| F|  |TAMS 0x0000000086300000, 0x0000000086300000| Untracked 
|  72|0x0000000086400000, 0x0000000086400000, 0x0000000086500000|  0%| F|  |TAMS 0x0000000086400000, 0x0000000086400000| Untracked 
|  73|0x0000000086500000, 0x0000000086500000, 0x0000000086600000|  0%| F|  |TAMS 0x0000000086500000, 0x0000000086500000| Untracked 
|  74|0x0000000086600000, 0x0000000086600000, 0x0000000086700000|  0%| F|  |TAMS 0x0000000086600000, 0x0000000086600000| Untracked 
|  75|0x0000000086700000, 0x0000000086700000, 0x0000000086800000|  0%| F|  |TAMS 0x0000000086700000, 0x0000000086700000| Untracked 
|  76|0x0000000086800000, 0x0000000086800000, 0x0000000086900000|  0%| F|  |TAMS 0x0000000086800000, 0x0000000086800000| Untracked 
|  77|0x0000000086900000, 0x0000000086900000, 0x0000000086a00000|  0%| F|  |TAMS 0x0000000086900000, 0x0000000086900000| Untracked 
|  78|0x0000000086a00000, 0x0000000086a00000, 0x0000000086b00000|  0%| F|  |TAMS 0x0000000086a00000, 0x0000000086a00000| Untracked 
|  79|0x0000000086b00000, 0x0000000086b00000, 0x0000000086c00000|  0%| F|  |TAMS 0x0000000086b00000, 0x0000000086b00000| Untracked 
|  80|0x0000000086c00000, 0x0000000086c00000, 0x0000000086d00000|  0%| F|  |TAMS 0x0000000086c00000, 0x0000000086c00000| Untracked 
|  81|0x0000000086d00000, 0x0000000086d00000, 0x0000000086e00000|  0%| F|  |TAMS 0x0000000086d00000, 0x0000000086d00000| Untracked 
|  82|0x0000000086e00000, 0x0000000086e00000, 0x0000000086f00000|  0%| F|  |TAMS 0x0000000086e00000, 0x0000000086e00000| Untracked 
|  83|0x0000000086f00000, 0x0000000086f00000, 0x0000000087000000|  0%| F|  |TAMS 0x0000000086f00000, 0x0000000086f00000| Untracked 
|  84|0x0000000087000000, 0x0000000087000000, 0x0000000087100000|  0%| F|  |TAMS 0x0000000087000000, 0x0000000087000000| Untracked 
|  85|0x0000000087100000, 0x0000000087200000, 0x0000000087200000|100%| S|CS|TAMS 0x0000000087100000, 0x0000000087100000| Complete 
|  86|0x0000000087200000, 0x0000000087300000, 0x0000000087300000|100%| S|CS|TAMS 0x0000000087200000, 0x0000000087200000| Complete 
|  87|0x0000000087300000, 0x0000000087400000, 0x0000000087400000|100%| S|CS|TAMS 0x0000000087300000, 0x0000000087300000| Complete 
|  88|0x0000000087400000, 0x0000000087500000, 0x0000000087500000|100%| S|CS|TAMS 0x0000000087400000, 0x0000000087400000| Complete 
|  89|0x0000000087500000, 0x0000000087500000, 0x0000000087600000|  0%| F|  |TAMS 0x0000000087500000, 0x0000000087500000| Untracked 
|  90|0x0000000087600000, 0x0000000087600000, 0x0000000087700000|  0%| F|  |TAMS 0x0000000087600000, 0x0000000087600000| Untracked 
|  91|0x0000000087700000, 0x0000000087700000, 0x0000000087800000|  0%| F|  |TAMS 0x0000000087700000, 0x0000000087700000| Untracked 
|  92|0x0000000087800000, 0x0000000087800000, 0x0000000087900000|  0%| F|  |TAMS 0x0000000087800000, 0x0000000087800000| Untracked 
|  93|0x0000000087900000, 0x0000000087900000, 0x0000000087a00000|  0%| F|  |TAMS 0x0000000087900000, 0x0000000087900000| Untracked 
|  94|0x0000000087a00000, 0x0000000087a00000, 0x0000000087b00000|  0%| F|  |TAMS 0x0000000087a00000, 0x0000000087a00000| Untracked 
|  95|0x0000000087b00000, 0x0000000087b00000, 0x0000000087c00000|  0%| F|  |TAMS 0x0000000087b00000, 0x0000000087b00000| Untracked 
|  96|0x0000000087c00000, 0x0000000087c00000, 0x0000000087d00000|  0%| F|  |TAMS 0x0000000087c00000, 0x0000000087c00000| Untracked 
|  97|0x0000000087d00000, 0x0000000087e00000, 0x0000000087e00000|100%| S|CS|TAMS 0x0000000087d00000, 0x0000000087d00000| Complete 
|  98|0x0000000087e00000, 0x0000000087f00000, 0x0000000087f00000|100%| S|CS|TAMS 0x0000000087e00000, 0x0000000087e00000| Complete 
|  99|0x0000000087f00000, 0x0000000088000000, 0x0000000088000000|100%| S|CS|TAMS 0x0000000087f00000, 0x0000000087f00000| Complete 
| 100|0x0000000088000000, 0x0000000088100000, 0x0000000088100000|100%| S|CS|TAMS 0x0000000088000000, 0x0000000088000000| Complete 
| 101|0x0000000088100000, 0x0000000088100000, 0x0000000088200000|  0%| F|  |TAMS 0x0000000088100000, 0x0000000088100000| Untracked 
| 102|0x0000000088200000, 0x0000000088200000, 0x0000000088300000|  0%| F|  |TAMS 0x0000000088200000, 0x0000000088200000| Untracked 
| 103|0x0000000088300000, 0x0000000088300000, 0x0000000088400000|  0%| F|  |TAMS 0x0000000088300000, 0x0000000088300000| Untracked 
| 104|0x0000000088400000, 0x0000000088400000, 0x0000000088500000|  0%| F|  |TAMS 0x0000000088400000, 0x0000000088400000| Untracked 
| 105|0x0000000088500000, 0x0000000088500000, 0x0000000088600000|  0%| F|  |TAMS 0x0000000088500000, 0x0000000088500000| Untracked 
| 106|0x0000000088600000, 0x0000000088600000, 0x0000000088700000|  0%| F|  |TAMS 0x0000000088600000, 0x0000000088600000| Untracked 
| 107|0x0000000088700000, 0x0000000088700000, 0x0000000088800000|  0%| F|  |TAMS 0x0000000088700000, 0x0000000088700000| Untracked 
| 108|0x0000000088800000, 0x0000000088800000, 0x0000000088900000|  0%| F|  |TAMS 0x0000000088800000, 0x0000000088800000| Untracked 
| 109|0x0000000088900000, 0x0000000088900000, 0x0000000088a00000|  0%| F|  |TAMS 0x0000000088900000, 0x0000000088900000| Untracked 
| 110|0x0000000088a00000, 0x0000000088a00000, 0x0000000088b00000|  0%| F|  |TAMS 0x0000000088a00000, 0x0000000088a00000| Untracked 
| 111|0x0000000088b00000, 0x0000000088b00000, 0x0000000088c00000|  0%| F|  |TAMS 0x0000000088b00000, 0x0000000088b00000| Untracked 
| 112|0x0000000088c00000, 0x0000000088c00000, 0x0000000088d00000|  0%| F|  |TAMS 0x0000000088c00000, 0x0000000088c00000| Untracked 
| 113|0x0000000088d00000, 0x0000000088d00000, 0x0000000088e00000|  0%| F|  |TAMS 0x0000000088d00000, 0x0000000088d00000| Untracked 
| 114|0x0000000088e00000, 0x0000000088e00000, 0x0000000088f00000|  0%| F|  |TAMS 0x0000000088e00000, 0x0000000088e00000| Untracked 
| 115|0x0000000088f00000, 0x0000000088f00000, 0x0000000089000000|  0%| F|  |TAMS 0x0000000088f00000, 0x0000000088f00000| Untracked 
| 116|0x0000000089000000, 0x0000000089000000, 0x0000000089100000|  0%| F|  |TAMS 0x0000000089000000, 0x0000000089000000| Untracked 
| 117|0x0000000089100000, 0x0000000089100000, 0x0000000089200000|  0%| F|  |TAMS 0x0000000089100000, 0x0000000089100000| Untracked 
| 118|0x0000000089200000, 0x0000000089200000, 0x0000000089300000|  0%| F|  |TAMS 0x0000000089200000, 0x0000000089200000| Untracked 
| 119|0x0000000089300000, 0x0000000089300000, 0x0000000089400000|  0%| F|  |TAMS 0x0000000089300000, 0x0000000089300000| Untracked 
| 120|0x0000000089400000, 0x0000000089400000, 0x0000000089500000|  0%| F|  |TAMS 0x0000000089400000, 0x0000000089400000| Untracked 
| 121|0x0000000089500000, 0x0000000089500000, 0x0000000089600000|  0%| F|  |TAMS 0x0000000089500000, 0x0000000089500000| Untracked 
| 122|0x0000000089600000, 0x0000000089600000, 0x0000000089700000|  0%| F|  |TAMS 0x0000000089600000, 0x0000000089600000| Untracked 
| 123|0x0000000089700000, 0x0000000089700000, 0x0000000089800000|  0%| F|  |TAMS 0x0000000089700000, 0x0000000089700000| Untracked 
| 124|0x0000000089800000, 0x0000000089800000, 0x0000000089900000|  0%| F|  |TAMS 0x0000000089800000, 0x0000000089800000| Untracked 
| 125|0x0000000089900000, 0x0000000089900000, 0x0000000089a00000|  0%| F|  |TAMS 0x0000000089900000, 0x0000000089900000| Untracked 
| 126|0x0000000089a00000, 0x0000000089a00000, 0x0000000089b00000|  0%| F|  |TAMS 0x0000000089a00000, 0x0000000089a00000| Untracked 
| 127|0x0000000089b00000, 0x0000000089b00000, 0x0000000089c00000|  0%| F|  |TAMS 0x0000000089b00000, 0x0000000089b00000| Untracked 
| 128|0x0000000089c00000, 0x0000000089c00000, 0x0000000089d00000|  0%| F|  |TAMS 0x0000000089c00000, 0x0000000089c00000| Untracked 
| 129|0x0000000089d00000, 0x0000000089d00000, 0x0000000089e00000|  0%| F|  |TAMS 0x0000000089d00000, 0x0000000089d00000| Untracked 
| 130|0x0000000089e00000, 0x0000000089e00000, 0x0000000089f00000|  0%| F|  |TAMS 0x0000000089e00000, 0x0000000089e00000| Untracked 
| 131|0x0000000089f00000, 0x0000000089f00000, 0x000000008a000000|  0%| F|  |TAMS 0x0000000089f00000, 0x0000000089f00000| Untracked 
| 132|0x000000008a000000, 0x000000008a000000, 0x000000008a100000|  0%| F|  |TAMS 0x000000008a000000, 0x000000008a000000| Untracked 
| 133|0x000000008a100000, 0x000000008a100000, 0x000000008a200000|  0%| F|  |TAMS 0x000000008a100000, 0x000000008a100000| Untracked 
| 134|0x000000008a200000, 0x000000008a200000, 0x000000008a300000|  0%| F|  |TAMS 0x000000008a200000, 0x000000008a200000| Untracked 
| 135|0x000000008a300000, 0x000000008a300000, 0x000000008a400000|  0%| F|  |TAMS 0x000000008a300000, 0x000000008a300000| Untracked 
| 136|0x000000008a400000, 0x000000008a400000, 0x000000008a500000|  0%| F|  |TAMS 0x000000008a400000, 0x000000008a400000| Untracked 
| 137|0x000000008a500000, 0x000000008a500000, 0x000000008a600000|  0%| F|  |TAMS 0x000000008a500000, 0x000000008a500000| Untracked 
| 138|0x000000008a600000, 0x000000008a600000, 0x000000008a700000|  0%| F|  |TAMS 0x000000008a600000, 0x000000008a600000| Untracked 
| 139|0x000000008a700000, 0x000000008a700000, 0x000000008a800000|  0%| F|  |TAMS 0x000000008a700000, 0x000000008a700000| Untracked 
| 140|0x000000008a800000, 0x000000008a800000, 0x000000008a900000|  0%| F|  |TAMS 0x000000008a800000, 0x000000008a800000| Untracked 
| 141|0x000000008a900000, 0x000000008a900000, 0x000000008aa00000|  0%| F|  |TAMS 0x000000008a900000, 0x000000008a900000| Untracked 
| 142|0x000000008aa00000, 0x000000008aa00000, 0x000000008ab00000|  0%| F|  |TAMS 0x000000008aa00000, 0x000000008aa00000| Untracked 
| 143|0x000000008ab00000, 0x000000008ab00000, 0x000000008ac00000|  0%| F|  |TAMS 0x000000008ab00000, 0x000000008ab00000| Untracked 
| 144|0x000000008ac00000, 0x000000008ac00000, 0x000000008ad00000|  0%| F|  |TAMS 0x000000008ac00000, 0x000000008ac00000| Untracked 
| 145|0x000000008ad00000, 0x000000008ad00000, 0x000000008ae00000|  0%| F|  |TAMS 0x000000008ad00000, 0x000000008ad00000| Untracked 
| 146|0x000000008ae00000, 0x000000008ae00000, 0x000000008af00000|  0%| F|  |TAMS 0x000000008ae00000, 0x000000008ae00000| Untracked 
| 147|0x000000008af00000, 0x000000008af00000, 0x000000008b000000|  0%| F|  |TAMS 0x000000008af00000, 0x000000008af00000| Untracked 
| 148|0x000000008b000000, 0x000000008b000000, 0x000000008b100000|  0%| F|  |TAMS 0x000000008b000000, 0x000000008b000000| Untracked 
| 149|0x000000008b100000, 0x000000008b100000, 0x000000008b200000|  0%| F|  |TAMS 0x000000008b100000, 0x000000008b100000| Untracked 
| 150|0x000000008b200000, 0x000000008b200000, 0x000000008b300000|  0%| F|  |TAMS 0x000000008b200000, 0x000000008b200000| Untracked 
| 151|0x000000008b300000, 0x000000008b300000, 0x000000008b400000|  0%| F|  |TAMS 0x000000008b300000, 0x000000008b300000| Untracked 
| 152|0x000000008b400000, 0x000000008b400000, 0x000000008b500000|  0%| F|  |TAMS 0x000000008b400000, 0x000000008b400000| Untracked 
| 153|0x000000008b500000, 0x000000008b500000, 0x000000008b600000|  0%| F|  |TAMS 0x000000008b500000, 0x000000008b500000| Untracked 

Card table byte_map: [0x0000027217aa0000,0x0000027217ea0000] _byte_map_base: 0x0000027217692000

Marking Bits (Prev, Next): (CMBitMap*) 0x000002727fd39a80, (CMBitMap*) 0x000002727fd39a48
 Prev Bits: [0x000002721a230000, 0x000002721c1c0000)
 Next Bits: [0x00000272182a0000, 0x000002721a230000)

Polling page: 0x000002727de90000

Metaspace:

Usage:
  Non-class:     50.61 MB capacity,    50.18 MB (>99%) used,   344.87 KB ( <1%) free+waste,    95.63 KB ( <1%) overhead. 
      Class:      6.72 MB capacity,     6.43 MB ( 96%) used,   260.49 KB (  4%) free+waste,    42.69 KB ( <1%) overhead. 
       Both:     57.33 MB capacity,    56.60 MB ( 99%) used,   605.36 KB (  1%) free+waste,   138.31 KB ( <1%) overhead. 

Virtual space:
  Non-class space:       52.00 MB reserved,      50.75 MB ( 98%) committed 
      Class space:        1.00 GB reserved,       6.75 MB ( <1%) committed 
             Both:        1.05 GB reserved,      57.50 MB (  5%) committed 

Chunk freelists:
   Non-Class:  16.00 KB
       Class:  29.00 KB
        Both:  45.00 KB

MaxMetaspaceSize: 17179869184.00 GB
CompressedClassSpaceSize: 1.00 GB
Initial GC threshold: 20.80 MB
Current GC threshold: 67.92 MB
CDS: off

CodeHeap 'non-profiled nmethods': size=120064Kb used=3165Kb max_used=3165Kb free=116899Kb
 bounds [0x0000027210160000, 0x0000027210480000, 0x00000272176a0000]
CodeHeap 'profiled nmethods': size=120000Kb used=15187Kb max_used=15187Kb free=104813Kb
 bounds [0x0000027208c30000, 0x0000027209b10000, 0x0000027210160000]
CodeHeap 'non-nmethods': size=5696Kb used=1289Kb max_used=1340Kb free=4406Kb
 bounds [0x00000272086a0000, 0x0000027208910000, 0x0000027208c30000]
 total_blobs=7173 nmethods=6599 adapters=485
 compilation: enabled
              stopped_count=0, restarted_count=0
 full_count=0

Compilation events (20 events):
Event: 9.693 Thread 0x000002721e4bf000 nmethod 6646 0x0000027210475790 code [0x0000027210475940, 0x0000027210475a28]
Event: 9.697 Thread 0x000002721e4bc800 6647       3       org.jetbrains.kotlin.util.collectionUtils.ScopeUtilsKt::concat (61 bytes)
Event: 9.698 Thread 0x000002721e4bc800 nmethod 6647 0x0000027209afca90 code [0x0000027209afcda0, 0x0000027209afde18]
Event: 9.699 Thread 0x000002721e4bc800 6648       3       org.jetbrains.kotlin.serialization.deserialization.descriptors.DeserializedMemberScope::getContributedVariables (24 bytes)
Event: 9.700 Thread 0x000002721e4bc800 nmethod 6648 0x0000027209afe390 code [0x0000027209afe640, 0x0000027209aff0e8]
Event: 9.700 Thread 0x000002721e4bc800 6649       3       org.jetbrains.kotlin.serialization.deserialization.descriptors.DeserializedMemberScope$OptimizedImplementation::getContributedVariables (48 bytes)
Event: 9.702 Thread 0x000002721e4bc800 nmethod 6649 0x0000027209aff510 code [0x0000027209aff920, 0x0000027209b01248]
Event: 9.702 Thread 0x000002721e4bf000 6650       4       org.jetbrains.kotlin.serialization.deserialization.descriptors.DeserializedMemberScope::hasClass (17 bytes)
Event: 9.706 Thread 0x000002721e4bf000 nmethod 6650 0x0000027210475b90 code [0x0000027210475d60, 0x0000027210475f38]
Event: 9.706 Thread 0x000002721e4bf000 6651       4       org.jetbrains.kotlin.serialization.deserialization.descriptors.DeserializedPackageMemberScope::hasClass (116 bytes)
Event: 9.730 Thread 0x000002721e4bf000 nmethod 6651 0x0000027210476190 code [0x0000027210476420, 0x0000027210476cd0]
Event: 9.737 Thread 0x000002721e4bc800 6652       3       org.jetbrains.kotlin.resolve.calls.tower.ImplicitScopeTowerKt::getResultApplicabilityForCallDiagnostics (159 bytes)
Event: 9.739 Thread 0x000002721e4bc800 nmethod 6652 0x0000027209b01a90 code [0x0000027209b01d80, 0x0000027209b02ec8]
Event: 9.739 Thread 0x000002721e4bc800 6653       3       org.jetbrains.kotlin.com.intellij.openapi.util.Key::getKeyByIndex (13 bytes)
Event: 9.740 Thread 0x000002721e4bc800 nmethod 6653 0x0000027209b03390 code [0x0000027209b03580, 0x0000027209b03ad8]
Event: 9.740 Thread 0x000002721e4bc800 6654       3       org.jetbrains.kotlin.com.intellij.util.containers.ConcurrentIntKeyRefValueHashMap::get (17 bytes)
Event: 9.740 Thread 0x000002721e4bc800 nmethod 6654 0x0000027209b03c90 code [0x0000027209b03e80, 0x0000027209b04238]
Event: 9.751 Thread 0x000002721e4bf000 6655   !   4       java.util.concurrent.ConcurrentHashMap::putVal (432 bytes)
Event: 9.795 Thread 0x000002721e4bc800 6656       3       org.jetbrains.kotlin.protobuf.LazyStringArrayList::<init> (16 bytes)
Event: 9.796 Thread 0x000002721e4bc800 nmethod 6656 0x0000027209b04390 code [0x0000027209b04580, 0x0000027209b04a38]

GC Heap History (17 events):
Event: 0.581 GC heap before
{Heap before GC invocations=0 (full 0):
 garbage-first heap   total 131072K, used 17408K [0x0000000081c00000, 0x0000000100000000)
  region size 1024K, 14 young (14336K), 0 survivors (0K)
 Metaspace       used 9813K, capacity 9906K, committed 10112K, reserved 1058816K
  class space    used 824K, capacity 853K, committed 896K, reserved 1048576K
}
Event: 0.585 GC heap after
{Heap after GC invocations=1 (full 0):
 garbage-first heap   total 131072K, used 5257K [0x0000000081c00000, 0x0000000100000000)
  region size 1024K, 2 young (2048K), 2 survivors (2048K)
 Metaspace       used 9813K, capacity 9906K, committed 10112K, reserved 1058816K
  class space    used 824K, capacity 853K, committed 896K, reserved 1048576K
}
Event: 1.766 GC heap before
{Heap before GC invocations=1 (full 0):
 garbage-first heap   total 131072K, used 52361K [0x0000000081c00000, 0x0000000100000000)
  region size 1024K, 49 young (50176K), 2 survivors (2048K)
 Metaspace       used 20995K, capacity 21204K, committed 21248K, reserved 1069056K
  class space    used 2206K, capacity 2283K, committed 2304K, reserved 1048576K
}
Event: 1.780 GC heap after
{Heap after GC invocations=2 (full 0):
 garbage-first heap   total 131072K, used 9133K [0x0000000081c00000, 0x0000000100000000)
  region size 1024K, 6 young (6144K), 6 survivors (6144K)
 Metaspace       used 20995K, capacity 21204K, committed 21248K, reserved 1069056K
  class space    used 2206K, capacity 2283K, committed 2304K, reserved 1048576K
}
Event: 2.995 GC heap before
{Heap before GC invocations=3 (full 0):
 garbage-first heap   total 131072K, used 77741K [0x0000000081c00000, 0x0000000100000000)
  region size 1024K, 54 young (55296K), 6 survivors (6144K)
 Metaspace       used 30998K, capacity 31564K, committed 31872K, reserved 1077248K
  class space    used 3649K, capacity 3881K, committed 3968K, reserved 1048576K
}
Event: 3.013 GC heap after
{Heap after GC invocations=4 (full 0):
 garbage-first heap   total 131072K, used 23427K [0x0000000081c00000, 0x0000000100000000)
  region size 1024K, 6 young (6144K), 6 survivors (6144K)
 Metaspace       used 30998K, capacity 31564K, committed 31872K, reserved 1077248K
  class space    used 3649K, capacity 3881K, committed 3968K, reserved 1048576K
}
Event: 3.867 GC heap before
{Heap before GC invocations=4 (full 0):
 garbage-first heap   total 131072K, used 73603K [0x0000000081c00000, 0x0000000100000000)
  region size 1024K, 54 young (55296K), 6 survivors (6144K)
 Metaspace       used 34613K, capacity 35087K, committed 35456K, reserved 1081344K
  class space    used 4216K, capacity 4431K, committed 4480K, reserved 1048576K
}
Event: 3.891 GC heap after
{Heap after GC invocations=5 (full 0):
 garbage-first heap   total 131072K, used 27320K [0x0000000081c00000, 0x0000000100000000)
  region size 1024K, 7 young (7168K), 7 survivors (7168K)
 Metaspace       used 34613K, capacity 35087K, committed 35456K, reserved 1081344K
  class space    used 4216K, capacity 4431K, committed 4480K, reserved 1048576K
}
Event: 3.929 GC heap before
{Heap before GC invocations=5 (full 0):
 garbage-first heap   total 131072K, used 28344K [0x0000000081c00000, 0x0000000100000000)
  region size 1024K, 9 young (9216K), 7 survivors (7168K)
 Metaspace       used 35141K, capacity 35631K, committed 35840K, reserved 1081344K
  class space    used 4268K, capacity 4463K, committed 4480K, reserved 1048576K
}
Event: 3.940 GC heap after
{Heap after GC invocations=6 (full 0):
 garbage-first heap   total 157696K, used 28672K [0x0000000081c00000, 0x0000000100000000)
  region size 1024K, 1 young (1024K), 1 survivors (1024K)
 Metaspace       used 35141K, capacity 35631K, committed 35840K, reserved 1081344K
  class space    used 4268K, capacity 4463K, committed 4480K, reserved 1048576K
}
Event: 4.699 GC heap before
{Heap before GC invocations=7 (full 0):
 garbage-first heap   total 157696K, used 71680K [0x0000000081c00000, 0x0000000100000000)
  region size 1024K, 33 young (33792K), 1 survivors (1024K)
 Metaspace       used 40238K, capacity 40793K, committed 41088K, reserved 1085440K
  class space    used 4757K, capacity 4986K, committed 4992K, reserved 1048576K
}
Event: 4.708 GC heap after
{Heap after GC invocations=8 (full 0):
 garbage-first heap   total 157696K, used 33099K [0x0000000081c00000, 0x0000000100000000)
  region size 1024K, 5 young (5120K), 5 survivors (5120K)
 Metaspace       used 40238K, capacity 40793K, committed 41088K, reserved 1085440K
  class space    used 4757K, capacity 4986K, committed 4992K, reserved 1048576K
}
Event: 6.006 GC heap before
{Heap before GC invocations=9 (full 0):
 garbage-first heap   total 157696K, used 74059K [0x0000000081c00000, 0x0000000100000000)
  region size 1024K, 44 young (45056K), 5 survivors (5120K)
 Metaspace       used 48145K, capacity 48858K, committed 48896K, reserved 1091584K
  class space    used 5609K, capacity 5876K, committed 5888K, reserved 1048576K
}
Event: 6.018 GC heap after
{Heap after GC invocations=10 (full 0):
 garbage-first heap   total 157696K, used 37326K [0x0000000081c00000, 0x0000000100000000)
  region size 1024K, 4 young (4096K), 4 survivors (4096K)
 Metaspace       used 48145K, capacity 48858K, committed 48896K, reserved 1091584K
  class space    used 5609K, capacity 5876K, committed 5888K, reserved 1048576K
}
Event: 7.199 GC heap before
{Heap before GC invocations=10 (full 0):
 garbage-first heap   total 157696K, used 95694K [0x0000000081c00000, 0x0000000100000000)
  region size 1024K, 57 young (58368K), 4 survivors (4096K)
 Metaspace       used 54428K, capacity 55130K, committed 55296K, reserved 1097728K
  class space    used 6332K, capacity 6618K, committed 6656K, reserved 1048576K
}
Event: 7.210 GC heap after
{Heap after GC invocations=11 (full 0):
 garbage-first heap   total 157696K, used 45989K [0x0000000081c00000, 0x0000000100000000)
  region size 1024K, 8 young (8192K), 8 survivors (8192K)
 Metaspace       used 54428K, capacity 55130K, committed 55296K, reserved 1097728K
  class space    used 6332K, capacity 6618K, committed 6656K, reserved 1048576K
}
Event: 9.796 GC heap before
{Heap before GC invocations=11 (full 0):
 garbage-first heap   total 157696K, used 100261K [0x0000000081c00000, 0x0000000100000000)
  region size 1024K, 61 young (62464K), 8 survivors (8192K)
 Metaspace       used 57963K, capacity 58707K, committed 58880K, reserved 1101824K
  class space    used 6579K, capacity 6883K, committed 6912K, reserved 1048576K
}

Deoptimization events (20 events):
Event: 9.735 Thread 0x000002727fcfa000 Uncommon trap: trap_request=0xffffffde fr.pc=0x00000272101a97ac relative=0x000000000000116c
Event: 9.735 Thread 0x000002727fcfa000 Uncommon trap: reason=class_check action=maybe_recompile pc=0x00000272101a97ac method=java.util.concurrent.ConcurrentHashMap.putVal(Ljava/lang/Object;Ljava/lang/Object;Z)Ljava/lang/Object; @ 242 c2
Event: 9.735 Thread 0x000002727fcfa000 DEOPT PACKING pc=0x00000272101a97ac sp=0x0000007c6d3fa9b0
Event: 9.735 Thread 0x000002727fcfa000 DEOPT UNPACKING pc=0x00000272086ea1af sp=0x0000007c6d3fa920 mode 2
Event: 9.736 Thread 0x000002727fcfa000 Uncommon trap: trap_request=0xffffffde fr.pc=0x00000272101a97ac relative=0x000000000000116c
Event: 9.736 Thread 0x000002727fcfa000 Uncommon trap: reason=class_check action=maybe_recompile pc=0x00000272101a97ac method=java.util.concurrent.ConcurrentHashMap.putVal(Ljava/lang/Object;Ljava/lang/Object;Z)Ljava/lang/Object; @ 242 c2
Event: 9.736 Thread 0x000002727fcfa000 DEOPT PACKING pc=0x00000272101a97ac sp=0x0000007c6d3fa9b0
Event: 9.736 Thread 0x000002727fcfa000 DEOPT UNPACKING pc=0x00000272086ea1af sp=0x0000007c6d3fa920 mode 2
Event: 9.736 Thread 0x000002727fcfa000 Uncommon trap: trap_request=0xffffffde fr.pc=0x00000272101a97ac relative=0x000000000000116c
Event: 9.736 Thread 0x000002727fcfa000 Uncommon trap: reason=class_check action=maybe_recompile pc=0x00000272101a97ac method=java.util.concurrent.ConcurrentHashMap.putVal(Ljava/lang/Object;Ljava/lang/Object;Z)Ljava/lang/Object; @ 242 c2
Event: 9.736 Thread 0x000002727fcfa000 DEOPT PACKING pc=0x00000272101a97ac sp=0x0000007c6d3fa8a0
Event: 9.736 Thread 0x000002727fcfa000 DEOPT UNPACKING pc=0x00000272086ea1af sp=0x0000007c6d3fa810 mode 2
Event: 9.736 Thread 0x000002727fcfa000 Uncommon trap: trap_request=0xffffffde fr.pc=0x00000272101a97ac relative=0x000000000000116c
Event: 9.736 Thread 0x000002727fcfa000 Uncommon trap: reason=class_check action=maybe_recompile pc=0x00000272101a97ac method=java.util.concurrent.ConcurrentHashMap.putVal(Ljava/lang/Object;Ljava/lang/Object;Z)Ljava/lang/Object; @ 242 c2
Event: 9.736 Thread 0x000002727fcfa000 DEOPT PACKING pc=0x00000272101a97ac sp=0x0000007c6d3fa8a0
Event: 9.736 Thread 0x000002727fcfa000 DEOPT UNPACKING pc=0x00000272086ea1af sp=0x0000007c6d3fa810 mode 2
Event: 9.775 Thread 0x000002727fcfa000 Uncommon trap: trap_request=0xfffffff4 fr.pc=0x000002721042b160 relative=0x0000000000002b60
Event: 9.776 Thread 0x000002727fcfa000 Uncommon trap: reason=null_check action=make_not_entrant pc=0x000002721042b160 method=org.jetbrains.kotlin.types.KotlinType.equals(Ljava/lang/Object;)Z @ 8 c2
Event: 9.777 Thread 0x000002727fcfa000 DEOPT PACKING pc=0x000002721042b160 sp=0x0000007c6d3fc4e0
Event: 9.777 Thread 0x000002727fcfa000 DEOPT UNPACKING pc=0x00000272086ea1af sp=0x0000007c6d3fc500 mode 2

Classes redefined (0 events):
No events

Internal exceptions (20 events):
Event: 3.163 Thread 0x000002727fcfa000 Implicit null exception at 0x0000027210250f1a to 0x00000272102516f4
Event: 4.086 Thread 0x000002727fcfa000 Exception <a 'java/lang/NoSuchMethodError'{0x000000008b028350}: 'java.lang.Object java.lang.invoke.DirectMethodHandle$Holder.invokeVirtual(java.lang.Object, java.lang.Object, java.lang.Object)'> (0x000000008b028350) thrown at [./src/hotspot/share/interpreter/linkResolver.cpp, line 773]
Event: 5.149 Thread 0x000002727fcfa000 Exception <a 'java/lang/NoSuchMethodError'{0x000000008a694fa8}: 'java.lang.Object java.lang.invoke.Invokers$Holder.linkToTargetMethod(java.lang.Object, int, java.lang.Object)'> (0x000000008a694fa8) thrown at [./src/hotspot/share/interpreter/linkResolver.cpp, line 773]
Event: 5.492 Thread 0x000002727fcfa000 Exception <a 'java/lang/NoSuchMethodError'{0x000000008a1a1978}: 'java.lang.Object java.lang.invoke.DirectMethodHandle$Holder.invokeStatic(java.lang.Object, java.lang.Object, java.lang.Object, int)'> (0x000000008a1a1978) thrown at [./src/hotspot/share/interpreter/linkResolver.cpp, line 773]
Event: 5.492 Thread 0x000002727fcfa000 Exception <a 'java/lang/NoSuchMethodError'{0x000000008a1a55e8}: 'java.lang.Object java.lang.invoke.DirectMethodHandle$Holder.invokeSpecial(java.lang.Object, java.lang.Object, java.lang.Object, java.lang.Object, int)'> (0x000000008a1a55e8) thrown at [./src/hotspot/share/interpreter/linkResolver.cpp, line 773]
Event: 5.493 Thread 0x000002727fcfa000 Exception <a 'java/lang/NoSuchMethodError'{0x000000008a1a88f8}: 'java.lang.Object java.lang.invoke.Invokers$Holder.linkToTargetMethod(java.lang.Object, java.lang.Object, int, java.lang.Object)'> (0x000000008a1a88f8) thrown at [./src/hotspot/share/interpreter/linkResolver.cpp, line 773]
Event: 6.700 Thread 0x000002727fcfa000 Exception <a 'java/lang/NoSuchMethodError'{0x00000000890bb900}: 'java.lang.Object java.lang.invoke.DirectMethodHandle$Holder.invokeSpecial(java.lang.Object, java.lang.Object, java.lang.Object, java.lang.Object, java.lang.Object, int)'> (0x00000000890bb900) thrown at [./src/hotspot/share/interpreter/linkResolver.cpp, line 773]
Event: 6.700 Thread 0x000002727fcfa000 Exception <a 'java/lang/NoSuchMethodError'{0x00000000890bf748}: 'java.lang.Object java.lang.invoke.Invokers$Holder.linkToTargetMethod(java.lang.Object, java.lang.Object, java.lang.Object, int, java.lang.Object)'> (0x00000000890bf748) thrown at [./src/hotspot/share/interpreter/linkResolver.cpp, line 773]
Event: 7.301 Thread 0x000002727fcfa000 Exception <a 'java/lang/NoSuchMethodError'{0x000000008b15da38}: 'java.lang.Object java.lang.invoke.DirectMethodHandle$Holder.invokeSpecial(java.lang.Object, java.lang.Object, java.lang.Object, java.lang.Object, java.lang.Object, java.lang.Object, java.lang.Object, java.lang.Object, java.lang.Object)'> (0x000000008b15da38) thrown at [./src/hotspot/share/interpreter/linkResolver.cpp, line 773]
Event: 7.302 Thread 0x000002727fcfa000 Exception <a 'java/lang/NoSuchMethodError'{0x000000008b161c30}: 'java.lang.Object java.lang.invoke.Invokers$Holder.linkToTargetMethod(java.lang.Object, java.lang.Object, java.lang.Object, java.lang.Object, java.lang.Object, java.lang.Object, java.lang.Object, java.lang.Object)'> (0x000000008b161c30) thrown at [./src/hotspot/share/interpreter/linkResolver.cpp, line 773]
Event: 7.695 Thread 0x000002727fcfa000 Implicit null exception at 0x00000272103c1fd5 to 0x00000272103c2b2c
Event: 7.695 Thread 0x000002727fcfa000 Implicit null exception at 0x00000272103bf62f to 0x00000272103bf65c
Event: 7.773 Thread 0x000002727fcfa000 Exception <a 'java/lang/NoSuchMethodError'{0x000000008a6aded0}: 'java.lang.Object java.lang.invoke.DirectMethodHandle$Holder.invokeStaticInit(java.lang.Object, java.lang.Object, java.lang.Object)'> (0x000000008a6aded0) thrown at [./src/hotspot/share/interpreter/linkResolver.cpp, line 773]
Event: 7.782 Thread 0x000002727fcfa000 Exception <a 'java/lang/NoSuchMethodError'{0x000000008a6e2d60}: 'java.lang.Object java.lang.invoke.DirectMethodHandle$Holder.invokeStatic(java.lang.Object, int, java.lang.Object, java.lang.Object)'> (0x000000008a6e2d60) thrown at [./src/hotspot/share/interpreter/linkResolver.cpp, line 773]
Event: 7.783 Thread 0x000002727fcfa000 Exception <a 'java/lang/NoSuchMethodError'{0x000000008a6eab78}: 'java.lang.Object java.lang.invoke.DirectMethodHandle$Holder.invokeStatic(java.lang.Object, int, java.lang.Object)'> (0x000000008a6eab78) thrown at [./src/hotspot/share/interpreter/linkResolver.cpp, line 773]
Event: 7.784 Thread 0x000002727fcfa000 Exception <a 'java/lang/NoSuchMethodError'{0x000000008a6f1178}: 'int java.lang.invoke.DirectMethodHandle$Holder.invokeInterface(java.lang.Object, java.lang.Object)'> (0x000000008a6f1178) thrown at [./src/hotspot/share/interpreter/linkResolver.cpp, line 773]
Event: 9.161 Thread 0x000002727fcfa000 Exception <a 'java/lang/NoSuchMethodError'{0x00000000887b7380}: 'java.lang.Object java.lang.invoke.Invokers$Holder.linkToTargetMethod(java.lang.Object, java.lang.Object, java.lang.Object, java.lang.Object, java.lang.Object, java.lang.Object)'> (0x00000000887b7380) thrown at [./src/hotspot/share/interpreter/linkResolver.cpp, line 773]
Event: 9.216 Thread 0x000002727fcfa000 Implicit null exception at 0x00000272101bf45e to 0x00000272101bfbca
Event: 9.216 Thread 0x000002727fcfa000 Implicit null exception at 0x00000272101c59af to 0x00000272101c5a1d
Event: 9.775 Thread 0x000002727fcfa000 Implicit null exception at 0x000002721042863b to 0x000002721042b150

Events (20 events):
Event: 9.746 loading class org/jetbrains/kotlin/types/expressions/DoubleColonExpressionResolver$ReservedDoubleColonLHSResolutionResult done
Event: 9.746 loading class org/jetbrains/kotlin/types/expressions/DoubleColonExpressionResolver$resolveDoubleColonLHS$resultForType$1
Event: 9.746 loading class org/jetbrains/kotlin/types/expressions/DoubleColonExpressionResolver$resolveDoubleColonLHS$resultForType$1 done
Event: 9.747 loading class org/jetbrains/kotlin/types/expressions/DoubleColonExpressionResolver$resolveDoubleColonLHS$resultForType$2
Event: 9.747 loading class org/jetbrains/kotlin/types/expressions/DoubleColonExpressionResolver$resolveDoubleColonLHS$resultForType$2 done
Event: 9.748 loading class org/jetbrains/kotlin/resolve/scopes/receivers/ClassQualifier
Event: 9.748 loading class org/jetbrains/kotlin/resolve/scopes/receivers/ClassQualifier done
Event: 9.748 loading class org/jetbrains/kotlin/resolve/scopes/receivers/ClassifierQualifier
Event: 9.748 loading class org/jetbrains/kotlin/resolve/scopes/receivers/ClassifierQualifier done
Event: 9.750 Executing VM operation: Deoptimize
Event: 9.750 Executing VM operation: Deoptimize done
Event: 9.751 loading class org/jetbrains/kotlin/resolve/scopes/receivers/ClassValueReceiver
Event: 9.751 loading class org/jetbrains/kotlin/resolve/scopes/receivers/ClassValueReceiver done
Event: 9.763 loading class org/jetbrains/kotlin/types/expressions/DoubleColonExpressionResolverKt
Event: 9.764 loading class org/jetbrains/kotlin/types/expressions/DoubleColonExpressionResolverKt done
Event: 9.780 loading class org/jetbrains/kotlin/resolve/calls/inference/BuilderInferenceSession
Event: 9.780 loading class org/jetbrains/kotlin/resolve/calls/inference/BuilderInferenceSession done
Event: 9.788 loading class org/jetbrains/kotlin/resolve/calls/tower/ManyCandidatesResolver
Event: 9.788 loading class org/jetbrains/kotlin/resolve/calls/tower/ManyCandidatesResolver done
Event: 9.796 Executing VM operation: G1CollectForAllocation


Dynamic libraries:
0x00007ff742c90000 - 0x00007ff742c9d000 	C:\Program Files\Microsoft\jdk-11.0.18.10-hotspot\bin\java.exe
0x00007ff823d50000 - 0x00007ff823f48000 	C:\WINDOWS\SYSTEM32\ntdll.dll
0x00007fffe8360000 - 0x00007fffe8379000 	C:\Program Files\AVAST Software\Avast\aswhook.dll
0x00007ff8223c0000 - 0x00007ff82247f000 	C:\WINDOWS\System32\KERNEL32.DLL
0x00007ff821530000 - 0x00007ff821826000 	C:\WINDOWS\System32\KERNELBASE.dll
0x00007ff821a30000 - 0x00007ff821b30000 	C:\WINDOWS\System32\ucrtbase.dll
0x00007fffedb60000 - 0x00007fffedb75000 	C:\Program Files\Microsoft\jdk-11.0.18.10-hotspot\bin\VCRUNTIME140.dll
0x00007fffee190000 - 0x00007fffee1a7000 	C:\Program Files\Microsoft\jdk-11.0.18.10-hotspot\bin\jli.dll
0x00007ff823110000 - 0x00007ff8232ad000 	C:\WINDOWS\System32\USER32.dll
0x00007ff821830000 - 0x00007ff821852000 	C:\WINDOWS\System32\win32u.dll
0x00007ff80e820000 - 0x00007ff80eaba000 	C:\WINDOWS\WinSxS\amd64_microsoft.windows.common-controls_6595b64144ccf1df_6.0.19041.1110_none_60b5254171f9507e\COMCTL32.dll
0x00007ff823520000 - 0x00007ff82354c000 	C:\WINDOWS\System32\GDI32.dll
0x00007ff822480000 - 0x00007ff82251e000 	C:\WINDOWS\System32\msvcrt.dll
0x00007ff821910000 - 0x00007ff821a25000 	C:\WINDOWS\System32\gdi32full.dll
0x00007ff821b30000 - 0x00007ff821bcd000 	C:\WINDOWS\System32\msvcp_win.dll
0x00007ff823600000 - 0x00007ff823630000 	C:\WINDOWS\System32\IMM32.DLL
0x00007fffce740000 - 0x00007fffce7db000 	C:\Program Files\Microsoft\jdk-11.0.18.10-hotspot\bin\msvcp140.dll
0x00007fffa6a90000 - 0x00007fffa7622000 	C:\Program Files\Microsoft\jdk-11.0.18.10-hotspot\bin\server\jvm.dll
0x00007ff822f10000 - 0x00007ff822fbf000 	C:\WINDOWS\System32\ADVAPI32.dll
0x00007ff822e00000 - 0x00007ff822e9c000 	C:\WINDOWS\System32\sechost.dll
0x00007ff822c70000 - 0x00007ff822d96000 	C:\WINDOWS\System32\RPCRT4.dll
0x00007ff822330000 - 0x00007ff822338000 	C:\WINDOWS\System32\PSAPI.DLL
0x00007ff80d780000 - 0x00007ff80d789000 	C:\WINDOWS\SYSTEM32\WSOCK32.dll
0x00007ff818ab0000 - 0x00007ff818aba000 	C:\WINDOWS\SYSTEM32\VERSION.dll
0x00007ff805a00000 - 0x00007ff805a27000 	C:\WINDOWS\SYSTEM32\WINMM.dll
0x00007ff822fd0000 - 0x00007ff82303b000 	C:\WINDOWS\System32\WS2_32.dll
0x00007ff81fc70000 - 0x00007ff81fc82000 	C:\WINDOWS\SYSTEM32\kernel.appcore.dll
0x00007ff80d180000 - 0x00007ff80d190000 	C:\Program Files\Microsoft\jdk-11.0.18.10-hotspot\bin\verify.dll
0x00007ff81f1d0000 - 0x00007ff81f3b4000 	C:\WINDOWS\SYSTEM32\DBGHELP.DLL
0x00007ff817350000 - 0x00007ff817384000 	C:\WINDOWS\SYSTEM32\dbgcore.DLL
0x00007ff8214a0000 - 0x00007ff821522000 	C:\WINDOWS\System32\bcryptPrimitives.dll
0x00007fffea100000 - 0x00007fffea128000 	C:\Program Files\Microsoft\jdk-11.0.18.10-hotspot\bin\java.dll
0x00007ff808a40000 - 0x00007ff808a4a000 	C:\Program Files\Microsoft\jdk-11.0.18.10-hotspot\bin\jimage.dll
0x00007fffec1a0000 - 0x00007fffec1b8000 	C:\Program Files\Microsoft\jdk-11.0.18.10-hotspot\bin\zip.dll
0x00007ff822520000 - 0x00007ff822c64000 	C:\WINDOWS\System32\SHELL32.dll
0x00007ff81f3c0000 - 0x00007ff81fb53000 	C:\WINDOWS\SYSTEM32\windows.storage.dll
0x00007ff8236e0000 - 0x00007ff823a34000 	C:\WINDOWS\System32\combase.dll
0x00007ff820e80000 - 0x00007ff820eae000 	C:\WINDOWS\SYSTEM32\Wldp.dll
0x00007ff823550000 - 0x00007ff8235fd000 	C:\WINDOWS\System32\SHCORE.dll
0x00007ff822da0000 - 0x00007ff822df5000 	C:\WINDOWS\System32\shlwapi.dll
0x00007ff821370000 - 0x00007ff82138f000 	C:\WINDOWS\SYSTEM32\profapi.dll
0x00007fffec080000 - 0x00007fffec099000 	C:\Program Files\Microsoft\jdk-11.0.18.10-hotspot\bin\net.dll
0x00007ff812a10000 - 0x00007ff812b1a000 	C:\WINDOWS\SYSTEM32\WINHTTP.dll
0x00007ff820be0000 - 0x00007ff820c4a000 	C:\WINDOWS\system32\mswsock.dll
0x00007fffea460000 - 0x00007fffea473000 	C:\Program Files\Microsoft\jdk-11.0.18.10-hotspot\bin\nio.dll

dbghelp: loaded successfully - version: 4.0.5 - missing functions: none
symbol engine: initialized successfully - sym options: 0x614 - pdb path: .;C:\Program Files\Microsoft\jdk-11.0.18.10-hotspot\bin;C:\WINDOWS\SYSTEM32;C:\Program Files\AVAST Software\Avast;C:\WINDOWS\WinSxS\amd64_microsoft.windows.common-controls_6595b64144ccf1df_6.0.19041.1110_none_60b5254171f9507e;C:\Program Files\Microsoft\jdk-11.0.18.10-hotspot\bin\server

VM Arguments:
java_command: org.jetbrains.kotlin.cli.jvm.K2JVMCompiler @C:\Users\Valeria\Documents\GitHub\Front-TPO-DAPI1-Grupo04\node_modules\react-native-gradle-plugin\build\20230625_10226666364467662110.compiler.options
java_class_path (initial): C:\Users\Valeria\.gradle\caches\modules-2\files-2.1\org.jetbrains.kotlin\kotlin-compiler-embeddable\1.6.10\88f2073f4020cdb83132cfe940ceb9a60aba54ea\kotlin-compiler-embeddable-1.6.10.jar;C:\Users\Valeria\.gradle\caches\modules-2\files-2.1\org.jetbrains.kotlin\kotlin-reflect\1.6.10\1cbe9c92c12a94eea200d23c2bbaedaf3daf5132\kotlin-reflect-1.6.10.jar;C:\Users\Valeria\.gradle\caches\modules-2\files-2.1\org.jetbrains.kotlin\kotlin-stdlib\1.6.10\b8af3fe6f1ca88526914929add63cf5e7c5049af\kotlin-stdlib-1.6.10.jar;C:\Users\Valeria\.gradle\caches\modules-2\files-2.1\org.jetbrains.kotlin\kotlin-script-runtime\1.6.10\d0a7ff2e2500ef497ed0214ae40ad3c8387a6164\kotlin-script-runtime-1.6.10.jar;C:\Users\Valeria\.gradle\caches\modules-2\files-2.1\org.jetbrains.kotlin\kotlin-daemon-embeddable\1.6.10\a56d79bcbea411fa6058e4ecffc2de73e742bd2a\kotlin-daemon-embeddable-1.6.10.jar;C:\Users\Valeria\.gradle\caches\modules-2\files-2.1\org.jetbrains.intellij.deps\trove4j\1.0.20181211\216c2e14b070f334479d800987affe4054cd563f\trove4j-1.0.20181211.jar;C:\Users\Valeria\.gradle\caches\modules-2\files-2.1\net.java.dev.jna\jna\5.6.0\330f2244e9030119ab3030fc3fededc86713d9cc\jna-5.6.0.jar;C:\Users\Valeria\.gradle\caches\modules-2\files-2.1\org.jetbrains\annotations\13.0\919f0dfe192fb4e063e7dacadee7f8bb9a2672a9\annotations-13.0.jar;C:\Users\Valeria\.gradle\caches\modules-2\files-2.1\org.jetbrains.kotlin\kotlin-stdlib-common\1.6.10\c118700e3a33c8a0d9adc920e9dec0831171925\kotlin-stdlib-common-1.6.10.jar
Launcher Type: SUN_STANDARD

[Global flags]
     intx CICompilerCount                          = 3                                         {product} {ergonomic}
     uint ConcGCThreads                            = 1                                         {product} {ergonomic}
     uint G1ConcRefinementThreads                  = 4                                         {product} {ergonomic}
   size_t G1HeapRegionSize                         = 1048576                                   {product} {ergonomic}
    uintx GCDrainStackTargetSize                   = 64                                        {product} {ergonomic}
   size_t InitialHeapSize                          = 134217728                                 {product} {ergonomic}
   size_t MarkStackSize                            = 4194304                                   {product} {ergonomic}
   size_t MaxHeapSize                              = 2118123520                                {product} {ergonomic}
   size_t MaxNewSize                               = 1270874112                                {product} {ergonomic}
   size_t MinHeapDeltaBytes                        = 1048576                                   {product} {ergonomic}
    uintx NonNMethodCodeHeapSize                   = 5830732                                {pd product} {ergonomic}
    uintx NonProfiledCodeHeapSize                  = 122913754                              {pd product} {ergonomic}
    uintx ProfiledCodeHeapSize                     = 122913754                              {pd product} {ergonomic}
    uintx ReservedCodeCacheSize                    = 251658240                              {pd product} {ergonomic}
     bool SegmentedCodeCache                       = true                                      {product} {ergonomic}
     bool UseCompressedClassPointers               = true                                 {lp64_product} {ergonomic}
     bool UseCompressedOops                        = true                                 {lp64_product} {ergonomic}
     bool UseG1GC                                  = true                                      {product} {ergonomic}
     bool UseLargePagesIndividualAllocation        = false                                  {pd product} {ergonomic}

Logging:
Log output configuration:
 #0: stdout all=warning uptime,level,tags
 #1: stderr all=off uptime,level,tags

Environment Variables:
JAVA_HOME=C:\Program Files\Microsoft\jdk-11.0.18.10-hotspot\
CLASSPATH=C:\Users\Valeria\Documents\GitHub\Front-TPO-DAPI1-Grupo04\android\\gradle\wrapper\gradle-wrapper.jar
PATH=C:\Users\Valeria\Documents\GitHub\Front-TPO-DAPI1-Grupo04\android\node_modules\.bin;C:\Users\Valeria\Documents\GitHub\Front-TPO-DAPI1-Grupo04\node_modules\.bin;C:\Users\Valeria\Documents\GitHub\node_modules\.bin;C:\Users\Valeria\Documents\node_modules\.bin;C:\Users\Valeria\node_modules\.bin;C:\Users\node_modules\.bin;C:\node_modules\.bin;C:\Program Files\nodejs;C:\Users\Valeria\Documents\GitHub\Front-TPO-DAPI1-Grupo04\node_modules\.bin;C:\Users\Valeria\Documents\GitHub\node_modules\.bin;C:\Users\Valeria\Documents\node_modules\.bin;C:\Users\Valeria\node_modules\.bin;C:\Users\node_modules\.bin;C:\node_modules\.bin;C:\Program Files\nodejs\node_modules\npm\node_modules\@npmcli\run-script\lib\node-gyp-bin;C:\Program Files\Microsoft\jdk-11.0.18.10-hotspot\bin;C:\WINDOWS\system32;C:\WINDOWS;C:\WINDOWS\System32\Wbem;C:\WINDOWS\System32\WindowsPowerShell\v1.0\;C:\WINDOWS\System32\OpenSSH\;C:\Program Files\Microsoft SQL Server\Client SDK\ODBC\170\Tools\Binn\;C:\Program Files (x86)\Microsoft SQL Server\150\Tools\Binn\;C:\Program Files\Microsoft SQL Server\150\Tools\Binn\;C:\Program Files\Microsoft SQL Server\150\DTS\Binn\;C:\Program Files (x86)\Microsoft SQL Server\150\DTS\Binn\;C:\Program Files\Azure Data Studio\bin;C:\Program Files\Git\cmd;C:\Program Files\nodejs\;C:\ProgramData\chocolatey\bin;C:\Users\Valeria\AppData\Local\Microsoft\WindowsApps;C:\Program Files\Azure Data Studio\bin;C:\Users\Valeria\AppData\Local\Programs\Microsoft VS Code\bin;C:\Users\Valeria\AppData\Local\GitHubDesktop\bin;C:\Users\Valeria\AppData\Roaming\npm;C:\Users\Valeria\AppData\Local\Android\Sdk\platform-tools;
USERNAME=Valeria
LANG=en_US.UTF-8
OS=Windows_NT
PROCESSOR_IDENTIFIER=Intel64 Family 6 Model 142 Stepping 9, GenuineIntel
TMP=C:\Users\Valeria\AppData\Local\Temp
TEMP=C:\Users\Valeria\AppData\Local\Temp



---------------  S Y S T E M  ---------------

OS: Windows 10 , 64 bit Build 19041 (10.0.19041.3031)
OS uptime: 8 days 17:42 hours

CPU:total 4 (initial active 4) (2 cores per cpu, 2 threads per core) family 6 model 142 stepping 9 microcode 0xb4, cmov, cx8, fxsr, mmx, sse, sse2, sse3, ssse3, sse4.1, sse4.2, popcnt, avx, avx2, aes, clmul, erms, 3dnowpref, lzcnt, ht, tsc, tscinvbit, bmi1, bmi2, adx, fma

Memory: 4k page, system-wide physical 8072M (497M free)
TotalPageFile size 12072M (AvailPageFile size 15M)
current process WorkingSet (physical memory assigned to process): 315M, peak: 315M
current process commit charge ("private bytes"): 369M, peak: 397M

vm_info: OpenJDK 64-Bit Server VM (11.0.18+10-LTS) for windows-amd64 JRE (11.0.18+10-LTS), built on Jan 18 2023 15:56:47 by "MicrosoftCorporation" with MS VC++ 15.9 (VS2017)

END.
