#
# There is insufficient memory for the Java Runtime Environment to continue.
# Native memory allocation (mmap) failed to map 40894464 bytes for Failed to commit area from 0x000000008c100000 to 0x000000008e800000 of length 40894464.
# Possible reasons:
#   The system is out of physical RAM or swap space
#   The process is running with CompressedOops enabled, and the Java Heap may be blocking the growth of the native heap
# Possible solutions:
#   Reduce memory load on the system
#   Increase physical memory or swap space
#   Check if swap backing store is full
#   Decrease Java heap size (-Xmx/-Xms)
#   Decrease number of Java threads
#   Decrease Java thread stack sizes (-Xss)
#   Set larger code cache with -XX:ReservedCodeCacheSize=
#   JVM is running with Unscaled Compressed Oops mode in which the Java heap is
#     placed in the first 4GB address space. The Java Heap base address is the
#     maximum limit for the native heap growth. Please use -XX:HeapBaseMinAddress
#     to set the Java Heap base and to place the Java Heap above 4GB virtual address.
# This output file may be truncated or incomplete.
#
#  Out of Memory Error (./src/hotspot/os/windows/os_windows.cpp:3386), pid=3044, tid=14488
#
# JRE version: OpenJDK Runtime Environment Microsoft-7208460 (11.0.18+10) (build 11.0.18+10-LTS)
# Java VM: OpenJDK 64-Bit Server VM Microsoft-7208460 (11.0.18+10-LTS, mixed mode, tiered, compressed oops, g1 gc, windows-amd64)
# No core dump will be written. Minidumps are not enabled by default on client versions of Windows
#

---------------  S U M M A R Y ------------

Command Line: -XX:MaxMetaspaceSize=512m --add-opens=java.base/java.util=ALL-UNNAMED --add-opens=java.base/java.lang=ALL-UNNAMED --add-opens=java.base/java.lang.invoke=ALL-UNNAMED --add-opens=java.base/java.util=ALL-UNNAMED --add-opens=java.prefs/java.util.prefs=ALL-UNNAMED --add-opens=java.prefs/java.util.prefs=ALL-UNNAMED --add-opens=java.base/java.nio.charset=ALL-UNNAMED --add-opens=java.base/java.net=ALL-UNNAMED --add-opens=java.base/java.util.concurrent.atomic=ALL-UNNAMED -Xmx2048m -Dfile.encoding=windows-1252 -Duser.country=AR -Duser.language=es -Duser.variant org.gradle.launcher.daemon.bootstrap.GradleDaemon 7.5.1

Host: Intel(R) Core(TM) i5-7200U CPU @ 2.50GHz, 4 cores, 7G,  Windows 10 , 64 bit Build 19041 (10.0.19041.3031)
Time: Fri Jun 16 15:53:00 2023 Hora estándar de Argentina elapsed time: 124.997657 seconds (0d 0h 2m 4s)

---------------  T H R E A D  ---------------

Current thread (0x0000022225356000):  VMThread "VM Thread" [stack: 0x000000a193e00000,0x000000a193f00000] [id=14488]

Stack: [0x000000a193e00000,0x000000a193f00000]
[error occurred during error reporting (printing stack bounds), id 0xc0000005, EXCEPTION_ACCESS_VIOLATION (0xc0000005) at pc=0x000002220eb1112d]

Native frames: (J=compiled Java code, j=interpreted, Vv=VM code, C=native code)
V  [jvm.dll+0x62bf8a]
V  [jvm.dll+0x7b8fb9]
V  [jvm.dll+0x7ba6a8]
V  [jvm.dll+0x7bace5]
V  [jvm.dll+0x7bac9b]
V  [jvm.dll+0x62b317]
V  [jvm.dll+0x62ba28]
C  [ntdll.dll+0xa247f]
C  [ntdll.dll+0x514f4]
C  [ntdll.dll+0xa0f8e]
C  0x000002220eb1112d

VM_Operation (0x000000a1951f6390): G1CollectForAllocation, mode: safepoint, requested by thread 0x000002222678e800


---------------  P R O C E S S  ---------------

Threads class SMR info:
_java_thread_list=0x000002222f3d8600, length=86, elements={
0x0000022204bc7000, 0x0000022225369000, 0x0000022225359800, 0x00000222253bb000,
0x00000222253bc000, 0x0000022225ce0800, 0x0000022225ce3800, 0x0000022225ce5000,
0x0000022225d53000, 0x0000022225e4c000, 0x000002222756d800, 0x000002222801d800,
0x0000022226acf800, 0x00000222275b1000, 0x0000022226baf800, 0x0000022226bb6800,
0x000002222678e800, 0x000002222678f800, 0x00000222264ab000, 0x00000222264ac000,
0x0000022226674800, 0x0000022226672000, 0x0000022226673000, 0x0000022226676000,
0x0000022226673800, 0x0000022226675800, 0x0000022226670800, 0x0000022226677000,
0x0000022226671000, 0x0000022228216800, 0x0000022228218000, 0x0000022228214000,
0x0000022228217000, 0x0000022228214800, 0x0000022228215800, 0x0000022228219000,
0x0000022228213000, 0x0000022228a70800, 0x0000022228a6e800, 0x0000022228a71000,
0x0000022228a6f800, 0x0000022228a72000, 0x0000022228a6c000, 0x0000022228a72800,
0x0000022228a6d000, 0x0000022228a73800, 0x0000022228a6e000, 0x0000022228a74800,
0x0000022228a7b000, 0x0000022228a79800, 0x0000022228a76000, 0x0000022228a78800,
0x0000022228a7a000, 0x0000022228a77000, 0x0000022228a75000, 0x0000022228a77800,
0x0000022228b84000, 0x0000022228b86800, 0x0000022228b8b000, 0x0000022228b86000,
0x0000022228b87800, 0x0000022228b88800, 0x0000022228b89000, 0x0000022228b8a000,
0x0000022228b85000, 0x0000022228b90800, 0x0000022228b8b800, 0x0000022228b8f800,
0x0000022228b8c800, 0x0000022228b93000, 0x0000022228b8e000, 0x0000022228b8f000,
0x0000022228b91800, 0x0000022228b92000, 0x0000022228b8d000, 0x0000022228617800,
0x000002222861c000, 0x000002222861e000, 0x000002222861d000, 0x0000022228618000,
0x000002222861e800, 0x0000022228619000, 0x000002222861a000, 0x000002222861a800,
0x000002222861f800, 0x0000022228620800
}

Java Threads: ( => current thread )
  0x0000022204bc7000 JavaThread "main" [_thread_blocked, id=1756, stack(0x000000a193800000,0x000000a193900000)]
  0x0000022225369000 JavaThread "Reference Handler" daemon [_thread_blocked, id=12808, stack(0x000000a193f00000,0x000000a194000000)]
  0x0000022225359800 JavaThread "Finalizer" daemon [_thread_blocked, id=14236, stack(0x000000a194000000,0x000000a194100000)]
  0x00000222253bb000 JavaThread "Signal Dispatcher" daemon [_thread_blocked, id=8968, stack(0x000000a194100000,0x000000a194200000)]
  0x00000222253bc000 JavaThread "Attach Listener" daemon [_thread_blocked, id=13404, stack(0x000000a194200000,0x000000a194300000)]
  0x0000022225ce0800 JavaThread "Service Thread" daemon [_thread_blocked, id=11828, stack(0x000000a194300000,0x000000a194400000)]
  0x0000022225ce3800 JavaThread "C2 CompilerThread0" daemon [_thread_blocked, id=2084, stack(0x000000a194400000,0x000000a194500000)]
  0x0000022225ce5000 JavaThread "C1 CompilerThread0" daemon [_thread_blocked, id=5176, stack(0x000000a194500000,0x000000a194600000)]
  0x0000022225d53000 JavaThread "Sweeper thread" daemon [_thread_blocked, id=7188, stack(0x000000a194600000,0x000000a194700000)]
  0x0000022225e4c000 JavaThread "Common-Cleaner" daemon [_thread_blocked, id=15256, stack(0x000000a194700000,0x000000a194800000)]
  0x000002222756d800 JavaThread "Daemon health stats" [_thread_blocked, id=1440, stack(0x000000a194b00000,0x000000a194c00000)]
  0x000002222801d800 JavaThread "Incoming local TCP Connector on port 57729" [_thread_in_native, id=15472, stack(0x000000a194c00000,0x000000a194d00000)]
  0x0000022226acf800 JavaThread "Daemon periodic checks" [_thread_blocked, id=9464, stack(0x000000a194d00000,0x000000a194e00000)]
  0x00000222275b1000 JavaThread "Daemon" [_thread_blocked, id=11436, stack(0x000000a194e00000,0x000000a194f00000)]
  0x0000022226baf800 JavaThread "Handler for socket connection from /127.0.0.1:57729 to /127.0.0.1:57730" [_thread_in_native, id=15444, stack(0x000000a194f00000,0x000000a195000000)]
  0x0000022226bb6800 JavaThread "Cancel handler" [_thread_blocked, id=108, stack(0x000000a195000000,0x000000a195100000)]
  0x000002222678e800 JavaThread "Daemon worker" [_thread_blocked, id=14132, stack(0x000000a195100000,0x000000a195200000)]
  0x000002222678f800 JavaThread "Asynchronous log dispatcher for DefaultDaemonConnection: socket connection from /127.0.0.1:57729 to /127.0.0.1:57730" [_thread_blocked, id=11356, stack(0x000000a195200000,0x000000a195300000)]
  0x00000222264ab000 JavaThread "Stdin handler" [_thread_blocked, id=15532, stack(0x000000a195300000,0x000000a195400000)]
  0x00000222264ac000 JavaThread "Daemon client event forwarder" [_thread_blocked, id=13396, stack(0x000000a195400000,0x000000a195500000)]
  0x0000022226674800 JavaThread "Cache worker for journal cache (C:\Users\Valeria\.gradle\caches\journal-1)" [_thread_blocked, id=16248, stack(0x000000a195700000,0x000000a195800000)]
  0x0000022226672000 JavaThread "File lock request listener" [_thread_in_native, id=15804, stack(0x000000a195800000,0x000000a195900000)]
  0x0000022226673000 JavaThread "Cache worker for file hash cache (C:\Users\Valeria\.gradle\caches\7.5.1\fileHashes)" [_thread_blocked, id=10576, stack(0x000000a195900000,0x000000a195a00000)]
  0x0000022226676000 JavaThread "File watcher server" daemon [_thread_in_native, id=7820, stack(0x000000a195a00000,0x000000a195b00000)]
  0x0000022226673800 JavaThread "File watcher consumer" daemon [_thread_blocked, id=9100, stack(0x000000a195b00000,0x000000a195c00000)]
  0x0000022226675800 JavaThread "Cache worker for checksums cache (C:\Users\Valeria\Documents\GitHub\Front-TPO-DAPI1-Grupo04\android\.gradle\7.5.1\checksums)" [_thread_blocked, id=3652, stack(0x000000a195c00000,0x000000a195d00000)]
  0x0000022226670800 JavaThread "Cache worker for cache directory md-rule (C:\Users\Valeria\.gradle\caches\7.5.1\md-rule)" [_thread_blocked, id=13212, stack(0x000000a195d00000,0x000000a195e00000)]
  0x0000022226677000 JavaThread "Cache worker for file content cache (C:\Users\Valeria\.gradle\caches\7.5.1\fileContent)" [_thread_blocked, id=4108, stack(0x000000a195e00000,0x000000a195f00000)]
  0x0000022226671000 JavaThread "Cache worker for file hash cache (C:\Users\Valeria\Documents\GitHub\Front-TPO-DAPI1-Grupo04\android\.gradle\7.5.1\fileHashes)" [_thread_blocked, id=11304, stack(0x000000a195f00000,0x000000a196000000)]
  0x0000022228216800 JavaThread "Cache worker for cache directory md-supplier (C:\Users\Valeria\.gradle\caches\7.5.1\md-supplier)" [_thread_blocked, id=1904, stack(0x000000a196000000,0x000000a196100000)]
  0x0000022228218000 JavaThread "Cache worker for execution history cache (C:\Users\Valeria\.gradle\caches\7.5.1\executionHistory)" [_thread_blocked, id=9236, stack(0x000000a196100000,0x000000a196200000)]
  0x0000022228214000 JavaThread "jar transforms" [_thread_blocked, id=5748, stack(0x000000a196200000,0x000000a196300000)]
  0x0000022228217000 JavaThread "jar transforms Thread 2" [_thread_blocked, id=5540, stack(0x000000a196300000,0x000000a196400000)]
  0x0000022228214800 JavaThread "jar transforms Thread 3" [_thread_blocked, id=8960, stack(0x000000a196400000,0x000000a196500000)]
  0x0000022228215800 JavaThread "jar transforms Thread 4" [_thread_blocked, id=3388, stack(0x000000a196500000,0x000000a196600000)]
  0x0000022228219000 JavaThread "Cache worker for kotlin-dsl (C:\Users\Valeria\.gradle\caches\7.5.1\kotlin-dsl)" [_thread_blocked, id=8564, stack(0x000000a193700000,0x000000a193800000)]
  0x0000022228213000 JavaThread "Cache worker for dependencies-accessors (C:\Users\Valeria\Documents\GitHub\Front-TPO-DAPI1-Grupo04\android\.gradle\7.5.1\dependencies-accessors)" [_thread_blocked, id=1612, stack(0x000000a196800000,0x000000a196900000)]
  0x0000022228a70800 JavaThread "Cache worker for Build Output Cleanup Cache (C:\Users\Valeria\Documents\GitHub\Front-TPO-DAPI1-Grupo04\node_modules\react-native-gradle-plugin\.gradle\buildOutputCleanup)" [_thread_blocked, id=10564, stack(0x000000a193600000,0x000000a193700000)]
  0x0000022228a6e800 JavaThread "Unconstrained build operations" [_thread_blocked, id=14912, stack(0x000000a196900000,0x000000a196a00000)]
  0x0000022228a71000 JavaThread "Unconstrained build operations Thread 2" [_thread_blocked, id=9656, stack(0x000000a196a00000,0x000000a196b00000)]
  0x0000022228a6f800 JavaThread "Unconstrained build operations Thread 3" [_thread_blocked, id=13112, stack(0x000000a196b00000,0x000000a196c00000)]
  0x0000022228a72000 JavaThread "Unconstrained build operations Thread 4" [_thread_blocked, id=10712, stack(0x000000a196c00000,0x000000a196d00000)]
  0x0000022228a6c000 JavaThread "Unconstrained build operations Thread 5" [_thread_blocked, id=15180, stack(0x000000a196d00000,0x000000a196e00000)]
  0x0000022228a72800 JavaThread "Unconstrained build operations Thread 6" [_thread_blocked, id=7760, stack(0x000000a196e00000,0x000000a196f00000)]
  0x0000022228a6d000 JavaThread "Unconstrained build operations Thread 7" [_thread_blocked, id=8332, stack(0x000000a196f00000,0x000000a197000000)]
  0x0000022228a73800 JavaThread "Unconstrained build operations Thread 8" [_thread_blocked, id=14644, stack(0x000000a197000000,0x000000a197100000)]
  0x0000022228a6e000 JavaThread "Unconstrained build operations Thread 9" [_thread_blocked, id=12956, stack(0x000000a197100000,0x000000a197200000)]
  0x0000022228a74800 JavaThread "Unconstrained build operations Thread 10" [_thread_blocked, id=12964, stack(0x000000a197200000,0x000000a197300000)]
  0x0000022228a7b000 JavaThread "Unconstrained build operations Thread 11" [_thread_blocked, id=7936, stack(0x000000a197300000,0x000000a197400000)]
  0x0000022228a79800 JavaThread "Unconstrained build operations Thread 12" [_thread_blocked, id=9868, stack(0x000000a197400000,0x000000a197500000)]
  0x0000022228a76000 JavaThread "Unconstrained build operations Thread 13" [_thread_blocked, id=16184, stack(0x000000a197500000,0x000000a197600000)]
  0x0000022228a78800 JavaThread "Unconstrained build operations Thread 14" [_thread_blocked, id=11608, stack(0x000000a197600000,0x000000a197700000)]
  0x0000022228a7a000 JavaThread "Unconstrained build operations Thread 15" [_thread_blocked, id=14752, stack(0x000000a197700000,0x000000a197800000)]
  0x0000022228a77000 JavaThread "Unconstrained build operations Thread 16" [_thread_blocked, id=15768, stack(0x000000a197800000,0x000000a197900000)]
  0x0000022228a75000 JavaThread "Unconstrained build operations Thread 17" [_thread_blocked, id=708, stack(0x000000a197900000,0x000000a197a00000)]
  0x0000022228a77800 JavaThread "Unconstrained build operations Thread 18" [_thread_blocked, id=10080, stack(0x000000a197a00000,0x000000a197b00000)]
  0x0000022228b84000 JavaThread "Unconstrained build operations Thread 19" [_thread_blocked, id=1108, stack(0x000000a197b00000,0x000000a197c00000)]
  0x0000022228b86800 JavaThread "Unconstrained build operations Thread 20" [_thread_blocked, id=7264, stack(0x000000a197c00000,0x000000a197d00000)]
  0x0000022228b8b000 JavaThread "Unconstrained build operations Thread 21" [_thread_blocked, id=11780, stack(0x000000a197d00000,0x000000a197e00000)]
  0x0000022228b86000 JavaThread "Unconstrained build operations Thread 22" [_thread_blocked, id=3368, stack(0x000000a197e00000,0x000000a197f00000)]
  0x0000022228b87800 JavaThread "Unconstrained build operations Thread 23" [_thread_blocked, id=14592, stack(0x000000a197f00000,0x000000a198000000)]
  0x0000022228b88800 JavaThread "Unconstrained build operations Thread 24" [_thread_blocked, id=15016, stack(0x000000a198000000,0x000000a198100000)]
  0x0000022228b89000 JavaThread "Unconstrained build operations Thread 25" [_thread_blocked, id=2712, stack(0x000000a198100000,0x000000a198200000)]
  0x0000022228b8a000 JavaThread "Unconstrained build operations Thread 26" [_thread_blocked, id=1852, stack(0x000000a198200000,0x000000a198300000)]
  0x0000022228b85000 JavaThread "Unconstrained build operations Thread 27" [_thread_blocked, id=15284, stack(0x000000a198300000,0x000000a198400000)]
  0x0000022228b90800 JavaThread "Unconstrained build operations Thread 28" [_thread_blocked, id=3028, stack(0x000000a198400000,0x000000a198500000)]
  0x0000022228b8b800 JavaThread "Unconstrained build operations Thread 29" [_thread_blocked, id=2296, stack(0x000000a198500000,0x000000a198600000)]
  0x0000022228b8f800 JavaThread "Unconstrained build operations Thread 30" [_thread_blocked, id=14972, stack(0x000000a198600000,0x000000a198700000)]
  0x0000022228b8c800 JavaThread "Unconstrained build operations Thread 31" [_thread_blocked, id=484, stack(0x000000a198700000,0x000000a198800000)]
  0x0000022228b93000 JavaThread "Unconstrained build operations Thread 32" [_thread_blocked, id=16056, stack(0x000000a198800000,0x000000a198900000)]
  0x0000022228b8e000 JavaThread "Unconstrained build operations Thread 33" [_thread_blocked, id=14476, stack(0x000000a198900000,0x000000a198a00000)]
  0x0000022228b8f000 JavaThread "build event listener" [_thread_blocked, id=13972, stack(0x000000a198a00000,0x000000a198b00000)]
  0x0000022228b91800 JavaThread "Memory manager" [_thread_blocked, id=8224, stack(0x000000a198b00000,0x000000a198c00000)]
  0x0000022228b92000 JavaThread "Cache worker for Build Output Cleanup Cache (C:\Users\Valeria\Documents\GitHub\Front-TPO-DAPI1-Grupo04\android\.gradle\buildOutputCleanup)" [_thread_blocked, id=16272, stack(0x000000a198c00000,0x000000a198d00000)]
  0x0000022228b8d000 JavaThread "included builds" [_thread_blocked, id=6908, stack(0x000000a198d00000,0x000000a198e00000)]
  0x0000022228617800 JavaThread "Execution worker" [_thread_blocked, id=2308, stack(0x000000a198e00000,0x000000a198f00000)]
  0x000002222861c000 JavaThread "Execution worker Thread 2" [_thread_blocked, id=1764, stack(0x000000a198f00000,0x000000a199000000)]
  0x000002222861e000 JavaThread "Execution worker Thread 3" [_thread_blocked, id=7244, stack(0x000000a199000000,0x000000a199100000)]
  0x000002222861d000 JavaThread "Cache worker for execution history cache (C:\Users\Valeria\Documents\GitHub\Front-TPO-DAPI1-Grupo04\node_modules\react-native-gradle-plugin\.gradle\7.5.1\executionHistory)" [_thread_blocked, id=6820, stack(0x000000a199100000,0x000000a199200000)]
  0x0000022228618000 JavaThread "Unconstrained build operations Thread 34" [_thread_blocked, id=11804, stack(0x000000a199200000,0x000000a199300000)]
  0x000002222861e800 JavaThread "Unconstrained build operations Thread 35" [_thread_blocked, id=14036, stack(0x000000a199300000,0x000000a199400000)]
  0x0000022228619000 JavaThread "Unconstrained build operations Thread 36" [_thread_blocked, id=7020, stack(0x000000a199400000,0x000000a199500000)]
  0x000002222861a000 JavaThread "Unconstrained build operations Thread 37" [_thread_blocked, id=10344, stack(0x000000a199500000,0x000000a199600000)]
  0x000002222861a800 JavaThread "Unconstrained build operations Thread 38" [_thread_blocked, id=6556, stack(0x000000a199600000,0x000000a199700000)]
  0x000002222861f800 JavaThread "Unconstrained build operations Thread 39" [_thread_blocked, id=13780, stack(0x000000a199700000,0x000000a199800000)]
  0x0000022228620800 JavaThread "Unconstrained build operations Thread 40" [_thread_blocked, id=2144, stack(0x000000a199800000,0x000000a199900000)]

Other Threads:
=>0x0000022225356000 VMThread "VM Thread" [stack: 0x000000a193e00000,0x000000a193f00000] [id=14488]
  0x0000022225e6e000 WatcherThread [stack: 0x000000a194800000,0x000000a194900000] [id=11564]
  0x0000022204be2000 GCTaskThread "GC Thread#0" [stack: 0x000000a193900000,0x000000a193a00000] [id=3324]
  0x000002222613c800 GCTaskThread "GC Thread#1" [stack: 0x000000a194900000,0x000000a194a00000] [id=10440]
  0x0000022226444000 GCTaskThread "GC Thread#2" [stack: 0x000000a194a00000,0x000000a194b00000] [id=10188]
  0x0000022226e3b000 GCTaskThread "GC Thread#3" [stack: 0x000000a195500000,0x000000a195600000] [id=11272]
  0x0000022204c13000 ConcurrentGCThread "G1 Main Marker" [stack: 0x000000a193a00000,0x000000a193b00000] [id=7824]
  0x0000022204c14800 ConcurrentGCThread "G1 Conc#0" [stack: 0x000000a193b00000,0x000000a193c00000] [id=9784]
  0x0000022204c90000 ConcurrentGCThread "G1 Refine#0" [stack: 0x000000a193c00000,0x000000a193d00000] [id=5280]
  0x0000022226fdb000 ConcurrentGCThread "G1 Refine#1" [stack: 0x000000a195600000,0x000000a195700000] [id=11208]
  0x00000222251d0800 ConcurrentGCThread "G1 Young RemSet Sampling" [stack: 0x000000a193d00000,0x000000a193e00000] [id=11200]

Threads with active compile tasks:
C2 CompilerThread0   125061 12274       4       org.objectweb.asm.AnnotationWriter::visit (935 bytes)

VM state:at safepoint (normal execution)

VM Mutex/Monitor currently owned by a thread:  ([mutex/lock_event])
[0x0000022204bc2c10] Threads_lock - owner thread: 0x0000022225356000
[0x0000022204bc2ca0] Heap_lock - owner thread: 0x000002222678e800

Heap address: 0x0000000080000000, size: 2048 MB, Compressed Oops mode: 32-bit
Narrow klass base: 0x0000000000000000, Narrow klass shift: 3
Compressed class space size: 528482304 Address: 0x0000000100000000

Heap:
 garbage-first heap   total 237568K, used 131422K [0x0000000080000000, 0x0000000100000000)
  region size 1024K, 2 young (2048K), 2 survivors (2048K)
 Metaspace       used 106861K, capacity 110255K, committed 110420K, reserved 612352K
  class space    used 14036K, capacity 15383K, committed 15436K, reserved 516096K
Heap Regions: E=young(eden), S=young(survivor), O=old, HS=humongous(starts), HC=humongous(continues), CS=collection set, F=free, A=archive, TAMS=top-at-mark-start (previous, next)
|   0|0x0000000080000000, 0x0000000080100000, 0x0000000080100000|100%|HS|  |TAMS 0x0000000080100000, 0x0000000080100000| Complete 
|   1|0x0000000080100000, 0x0000000080200000, 0x0000000080200000|100%|HC|  |TAMS 0x0000000080200000, 0x0000000080200000| Complete 
|   2|0x0000000080200000, 0x0000000080300000, 0x0000000080300000|100%|HC|  |TAMS 0x0000000080300000, 0x0000000080300000| Complete 
|   3|0x0000000080300000, 0x0000000080400000, 0x0000000080400000|100%| O|  |TAMS 0x0000000080400000, 0x0000000080400000| Untracked 
|   4|0x0000000080400000, 0x0000000080500000, 0x0000000080500000|100%| O|  |TAMS 0x0000000080500000, 0x0000000080500000| Untracked 
|   5|0x0000000080500000, 0x0000000080600000, 0x0000000080600000|100%| O|  |TAMS 0x0000000080600000, 0x0000000080600000| Untracked 
|   6|0x0000000080600000, 0x0000000080700000, 0x0000000080700000|100%| O|  |TAMS 0x0000000080700000, 0x0000000080700000| Untracked 
|   7|0x0000000080700000, 0x0000000080800000, 0x0000000080800000|100%| O|  |TAMS 0x0000000080800000, 0x0000000080800000| Untracked 
|   8|0x0000000080800000, 0x0000000080900000, 0x0000000080900000|100%| O|  |TAMS 0x0000000080900000, 0x0000000080900000| Untracked 
|   9|0x0000000080900000, 0x0000000080a00000, 0x0000000080a00000|100%| O|  |TAMS 0x0000000080a00000, 0x0000000080a00000| Untracked 
|  10|0x0000000080a00000, 0x0000000080b00000, 0x0000000080b00000|100%| O|  |TAMS 0x0000000080b00000, 0x0000000080b00000| Untracked 
|  11|0x0000000080b00000, 0x0000000080c00000, 0x0000000080c00000|100%| O|  |TAMS 0x0000000080c00000, 0x0000000080c00000| Untracked 
|  12|0x0000000080c00000, 0x0000000080d00000, 0x0000000080d00000|100%| O|  |TAMS 0x0000000080d00000, 0x0000000080d00000| Untracked 
|  13|0x0000000080d00000, 0x0000000080e00000, 0x0000000080e00000|100%| O|  |TAMS 0x0000000080e00000, 0x0000000080e00000| Untracked 
|  14|0x0000000080e00000, 0x0000000080f00000, 0x0000000080f00000|100%| O|  |TAMS 0x0000000080f00000, 0x0000000080f00000| Untracked 
|  15|0x0000000080f00000, 0x0000000081000000, 0x0000000081000000|100%| O|  |TAMS 0x0000000081000000, 0x0000000081000000| Untracked 
|  16|0x0000000081000000, 0x0000000081100000, 0x0000000081100000|100%| O|  |TAMS 0x0000000081100000, 0x0000000081100000| Untracked 
|  17|0x0000000081100000, 0x0000000081200000, 0x0000000081200000|100%| O|  |TAMS 0x0000000081200000, 0x0000000081200000| Untracked 
|  18|0x0000000081200000, 0x0000000081300000, 0x0000000081300000|100%| O|  |TAMS 0x0000000081300000, 0x0000000081300000| Untracked 
|  19|0x0000000081300000, 0x0000000081400000, 0x0000000081400000|100%| O|  |TAMS 0x0000000081400000, 0x0000000081400000| Untracked 
|  20|0x0000000081400000, 0x0000000081500000, 0x0000000081500000|100%| O|  |TAMS 0x0000000081500000, 0x0000000081500000| Untracked 
|  21|0x0000000081500000, 0x0000000081600000, 0x0000000081600000|100%| O|  |TAMS 0x0000000081600000, 0x0000000081600000| Untracked 
|  22|0x0000000081600000, 0x0000000081700000, 0x0000000081700000|100%| O|  |TAMS 0x0000000081700000, 0x0000000081700000| Untracked 
|  23|0x0000000081700000, 0x0000000081800000, 0x0000000081800000|100%| O|  |TAMS 0x0000000081800000, 0x0000000081800000| Untracked 
|  24|0x0000000081800000, 0x0000000081900000, 0x0000000081900000|100%| O|  |TAMS 0x0000000081900000, 0x0000000081900000| Untracked 
|  25|0x0000000081900000, 0x0000000081a00000, 0x0000000081a00000|100%| O|  |TAMS 0x0000000081a00000, 0x0000000081a00000| Untracked 
|  26|0x0000000081a00000, 0x0000000081b00000, 0x0000000081b00000|100%| O|  |TAMS 0x0000000081b00000, 0x0000000081b00000| Untracked 
|  27|0x0000000081b00000, 0x0000000081c00000, 0x0000000081c00000|100%|HS|  |TAMS 0x0000000081c00000, 0x0000000081c00000| Complete 
|  28|0x0000000081c00000, 0x0000000081d00000, 0x0000000081d00000|100%|HS|  |TAMS 0x0000000081d00000, 0x0000000081d00000| Complete 
|  29|0x0000000081d00000, 0x0000000081e00000, 0x0000000081e00000|100%|HC|  |TAMS 0x0000000081e00000, 0x0000000081e00000| Complete 
|  30|0x0000000081e00000, 0x0000000081f00000, 0x0000000081f00000|100%|HC|  |TAMS 0x0000000081f00000, 0x0000000081f00000| Complete 
|  31|0x0000000081f00000, 0x0000000082000000, 0x0000000082000000|100%| O|  |TAMS 0x0000000082000000, 0x0000000082000000| Untracked 
|  32|0x0000000082000000, 0x0000000082100000, 0x0000000082100000|100%| O|  |TAMS 0x0000000082100000, 0x0000000082100000| Untracked 
|  33|0x0000000082100000, 0x0000000082200000, 0x0000000082200000|100%| O|  |TAMS 0x0000000082200000, 0x0000000082200000| Untracked 
|  34|0x0000000082200000, 0x0000000082300000, 0x0000000082300000|100%| O|  |TAMS 0x0000000082300000, 0x0000000082300000| Untracked 
|  35|0x0000000082300000, 0x0000000082400000, 0x0000000082400000|100%| O|  |TAMS 0x0000000082400000, 0x0000000082400000| Untracked 
|  36|0x0000000082400000, 0x0000000082500000, 0x0000000082500000|100%| O|  |TAMS 0x0000000082500000, 0x0000000082500000| Untracked 
|  37|0x0000000082500000, 0x0000000082600000, 0x0000000082600000|100%| O|  |TAMS 0x0000000082600000, 0x0000000082600000| Untracked 
|  38|0x0000000082600000, 0x0000000082700000, 0x0000000082700000|100%| O|  |TAMS 0x0000000082700000, 0x0000000082700000| Untracked 
|  39|0x0000000082700000, 0x0000000082800000, 0x0000000082800000|100%| O|  |TAMS 0x0000000082800000, 0x0000000082800000| Untracked 
|  40|0x0000000082800000, 0x0000000082900000, 0x0000000082900000|100%| O|  |TAMS 0x0000000082900000, 0x0000000082900000| Untracked 
|  41|0x0000000082900000, 0x0000000082a00000, 0x0000000082a00000|100%| O|  |TAMS 0x0000000082a00000, 0x0000000082a00000| Untracked 
|  42|0x0000000082a00000, 0x0000000082b00000, 0x0000000082b00000|100%| O|  |TAMS 0x0000000082b00000, 0x0000000082b00000| Untracked 
|  43|0x0000000082b00000, 0x0000000082c00000, 0x0000000082c00000|100%|HS|  |TAMS 0x0000000082c00000, 0x0000000082c00000| Complete 
|  44|0x0000000082c00000, 0x0000000082d00000, 0x0000000082d00000|100%|HS|  |TAMS 0x0000000082d00000, 0x0000000082d00000| Complete 
|  45|0x0000000082d00000, 0x0000000082e00000, 0x0000000082e00000|100%| O|  |TAMS 0x0000000082e00000, 0x0000000082e00000| Untracked 
|  46|0x0000000082e00000, 0x0000000082f00000, 0x0000000082f00000|100%| O|  |TAMS 0x0000000082f00000, 0x0000000082f00000| Untracked 
|  47|0x0000000082f00000, 0x0000000083000000, 0x0000000083000000|100%| O|  |TAMS 0x0000000083000000, 0x0000000083000000| Untracked 
|  48|0x0000000083000000, 0x0000000083100000, 0x0000000083100000|100%| O|  |TAMS 0x0000000083100000, 0x0000000083100000| Untracked 
|  49|0x0000000083100000, 0x0000000083200000, 0x0000000083200000|100%| O|  |TAMS 0x0000000083200000, 0x0000000083200000| Untracked 
|  50|0x0000000083200000, 0x0000000083300000, 0x0000000083300000|100%|HS|  |TAMS 0x0000000083300000, 0x0000000083300000| Complete 
|  51|0x0000000083300000, 0x0000000083400000, 0x0000000083400000|100%|HC|  |TAMS 0x0000000083400000, 0x0000000083400000| Complete 
|  52|0x0000000083400000, 0x0000000083500000, 0x0000000083500000|100%| O|  |TAMS 0x0000000083500000, 0x0000000083500000| Untracked 
|  53|0x0000000083500000, 0x0000000083600000, 0x0000000083600000|100%| O|  |TAMS 0x0000000083600000, 0x0000000083600000| Untracked 
|  54|0x0000000083600000, 0x0000000083700000, 0x0000000083700000|100%| O|  |TAMS 0x0000000083700000, 0x0000000083700000| Untracked 
|  55|0x0000000083700000, 0x0000000083800000, 0x0000000083800000|100%| O|  |TAMS 0x0000000083800000, 0x0000000083800000| Untracked 
|  56|0x0000000083800000, 0x0000000083900000, 0x0000000083900000|100%| O|  |TAMS 0x0000000083900000, 0x0000000083900000| Untracked 
|  57|0x0000000083900000, 0x0000000083a00000, 0x0000000083a00000|100%| O|  |TAMS 0x0000000083a00000, 0x0000000083a00000| Untracked 
|  58|0x0000000083a00000, 0x0000000083b00000, 0x0000000083b00000|100%| O|  |TAMS 0x0000000083b00000, 0x0000000083b00000| Untracked 
|  59|0x0000000083b00000, 0x0000000083c00000, 0x0000000083c00000|100%| O|  |TAMS 0x0000000083c00000, 0x0000000083c00000| Untracked 
|  60|0x0000000083c00000, 0x0000000083d00000, 0x0000000083d00000|100%| O|  |TAMS 0x0000000083d00000, 0x0000000083d00000| Untracked 
|  61|0x0000000083d00000, 0x0000000083e00000, 0x0000000083e00000|100%| O|  |TAMS 0x0000000083e00000, 0x0000000083e00000| Untracked 
|  62|0x0000000083e00000, 0x0000000083f00000, 0x0000000083f00000|100%| O|  |TAMS 0x0000000083f00000, 0x0000000083f00000| Untracked 
|  63|0x0000000083f00000, 0x0000000084000000, 0x0000000084000000|100%| O|  |TAMS 0x0000000084000000, 0x0000000084000000| Untracked 
|  64|0x0000000084000000, 0x0000000084100000, 0x0000000084100000|100%| O|  |TAMS 0x0000000084100000, 0x0000000084100000| Untracked 
|  65|0x0000000084100000, 0x0000000084200000, 0x0000000084200000|100%| O|  |TAMS 0x0000000084200000, 0x0000000084200000| Untracked 
|  66|0x0000000084200000, 0x0000000084300000, 0x0000000084300000|100%| O|  |TAMS 0x0000000084300000, 0x0000000084300000| Untracked 
|  67|0x0000000084300000, 0x0000000084400000, 0x0000000084400000|100%| O|  |TAMS 0x0000000084400000, 0x0000000084400000| Untracked 
|  68|0x0000000084400000, 0x0000000084500000, 0x0000000084500000|100%| O|  |TAMS 0x0000000084500000, 0x0000000084500000| Untracked 
|  69|0x0000000084500000, 0x0000000084600000, 0x0000000084600000|100%| O|  |TAMS 0x0000000084600000, 0x0000000084600000| Untracked 
|  70|0x0000000084600000, 0x0000000084700000, 0x0000000084700000|100%| O|  |TAMS 0x0000000084700000, 0x0000000084700000| Untracked 
|  71|0x0000000084700000, 0x0000000084800000, 0x0000000084800000|100%| O|  |TAMS 0x0000000084800000, 0x0000000084800000| Untracked 
|  72|0x0000000084800000, 0x0000000084900000, 0x0000000084900000|100%| O|  |TAMS 0x0000000084900000, 0x0000000084900000| Untracked 
|  73|0x0000000084900000, 0x0000000084a00000, 0x0000000084a00000|100%| O|  |TAMS 0x0000000084a00000, 0x0000000084a00000| Untracked 
|  74|0x0000000084a00000, 0x0000000084b00000, 0x0000000084b00000|100%| O|  |TAMS 0x0000000084b00000, 0x0000000084b00000| Untracked 
|  75|0x0000000084b00000, 0x0000000084c00000, 0x0000000084c00000|100%| O|  |TAMS 0x0000000084c00000, 0x0000000084c00000| Untracked 
|  76|0x0000000084c00000, 0x0000000084d00000, 0x0000000084d00000|100%| O|  |TAMS 0x0000000084d00000, 0x0000000084d00000| Untracked 
|  77|0x0000000084d00000, 0x0000000084e00000, 0x0000000084e00000|100%|HS|  |TAMS 0x0000000084e00000, 0x0000000084e00000| Complete 
|  78|0x0000000084e00000, 0x0000000084f00000, 0x0000000084f00000|100%| O|  |TAMS 0x0000000084f00000, 0x0000000084f00000| Untracked 
|  79|0x0000000084f00000, 0x0000000085000000, 0x0000000085000000|100%| O|  |TAMS 0x0000000085000000, 0x0000000085000000| Untracked 
|  80|0x0000000085000000, 0x0000000085100000, 0x0000000085100000|100%| O|  |TAMS 0x0000000085100000, 0x0000000085100000| Untracked 
|  81|0x0000000085100000, 0x0000000085200000, 0x0000000085200000|100%| O|  |TAMS 0x0000000085200000, 0x0000000085200000| Untracked 
|  82|0x0000000085200000, 0x0000000085300000, 0x0000000085300000|100%| O|  |TAMS 0x0000000085300000, 0x0000000085300000| Untracked 
|  83|0x0000000085300000, 0x0000000085400000, 0x0000000085400000|100%| O|  |TAMS 0x0000000085400000, 0x0000000085400000| Untracked 
|  84|0x0000000085400000, 0x0000000085500000, 0x0000000085500000|100%| O|  |TAMS 0x0000000085500000, 0x0000000085500000| Untracked 
|  85|0x0000000085500000, 0x0000000085600000, 0x0000000085600000|100%| O|  |TAMS 0x0000000085600000, 0x0000000085600000| Untracked 
|  86|0x0000000085600000, 0x0000000085700000, 0x0000000085700000|100%| O|  |TAMS 0x0000000085700000, 0x0000000085700000| Untracked 
|  87|0x0000000085700000, 0x0000000085800000, 0x0000000085800000|100%| O|  |TAMS 0x0000000085800000, 0x0000000085800000| Untracked 
|  88|0x0000000085800000, 0x0000000085900000, 0x0000000085900000|100%| O|  |TAMS 0x0000000085900000, 0x0000000085900000| Untracked 
|  89|0x0000000085900000, 0x0000000085a00000, 0x0000000085a00000|100%| O|  |TAMS 0x0000000085a00000, 0x0000000085a00000| Untracked 
|  90|0x0000000085a00000, 0x0000000085b00000, 0x0000000085b00000|100%| O|  |TAMS 0x0000000085b00000, 0x0000000085b00000| Untracked 
|  91|0x0000000085b00000, 0x0000000085c00000, 0x0000000085c00000|100%|HS|  |TAMS 0x0000000085c00000, 0x0000000085c00000| Complete 
|  92|0x0000000085c00000, 0x0000000085d00000, 0x0000000085d00000|100%|HS|  |TAMS 0x0000000085d00000, 0x0000000085d00000| Complete 
|  93|0x0000000085d00000, 0x0000000085e00000, 0x0000000085e00000|100%|HS|  |TAMS 0x0000000085e00000, 0x0000000085e00000| Complete 
|  94|0x0000000085e00000, 0x0000000085f00000, 0x0000000085f00000|100%|HS|  |TAMS 0x0000000085f00000, 0x0000000085f00000| Complete 
|  95|0x0000000085f00000, 0x0000000086000000, 0x0000000086000000|100%|HC|  |TAMS 0x0000000086000000, 0x0000000086000000| Complete 
|  96|0x0000000086000000, 0x0000000086100000, 0x0000000086100000|100%|HC|  |TAMS 0x0000000086100000, 0x0000000086100000| Complete 
|  97|0x0000000086100000, 0x0000000086200000, 0x0000000086200000|100%| O|  |TAMS 0x0000000086200000, 0x0000000086200000| Untracked 
|  98|0x0000000086200000, 0x0000000086300000, 0x0000000086300000|100%| O|  |TAMS 0x0000000086300000, 0x0000000086300000| Untracked 
|  99|0x0000000086300000, 0x0000000086400000, 0x0000000086400000|100%| O|  |TAMS 0x0000000086400000, 0x0000000086400000| Untracked 
| 100|0x0000000086400000, 0x0000000086500000, 0x0000000086500000|100%| O|  |TAMS 0x0000000086500000, 0x0000000086500000| Untracked 
| 101|0x0000000086500000, 0x0000000086600000, 0x0000000086600000|100%| O|  |TAMS 0x0000000086600000, 0x0000000086600000| Untracked 
| 102|0x0000000086600000, 0x0000000086700000, 0x0000000086700000|100%| O|  |TAMS 0x0000000086700000, 0x0000000086700000| Untracked 
| 103|0x0000000086700000, 0x0000000086800000, 0x0000000086800000|100%| O|  |TAMS 0x0000000086800000, 0x0000000086800000| Untracked 
| 104|0x0000000086800000, 0x0000000086900000, 0x0000000086900000|100%| O|  |TAMS 0x0000000086900000, 0x0000000086900000| Untracked 
| 105|0x0000000086900000, 0x0000000086a00000, 0x0000000086a00000|100%| O|  |TAMS 0x0000000086a00000, 0x0000000086a00000| Untracked 
| 106|0x0000000086a00000, 0x0000000086b00000, 0x0000000086b00000|100%| O|  |TAMS 0x0000000086b00000, 0x0000000086b00000| Untracked 
| 107|0x0000000086b00000, 0x0000000086c00000, 0x0000000086c00000|100%| O|  |TAMS 0x0000000086c00000, 0x0000000086c00000| Untracked 
| 108|0x0000000086c00000, 0x0000000086d00000, 0x0000000086d00000|100%| O|  |TAMS 0x0000000086d00000, 0x0000000086d00000| Untracked 
| 109|0x0000000086d00000, 0x0000000086e00000, 0x0000000086e00000|100%| O|  |TAMS 0x0000000086e00000, 0x0000000086e00000| Untracked 
| 110|0x0000000086e00000, 0x0000000086f00000, 0x0000000086f00000|100%|HS|  |TAMS 0x0000000086f00000, 0x0000000086f00000| Complete 
| 111|0x0000000086f00000, 0x0000000087000000, 0x0000000087000000|100%|HS|  |TAMS 0x0000000087000000, 0x0000000087000000| Complete 
| 112|0x0000000087000000, 0x0000000087100000, 0x0000000087100000|100%|HC|  |TAMS 0x0000000087100000, 0x0000000087100000| Complete 
| 113|0x0000000087100000, 0x0000000087200000, 0x0000000087200000|100%|HC|  |TAMS 0x0000000087200000, 0x0000000087200000| Complete 
| 114|0x0000000087200000, 0x0000000087300000, 0x0000000087300000|100%| O|  |TAMS 0x0000000087300000, 0x0000000087300000| Untracked 
| 115|0x0000000087300000, 0x0000000087400000, 0x0000000087400000|100%| O|  |TAMS 0x0000000087400000, 0x0000000087400000| Untracked 
| 116|0x0000000087400000, 0x0000000087500000, 0x0000000087500000|100%| O|  |TAMS 0x0000000087500000, 0x0000000087500000| Untracked 
| 117|0x0000000087500000, 0x0000000087600000, 0x0000000087600000|100%| O|  |TAMS 0x0000000087600000, 0x0000000087600000| Untracked 
| 118|0x0000000087600000, 0x0000000087700000, 0x0000000087700000|100%| O|  |TAMS 0x0000000087700000, 0x0000000087700000| Untracked 
| 119|0x0000000087700000, 0x0000000087800000, 0x0000000087800000|100%| O|  |TAMS 0x0000000087800000, 0x0000000087800000| Untracked 
| 120|0x0000000087800000, 0x0000000087900000, 0x0000000087900000|100%| O|  |TAMS 0x0000000087900000, 0x0000000087900000| Untracked 
| 121|0x0000000087900000, 0x0000000087a00000, 0x0000000087a00000|100%| O|  |TAMS 0x00000000879eca00, 0x0000000087a00000| Untracked 
| 122|0x0000000087a00000, 0x0000000087b00000, 0x0000000087b00000|100%| O|  |TAMS 0x0000000087a00000, 0x0000000087b00000| Untracked 
| 123|0x0000000087b00000, 0x0000000087c00000, 0x0000000087c00000|100%| O|  |TAMS 0x0000000087b00000, 0x0000000087c00000| Untracked 
| 124|0x0000000087c00000, 0x0000000087d00000, 0x0000000087d00000|100%| O|  |TAMS 0x0000000087c00000, 0x0000000087d00000| Untracked 
| 125|0x0000000087d00000, 0x0000000087e00000, 0x0000000087e00000|100%| O|  |TAMS 0x0000000087d00000, 0x0000000087e00000| Untracked 
| 126|0x0000000087e00000, 0x0000000087eb1600, 0x0000000087f00000| 69%| O|  |TAMS 0x0000000087e00000, 0x0000000087eb1600| Untracked 
| 127|0x0000000087f00000, 0x0000000087f00000, 0x0000000088000000|  0%| F|  |TAMS 0x0000000087f00000, 0x0000000087f00000| Untracked 
| 128|0x0000000088000000, 0x0000000088000000, 0x0000000088100000|  0%| F|  |TAMS 0x0000000088000000, 0x0000000088000000| Untracked 
| 129|0x0000000088100000, 0x0000000088100000, 0x0000000088200000|  0%| F|  |TAMS 0x0000000088100000, 0x0000000088100000| Untracked 
| 130|0x0000000088200000, 0x0000000088200000, 0x0000000088300000|  0%| F|  |TAMS 0x0000000088200000, 0x0000000088200000| Untracked 
| 131|0x0000000088300000, 0x0000000088300000, 0x0000000088400000|  0%| F|  |TAMS 0x0000000088300000, 0x0000000088300000| Untracked 
| 132|0x0000000088400000, 0x0000000088400000, 0x0000000088500000|  0%| F|  |TAMS 0x0000000088400000, 0x0000000088400000| Untracked 
| 133|0x0000000088500000, 0x0000000088500000, 0x0000000088600000|  0%| F|  |TAMS 0x0000000088500000, 0x0000000088500000| Untracked 
| 134|0x0000000088600000, 0x0000000088600000, 0x0000000088700000|  0%| F|  |TAMS 0x0000000088600000, 0x0000000088600000| Untracked 
| 135|0x0000000088700000, 0x0000000088700000, 0x0000000088800000|  0%| F|  |TAMS 0x0000000088700000, 0x0000000088700000| Untracked 
| 136|0x0000000088800000, 0x0000000088800000, 0x0000000088900000|  0%| F|  |TAMS 0x0000000088800000, 0x0000000088800000| Untracked 
| 137|0x0000000088900000, 0x0000000088900000, 0x0000000088a00000|  0%| F|  |TAMS 0x0000000088900000, 0x0000000088900000| Untracked 
| 138|0x0000000088a00000, 0x0000000088a00000, 0x0000000088b00000|  0%| F|  |TAMS 0x0000000088a00000, 0x0000000088a00000| Untracked 
| 139|0x0000000088b00000, 0x0000000088b00000, 0x0000000088c00000|  0%| F|  |TAMS 0x0000000088b00000, 0x0000000088b00000| Untracked 
| 140|0x0000000088c00000, 0x0000000088c00000, 0x0000000088d00000|  0%| F|  |TAMS 0x0000000088c00000, 0x0000000088c00000| Untracked 
| 141|0x0000000088d00000, 0x0000000088d00000, 0x0000000088e00000|  0%| F|  |TAMS 0x0000000088d00000, 0x0000000088d00000| Untracked 
| 142|0x0000000088e00000, 0x0000000088e00000, 0x0000000088f00000|  0%| F|  |TAMS 0x0000000088e00000, 0x0000000088e00000| Untracked 
| 143|0x0000000088f00000, 0x0000000088f00000, 0x0000000089000000|  0%| F|  |TAMS 0x0000000088f00000, 0x0000000088f00000| Untracked 
| 144|0x0000000089000000, 0x0000000089000000, 0x0000000089100000|  0%| F|  |TAMS 0x0000000089000000, 0x0000000089000000| Untracked 
| 145|0x0000000089100000, 0x0000000089100000, 0x0000000089200000|  0%| F|  |TAMS 0x0000000089100000, 0x0000000089100000| Untracked 
| 146|0x0000000089200000, 0x0000000089200000, 0x0000000089300000|  0%| F|  |TAMS 0x0000000089200000, 0x0000000089200000| Untracked 
| 147|0x0000000089300000, 0x0000000089300000, 0x0000000089400000|  0%| F|  |TAMS 0x0000000089300000, 0x0000000089300000| Untracked 
| 148|0x0000000089400000, 0x0000000089400000, 0x0000000089500000|  0%| F|  |TAMS 0x0000000089400000, 0x0000000089400000| Untracked 
| 149|0x0000000089500000, 0x0000000089500000, 0x0000000089600000|  0%| F|  |TAMS 0x0000000089500000, 0x0000000089500000| Untracked 
| 150|0x0000000089600000, 0x0000000089600000, 0x0000000089700000|  0%| F|  |TAMS 0x0000000089600000, 0x0000000089600000| Untracked 
| 151|0x0000000089700000, 0x0000000089700000, 0x0000000089800000|  0%| F|  |TAMS 0x0000000089700000, 0x0000000089700000| Untracked 
| 152|0x0000000089800000, 0x0000000089800000, 0x0000000089900000|  0%| F|  |TAMS 0x0000000089800000, 0x0000000089800000| Untracked 
| 153|0x0000000089900000, 0x0000000089900000, 0x0000000089a00000|  0%| F|  |TAMS 0x0000000089900000, 0x0000000089900000| Untracked 
| 154|0x0000000089a00000, 0x0000000089a00000, 0x0000000089b00000|  0%| F|  |TAMS 0x0000000089a00000, 0x0000000089a00000| Untracked 
| 155|0x0000000089b00000, 0x0000000089b00000, 0x0000000089c00000|  0%| F|  |TAMS 0x0000000089b00000, 0x0000000089b00000| Untracked 
| 156|0x0000000089c00000, 0x0000000089c00000, 0x0000000089d00000|  0%| F|  |TAMS 0x0000000089c00000, 0x0000000089c00000| Untracked 
| 157|0x0000000089d00000, 0x0000000089d00000, 0x0000000089e00000|  0%| F|  |TAMS 0x0000000089d00000, 0x0000000089d00000| Untracked 
| 158|0x0000000089e00000, 0x0000000089e00000, 0x0000000089f00000|  0%| F|  |TAMS 0x0000000089e00000, 0x0000000089e00000| Untracked 
| 159|0x0000000089f00000, 0x0000000089f00000, 0x000000008a000000|  0%| F|  |TAMS 0x0000000089f00000, 0x0000000089f00000| Untracked 
| 160|0x000000008a000000, 0x000000008a000000, 0x000000008a100000|  0%| F|  |TAMS 0x000000008a000000, 0x000000008a000000| Untracked 
| 161|0x000000008a100000, 0x000000008a100000, 0x000000008a200000|  0%| F|  |TAMS 0x000000008a100000, 0x000000008a100000| Untracked 
| 162|0x000000008a200000, 0x000000008a200000, 0x000000008a300000|  0%| F|  |TAMS 0x000000008a200000, 0x000000008a200000| Untracked 
| 163|0x000000008a300000, 0x000000008a300000, 0x000000008a400000|  0%| F|  |TAMS 0x000000008a300000, 0x000000008a300000| Untracked 
| 164|0x000000008a400000, 0x000000008a400000, 0x000000008a500000|  0%| F|  |TAMS 0x000000008a400000, 0x000000008a400000| Untracked 
| 165|0x000000008a500000, 0x000000008a5a6500, 0x000000008a600000| 64%| S|CS|TAMS 0x000000008a500000, 0x000000008a500000| Complete 
| 166|0x000000008a600000, 0x000000008a700000, 0x000000008a700000|100%| S|CS|TAMS 0x000000008a600000, 0x000000008a600000| Complete 
| 167|0x000000008a700000, 0x000000008a700000, 0x000000008a800000|  0%| F|  |TAMS 0x000000008a700000, 0x000000008a700000| Untracked 
| 168|0x000000008a800000, 0x000000008a800000, 0x000000008a900000|  0%| F|  |TAMS 0x000000008a800000, 0x000000008a800000| Untracked 
| 169|0x000000008a900000, 0x000000008a900000, 0x000000008aa00000|  0%| F|  |TAMS 0x000000008a900000, 0x000000008a900000| Untracked 
| 170|0x000000008aa00000, 0x000000008aa00000, 0x000000008ab00000|  0%| F|  |TAMS 0x000000008aa00000, 0x000000008aa00000| Untracked 
| 171|0x000000008ab00000, 0x000000008ab00000, 0x000000008ac00000|  0%| F|  |TAMS 0x000000008ab00000, 0x000000008ab00000| Untracked 
| 172|0x000000008ac00000, 0x000000008ac00000, 0x000000008ad00000|  0%| F|  |TAMS 0x000000008ac00000, 0x000000008ac00000| Untracked 
| 173|0x000000008ad00000, 0x000000008ad00000, 0x000000008ae00000|  0%| F|  |TAMS 0x000000008ad00000, 0x000000008ad00000| Untracked 
| 174|0x000000008ae00000, 0x000000008ae00000, 0x000000008af00000|  0%| F|  |TAMS 0x000000008ae00000, 0x000000008ae00000| Untracked 
| 175|0x000000008af00000, 0x000000008af00000, 0x000000008b000000|  0%| F|  |TAMS 0x000000008af00000, 0x000000008af00000| Untracked 
| 176|0x000000008b000000, 0x000000008b000000, 0x000000008b100000|  0%| F|  |TAMS 0x000000008b000000, 0x000000008b000000| Untracked 
| 177|0x000000008b100000, 0x000000008b100000, 0x000000008b200000|  0%| F|  |TAMS 0x000000008b100000, 0x000000008b100000| Untracked 
| 178|0x000000008b200000, 0x000000008b200000, 0x000000008b300000|  0%| F|  |TAMS 0x000000008b200000, 0x000000008b200000| Untracked 
| 179|0x000000008b300000, 0x000000008b300000, 0x000000008b400000|  0%| F|  |TAMS 0x000000008b300000, 0x000000008b300000| Untracked 
| 180|0x000000008b400000, 0x000000008b400000, 0x000000008b500000|  0%| F|  |TAMS 0x000000008b400000, 0x000000008b400000| Untracked 
| 181|0x000000008b500000, 0x000000008b500000, 0x000000008b600000|  0%| F|  |TAMS 0x000000008b500000, 0x000000008b500000| Untracked 
| 182|0x000000008b600000, 0x000000008b600000, 0x000000008b700000|  0%| F|  |TAMS 0x000000008b600000, 0x000000008b600000| Untracked 
| 183|0x000000008b700000, 0x000000008b700000, 0x000000008b800000|  0%| F|  |TAMS 0x000000008b700000, 0x000000008b700000| Untracked 
| 184|0x000000008b800000, 0x000000008b800000, 0x000000008b900000|  0%| F|  |TAMS 0x000000008b800000, 0x000000008b800000| Untracked 
| 185|0x000000008b900000, 0x000000008b900000, 0x000000008ba00000|  0%| F|  |TAMS 0x000000008b900000, 0x000000008b900000| Untracked 
| 186|0x000000008ba00000, 0x000000008ba00000, 0x000000008bb00000|  0%| F|  |TAMS 0x000000008ba00000, 0x000000008ba00000| Untracked 
| 187|0x000000008bb00000, 0x000000008bb00000, 0x000000008bc00000|  0%| F|  |TAMS 0x000000008bb00000, 0x000000008bb00000| Untracked 
| 188|0x000000008bc00000, 0x000000008bc00000, 0x000000008bd00000|  0%| F|  |TAMS 0x000000008bc00000, 0x000000008bc00000| Untracked 
| 189|0x000000008bd00000, 0x000000008bd00000, 0x000000008be00000|  0%| F|  |TAMS 0x000000008bd00000, 0x000000008bd00000| Untracked 
| 190|0x000000008be00000, 0x000000008be00000, 0x000000008bf00000|  0%| F|  |TAMS 0x000000008be00000, 0x000000008be00000| Untracked 
| 191|0x000000008bf00000, 0x000000008bf00000, 0x000000008c000000|  0%| F|  |TAMS 0x000000008bf00000, 0x000000008bf00000| Untracked 
| 192|0x000000008c000000, 0x000000008c000000, 0x000000008c100000|  0%| F|  |TAMS 0x000000008c000000, 0x000000008c000000| Untracked 

Card table byte_map: [0x000002221e530000,0x000002221e930000] _byte_map_base: 0x000002221e130000

Marking Bits (Prev, Next): (CMBitMap*) 0x0000022204c0a468, (CMBitMap*) 0x0000022204c0a4a0
 Prev Bits: [0x000002221ed30000, 0x0000022220d30000)
 Next Bits: [0x0000022220d30000, 0x0000022222d30000)

Polling page: 0x0000022204a50000

Metaspace:

Usage:
  Non-class:     92.65 MB capacity,    90.65 MB ( 98%) used,     1.70 MB (  2%) free+waste,   311.63 KB ( <1%) overhead. 
      Class:     15.02 MB capacity,    13.71 MB ( 91%) used,     1.17 MB (  8%) free+waste,   144.13 KB ( <1%) overhead. 
       Both:    107.67 MB capacity,   104.36 MB ( 97%) used,     2.87 MB (  3%) free+waste,   455.75 KB ( <1%) overhead. 

Virtual space:
  Non-class space:       94.00 MB reserved,      92.76 MB ( 99%) committed 
      Class space:      504.00 MB reserved,      15.07 MB (  3%) committed 
             Both:      598.00 MB reserved,     107.83 MB ( 18%) committed 

Chunk freelists:
   Non-Class:  48.00 KB
       Class:  9.00 KB
        Both:  57.00 KB

MaxMetaspaceSize: 512.00 MB
CompressedClassSpaceSize: 504.00 MB
Initial GC threshold: 20.80 MB
Current GC threshold: 175.35 MB
CDS: off

CodeHeap 'non-profiled nmethods': size=120064Kb used=8248Kb max_used=8248Kb free=111815Kb
 bounds [0x00000222165d0000, 0x0000022216de0000, 0x000002221db10000]
CodeHeap 'profiled nmethods': size=120000Kb used=28174Kb max_used=28174Kb free=91825Kb
 bounds [0x000002220f0a0000, 0x0000022210c30000, 0x00000222165d0000]
CodeHeap 'non-nmethods': size=5696Kb used=2398Kb max_used=2479Kb free=3297Kb
 bounds [0x000002220eb10000, 0x000002220ed90000, 0x000002220f0a0000]
 total_blobs=13155 nmethods=12227 adapters=840
 compilation: enabled
              stopped_count=0, restarted_count=0
 full_count=0

Compilation events (20 events):
Event: 124.895 Thread 0x0000022225ce5000 12282       2       java.util.LinkedHashMap::linkNodeLast (33 bytes)
Event: 124.896 Thread 0x0000022225ce5000 nmethod 12282 0x0000022210c1c890 code [0x0000022210c1ca60, 0x0000022210c1ccf8]
Event: 124.896 Thread 0x0000022225ce5000 12283       3       java.lang.reflect.Method::equals (69 bytes)
Event: 124.897 Thread 0x0000022225ce5000 nmethod 12283 0x0000022210c1ce10 code [0x0000022210c1d000, 0x0000022210c1d6a8]
Event: 124.905 Thread 0x0000022225ce5000 12284       3       org.gradle.internal.instantiation.generator.AsmBackedClassGenerator$ClassBuilderImpl$$Lambda$165/0x000000010031dc40::<init> (32 bytes)
Event: 124.906 Thread 0x0000022225ce5000 nmethod 12284 0x0000022210c1d810 code [0x0000022210c1d9e0, 0x0000022210c1dd18]
Event: 124.907 Thread 0x0000022225ce5000 12285       3       org.gradle.internal.instantiation.generator.AsmBackedClassGenerator$ClassBuilderImpl$$Lambda$165/0x000000010031dc40::emit (25 bytes)
Event: 124.907 Thread 0x0000022225ce5000 nmethod 12285 0x0000022210c1de10 code [0x0000022210c1dfe0, 0x0000022210c1e208]
Event: 124.907 Thread 0x0000022225ce5000 12286       3       org.gradle.internal.instantiation.generator.AsmBackedClassGenerator$ClassBuilderImpl::lambda$addServiceGetter$38 (17 bytes)
Event: 124.907 Thread 0x0000022225ce5000 nmethod 12286 0x0000022210c1e390 code [0x0000022210c1e540, 0x0000022210c1e708]
Event: 124.907 Thread 0x0000022225ce5000 12287       3       org.gradle.internal.instantiation.generator.AsmBackedClassGenerator$ClassBuilderImpl$39::<init> (106 bytes)
Event: 124.909 Thread 0x0000022225ce5000 nmethod 12287 0x0000022210c1e810 code [0x0000022210c1eb60, 0x0000022210c20638]
Event: 124.918 Thread 0x0000022225ce5000 12288   !   3       org.gradle.internal.classloader.ClassLoaderUtils$LookupClassDefiner::defineDecoratorClass (47 bytes)
Event: 124.920 Thread 0x0000022225ce5000 nmethod 12288 0x0000022210c20f10 code [0x0000022210c211a0, 0x0000022210c21cf8]
Event: 124.931 Thread 0x0000022225ce5000 12289       3       org.gradle.api.internal.attributes.ImmutableAttributeContainerWithErrorMessage::<init> (15 bytes)
Event: 124.931 Thread 0x0000022225ce5000 nmethod 12289 0x0000022210c22210 code [0x0000022210c223c0, 0x0000022210c225d8]
Event: 124.952 Thread 0x0000022225ce5000 12291       3       org.objectweb.asm.ClassWriter::visitAnnotation (40 bytes)
Event: 124.953 Thread 0x0000022225ce5000 nmethod 12291 0x0000022210c22690 code [0x0000022210c22900, 0x0000022210c23338]
Event: 124.965 Thread 0x0000022225ce5000 12292       3       org.gradle.api.internal.file.collections.DefaultConfigurableFileCollection::disallowChanges (6 bytes)
Event: 124.966 Thread 0x0000022225ce5000 nmethod 12292 0x0000022210c23710 code [0x0000022210c238c0, 0x0000022210c239b8]

GC Heap History (20 events):
Event: 116.110 GC heap after
{Heap after GC invocations=54 (full 0):
 garbage-first heap   total 131072K, used 111610K [0x0000000080000000, 0x0000000100000000)
  region size 1024K, 1 young (1024K), 1 survivors (1024K)
 Metaspace       used 99674K, capacity 102637K, committed 102996K, reserved 606208K
  class space    used 13128K, capacity 14290K, committed 14412K, reserved 516096K
}
Event: 116.403 GC heap before
{Heap before GC invocations=54 (full 0):
 garbage-first heap   total 131072K, used 116730K [0x0000000080000000, 0x0000000100000000)
  region size 1024K, 6 young (6144K), 1 survivors (1024K)
 Metaspace       used 99798K, capacity 102789K, committed 102996K, reserved 606208K
  class space    used 13148K, capacity 14336K, committed 14412K, reserved 516096K
}
Event: 116.411 GC heap after
{Heap after GC invocations=55 (full 0):
 garbage-first heap   total 157696K, used 112992K [0x0000000080000000, 0x0000000100000000)
  region size 1024K, 1 young (1024K), 1 survivors (1024K)
 Metaspace       used 99798K, capacity 102789K, committed 102996K, reserved 606208K
  class space    used 13148K, capacity 14336K, committed 14412K, reserved 516096K
}
Event: 116.819 GC heap before
{Heap before GC invocations=56 (full 0):
 garbage-first heap   total 157696K, used 120160K [0x0000000080000000, 0x0000000100000000)
  region size 1024K, 9 young (9216K), 1 survivors (1024K)
 Metaspace       used 99893K, capacity 102914K, committed 102996K, reserved 606208K
  class space    used 13160K, capacity 14352K, committed 14412K, reserved 516096K
}
Event: 116.828 GC heap after
{Heap after GC invocations=57 (full 0):
 garbage-first heap   total 157696K, used 114424K [0x0000000080000000, 0x0000000100000000)
  region size 1024K, 2 young (2048K), 2 survivors (2048K)
 Metaspace       used 99893K, capacity 102914K, committed 102996K, reserved 606208K
  class space    used 13160K, capacity 14352K, committed 14412K, reserved 516096K
}
Event: 117.504 GC heap before
{Heap before GC invocations=58 (full 0):
 garbage-first heap   total 157696K, used 129784K [0x0000000080000000, 0x0000000100000000)
  region size 1024K, 13 young (13312K), 2 survivors (2048K)
 Metaspace       used 100642K, capacity 103680K, committed 103892K, reserved 606208K
  class space    used 13262K, capacity 14457K, committed 14540K, reserved 516096K
}
Event: 117.511 GC heap after
{Heap after GC invocations=59 (full 0):
 garbage-first heap   total 157696K, used 119801K [0x0000000080000000, 0x0000000100000000)
  region size 1024K, 2 young (2048K), 2 survivors (2048K)
 Metaspace       used 100642K, capacity 103680K, committed 103892K, reserved 606208K
  class space    used 13262K, capacity 14457K, committed 14540K, reserved 516096K
}
Event: 118.013 GC heap before
{Heap before GC invocations=59 (full 0):
 garbage-first heap   total 157696K, used 130041K [0x0000000080000000, 0x0000000100000000)
  region size 1024K, 12 young (12288K), 2 survivors (2048K)
 Metaspace       used 101299K, capacity 104416K, committed 104532K, reserved 606208K
  class space    used 13334K, capacity 14553K, committed 14668K, reserved 516096K
}
Event: 118.016 GC heap after
{Heap after GC invocations=60 (full 0):
 garbage-first heap   total 157696K, used 120493K [0x0000000080000000, 0x0000000100000000)
  region size 1024K, 1 young (1024K), 1 survivors (1024K)
 Metaspace       used 101299K, capacity 104416K, committed 104532K, reserved 606208K
  class space    used 13334K, capacity 14553K, committed 14668K, reserved 516096K
}
Event: 118.648 GC heap before
{Heap before GC invocations=61 (full 0):
 garbage-first heap   total 157696K, used 130733K [0x0000000080000000, 0x0000000100000000)
  region size 1024K, 11 young (11264K), 1 survivors (1024K)
 Metaspace       used 101652K, capacity 104760K, committed 105044K, reserved 608256K
  class space    used 13377K, capacity 14625K, committed 14668K, reserved 516096K
}
Event: 118.654 GC heap after
{Heap after GC invocations=62 (full 0):
 garbage-first heap   total 157696K, used 121833K [0x0000000080000000, 0x0000000100000000)
  region size 1024K, 2 young (2048K), 2 survivors (2048K)
 Metaspace       used 101652K, capacity 104760K, committed 105044K, reserved 608256K
  class space    used 13377K, capacity 14625K, committed 14668K, reserved 516096K
}
Event: 119.223 GC heap before
{Heap before GC invocations=62 (full 0):
 garbage-first heap   total 157696K, used 132073K [0x0000000080000000, 0x0000000100000000)
  region size 1024K, 12 young (12288K), 2 survivors (2048K)
 Metaspace       used 102030K, capacity 105300K, committed 105428K, reserved 608256K
  class space    used 13428K, capacity 14698K, committed 14796K, reserved 516096K
}
Event: 119.234 GC heap after
{Heap after GC invocations=63 (full 0):
 garbage-first heap   total 197632K, used 123409K [0x0000000080000000, 0x0000000100000000)
  region size 1024K, 2 young (2048K), 2 survivors (2048K)
 Metaspace       used 102030K, capacity 105300K, committed 105428K, reserved 608256K
  class space    used 13428K, capacity 14698K, committed 14796K, reserved 516096K
}
Event: 120.711 GC heap before
{Heap before GC invocations=64 (full 0):
 garbage-first heap   total 197632K, used 144913K [0x0000000080000000, 0x0000000100000000)
  region size 1024K, 24 young (24576K), 2 survivors (2048K)
 Metaspace       used 102964K, capacity 106236K, committed 106324K, reserved 608256K
  class space    used 13547K, capacity 14847K, committed 14924K, reserved 516096K
}
Event: 120.724 GC heap after
{Heap after GC invocations=65 (full 0):
 garbage-first heap   total 197632K, used 124876K [0x0000000080000000, 0x0000000100000000)
  region size 1024K, 3 young (3072K), 3 survivors (3072K)
 Metaspace       used 102964K, capacity 106236K, committed 106324K, reserved 608256K
  class space    used 13547K, capacity 14847K, committed 14924K, reserved 516096K
}
Event: 122.284 GC heap before
{Heap before GC invocations=65 (full 0):
 garbage-first heap   total 197632K, used 148428K [0x0000000080000000, 0x0000000100000000)
  region size 1024K, 26 young (26624K), 3 survivors (3072K)
 Metaspace       used 104064K, capacity 107487K, committed 107732K, reserved 610304K
  class space    used 13675K, capacity 14985K, committed 15052K, reserved 516096K
}
Event: 122.311 GC heap after
{Heap after GC invocations=66 (full 0):
 garbage-first heap   total 197632K, used 127304K [0x0000000080000000, 0x0000000100000000)
  region size 1024K, 3 young (3072K), 3 survivors (3072K)
 Metaspace       used 104064K, capacity 107487K, committed 107732K, reserved 610304K
  class space    used 13675K, capacity 14985K, committed 15052K, reserved 516096K
}
Event: 124.005 GC heap before
{Heap before GC invocations=67 (full 0):
 garbage-first heap   total 197632K, used 151880K [0x0000000080000000, 0x0000000100000000)
  region size 1024K, 27 young (27648K), 3 survivors (3072K)
 Metaspace       used 105360K, capacity 108709K, committed 109012K, reserved 610304K
  class space    used 13845K, capacity 15170K, committed 15308K, reserved 516096K
}
Event: 124.018 GC heap after
{Heap after GC invocations=68 (full 0):
 garbage-first heap   total 197632K, used 129760K [0x0000000080000000, 0x0000000100000000)
  region size 1024K, 3 young (3072K), 3 survivors (3072K)
 Metaspace       used 105360K, capacity 108709K, committed 109012K, reserved 610304K
  class space    used 13845K, capacity 15170K, committed 15308K, reserved 516096K
}
Event: 124.979 GC heap before
{Heap before GC invocations=68 (full 0):
 garbage-first heap   total 197632K, used 153312K [0x0000000080000000, 0x0000000100000000)
  region size 1024K, 27 young (27648K), 3 survivors (3072K)
 Metaspace       used 106861K, capacity 110255K, committed 110420K, reserved 612352K
  class space    used 14036K, capacity 15383K, committed 15436K, reserved 516096K
}

Deoptimization events (20 events):
Event: 123.868 Thread 0x000002222678e800 Uncommon trap: trap_request=0xfffffff4 fr.pc=0x0000022216dbb084 relative=0x0000000000000164
Event: 123.870 Thread 0x000002222678e800 Uncommon trap: reason=null_check action=make_not_entrant pc=0x0000022216dbb084 method=org.gradle.internal.instantiation.generator.AbstractClassGenerator.isPropertyType(Ljava/lang/Class;)Z @ 21 c2
Event: 123.870 Thread 0x000002222678e800 DEOPT PACKING pc=0x0000022216dbb084 sp=0x000000a1951f95a0
Event: 123.870 Thread 0x000002222678e800 DEOPT UNPACKING pc=0x000002220eb5a1af sp=0x000000a1951f9540 mode 2
Event: 124.048 Thread 0x000002222678e800 Uncommon trap: trap_request=0xffffff4d fr.pc=0x0000022216c73d50 relative=0x00000000000001b0
Event: 124.048 Thread 0x000002222678e800 Uncommon trap: reason=unstable_if action=reinterpret pc=0x0000022216c73d50 method=java.lang.StringLatin1.lastIndexOf([BI[BII)I @ 111 c2
Event: 124.048 Thread 0x000002222678e800 DEOPT PACKING pc=0x0000022216c73d50 sp=0x000000a1951f8190
Event: 124.048 Thread 0x000002222678e800 DEOPT UNPACKING pc=0x000002220eb5a1af sp=0x000000a1951f80e8 mode 2
Event: 124.162 Thread 0x000002222678e800 Uncommon trap: trap_request=0xfffffff4 fr.pc=0x0000022216dc9418 relative=0x0000000000000978
Event: 124.162 Thread 0x000002222678e800 Uncommon trap: reason=null_check action=make_not_entrant pc=0x0000022216dc9418 method=org.gradle.internal.instantiation.generator.AbstractClassGenerator.isIneligibleForConventionMapping(Lorg/gradle/internal/instantiation/generator/AbstractClassGenerator$P
Event: 124.162 Thread 0x000002222678e800 DEOPT PACKING pc=0x0000022216dc9418 sp=0x000000a1951f6c60
Event: 124.162 Thread 0x000002222678e800 DEOPT UNPACKING pc=0x000002220eb5a1af sp=0x000000a1951f6b78 mode 2
Event: 124.824 Thread 0x000002222678e800 Uncommon trap: trap_request=0xffffffde fr.pc=0x0000022216987cac relative=0x000000000000010c
Event: 124.824 Thread 0x000002222678e800 Uncommon trap: reason=class_check action=maybe_recompile pc=0x0000022216987cac method=java.lang.reflect.Array.newInstance(Ljava/lang/Class;I)Ljava/lang/Object; @ 2 c2
Event: 124.824 Thread 0x000002222678e800 DEOPT PACKING pc=0x0000022216987cac sp=0x000000a1951f5300
Event: 124.824 Thread 0x000002222678e800 DEOPT UNPACKING pc=0x000002220eb5a1af sp=0x000000a1951f5298 mode 2
Event: 124.824 Thread 0x000002222678e800 Uncommon trap: trap_request=0xffffff4d fr.pc=0x0000022216909880 relative=0x0000000000000d60
Event: 124.824 Thread 0x000002222678e800 Uncommon trap: reason=unstable_if action=reinterpret pc=0x0000022216909880 method=java.lang.Class.getTypeName()Ljava/lang/String; @ 23 c2
Event: 124.824 Thread 0x000002222678e800 DEOPT PACKING pc=0x0000022216909880 sp=0x000000a1951f5680
Event: 124.824 Thread 0x000002222678e800 DEOPT UNPACKING pc=0x000002220eb5a1af sp=0x000000a1951f5658 mode 2

Classes redefined (0 events):
No events

Internal exceptions (20 events):
Event: 121.548 Thread 0x000002222678e800 Exception <a 'java/lang/ClassNotFoundException'{0x000000008b6b3458}: org/jetbrains/kotlin/gradle/targets/js/npm/DefaultDevNpmDependencyExtensionCustomizer> (0x000000008b6b3458) thrown at [./src/hotspot/share/classfile/systemDictionary.cpp, line 230]
Event: 121.554 Thread 0x000002222678e800 Exception <a 'java/lang/ClassNotFoundException'{0x000000008b523658}: org/jetbrains/kotlin/gradle/targets/js/npm/DefaultPeerNpmDependencyExtensionBeanInfo> (0x000000008b523658) thrown at [./src/hotspot/share/classfile/systemDictionary.cpp, line 230]
Event: 121.556 Thread 0x000002222678e800 Exception <a 'java/lang/ClassNotFoundException'{0x000000008b552cf0}: org/jetbrains/kotlin/gradle/targets/js/npm/DefaultPeerNpmDependencyExtensionCustomizer> (0x000000008b552cf0) thrown at [./src/hotspot/share/classfile/systemDictionary.cpp, line 230]
Event: 121.563 Thread 0x000002222678e800 Exception <a 'java/lang/ClassNotFoundException'{0x000000008b5ccec8}: org/jetbrains/kotlin/gradle/targets/js/npm/DefaultPeerNpmDependencyExtension$delegate$1BeanInfo> (0x000000008b5ccec8) thrown at [./src/hotspot/share/classfile/systemDictionary.cpp, line 230]
Event: 121.564 Thread 0x000002222678e800 Exception <a 'java/lang/ClassNotFoundException'{0x000000008b5ff130}: org/jetbrains/kotlin/gradle/targets/js/npm/DefaultPeerNpmDependencyExtension$delegate$1Customizer> (0x000000008b5ff130) thrown at [./src/hotspot/share/classfile/systemDictionary.cpp, line 230]
Event: 121.588 Thread 0x000002222678e800 Exception <a 'java/lang/ClassNotFoundException'{0x000000008b4ba048}: build_6exiarmxuj80cc42w7p5l7wth$_run_closure1BeanInfo> (0x000000008b4ba048) thrown at [./src/hotspot/share/classfile/systemDictionary.cpp, line 230]
Event: 121.589 Thread 0x000002222678e800 Exception <a 'java/lang/ClassNotFoundException'{0x000000008b4cf370}: build_6exiarmxuj80cc42w7p5l7wth$_run_closure1Customizer> (0x000000008b4cf370) thrown at [./src/hotspot/share/classfile/systemDictionary.cpp, line 230]
Event: 121.662 Thread 0x000002222678e800 Exception <a 'java/lang/ClassNotFoundException'{0x000000008b3dac88}: org/jetbrains/kotlin/gradle/plugin/sources/DefaultKotlinSourceSetBeanInfo> (0x000000008b3dac88) thrown at [./src/hotspot/share/classfile/systemDictionary.cpp, line 230]
Event: 121.665 Thread 0x000002222678e800 Exception <a 'java/lang/ClassNotFoundException'{0x000000008b20b3c8}: org/jetbrains/kotlin/gradle/plugin/sources/DefaultKotlinSourceSetCustomizer> (0x000000008b20b3c8) thrown at [./src/hotspot/share/classfile/systemDictionary.cpp, line 230]
Event: 122.245 Thread 0x000002222678e800 Exception <a 'java/lang/NoClassDefFoundError'{0x000000008a76ac70}: org/jetbrains/kotlin/gradle/plugin/KotlinBasePluginWrapper> (0x000000008a76ac70) thrown at [./src/hotspot/share/oops/constantPool.cpp, line 775]
Event: 122.717 Thread 0x000002222678e800 Implicit null exception at 0x0000022216c8fb19 to 0x0000022216c901d8
Event: 122.717 Thread 0x000002222678e800 Implicit null exception at 0x0000022216bc6d5b to 0x0000022216bc6de8
Event: 123.649 Thread 0x000002222678e800 Implicit null exception at 0x0000022216db7a30 to 0x0000022216db7af0
Event: 123.700 Thread 0x000002222678e800 Implicit null exception at 0x0000022216db8407 to 0x0000022216db84e7
Event: 123.840 Thread 0x000002222678e800 Exception <a 'sun/nio/fs/WindowsException'{0x000000008acf5eb8}> (0x000000008acf5eb8) thrown at [./src/hotspot/share/prims/jni.cpp, line 617]
Event: 123.841 Thread 0x000002222678e800 Exception <a 'sun/nio/fs/WindowsException'{0x000000008acf7240}> (0x000000008acf7240) thrown at [./src/hotspot/share/prims/jni.cpp, line 617]
Event: 123.841 Thread 0x000002222678e800 Exception <a 'sun/nio/fs/WindowsException'{0x000000008acf8618}> (0x000000008acf8618) thrown at [./src/hotspot/share/prims/jni.cpp, line 617]
Event: 123.841 Thread 0x000002222678e800 Exception <a 'sun/nio/fs/WindowsException'{0x000000008acf99f0}> (0x000000008acf99f0) thrown at [./src/hotspot/share/prims/jni.cpp, line 617]
Event: 123.868 Thread 0x000002222678e800 Implicit null exception at 0x0000022216dbafc0 to 0x0000022216dbb074
Event: 124.162 Thread 0x000002222678e800 Implicit null exception at 0x0000022216dc8b34 to 0x0000022216dc940c

Events (20 events):
Event: 124.884 loading class kotlin/jvm/internal/PropertyReference0Impl done
Event: 124.885 loading class com/android/build/gradle/tasks/ProcessLibraryManifest$CreationAction$configure$4
Event: 124.885 loading class com/android/build/gradle/tasks/ProcessLibraryManifest$CreationAction$configure$4 done
Event: 124.886 loading class com/android/build/gradle/tasks/ProcessLibraryManifest$sam$java_util_concurrent_Callable$0
Event: 124.886 loading class com/android/build/gradle/tasks/ProcessLibraryManifest$sam$java_util_concurrent_Callable$0 done
Event: 124.902 loading class com/android/build/api/component/impl/DefaultSourcesProviderImpl$getRenderscript$1
Event: 124.902 loading class com/android/build/api/component/impl/DefaultSourcesProviderImpl$getRenderscript$1 done
Event: 124.912 loading class com/android/build/gradle/internal/tasks/factory/GlobalTaskCreationConfigImpl$platformAttrs$2$attributes$1
Event: 124.912 loading class com/android/build/gradle/internal/tasks/factory/GlobalTaskCreationConfigImpl$platformAttrs$2$attributes$1 done
Event: 124.914 loading class com/android/build/gradle/internal/tasks/factory/GlobalTaskCreationConfigImpl$platformAttrs$2$1
Event: 124.914 loading class com/android/build/gradle/internal/tasks/factory/GlobalTaskCreationConfigImpl$platformAttrs$2$1 done
Event: 124.932 loading class com/android/build/gradle/internal/tasks/AarMetadataTask$Companion
Event: 124.932 loading class com/android/build/gradle/internal/tasks/AarMetadataTask$Companion done
Event: 124.946 loading class com/android/build/gradle/internal/utils/SdkUtilsKt
Event: 124.946 loading class com/android/build/gradle/internal/utils/SdkUtilsKt done
Event: 124.948 loading class com/android/build/gradle/internal/utils/CompileData
Event: 124.948 loading class com/android/build/gradle/internal/utils/CompileData done
Event: 124.957 loading class com/android/build/gradle/internal/scope/InternalArtifactType$MICRO_APK_MANIFEST_FILE
Event: 124.957 loading class com/android/build/gradle/internal/scope/InternalArtifactType$MICRO_APK_MANIFEST_FILE done
Event: 124.979 Executing VM operation: G1CollectForAllocation


Dynamic libraries:
0x00007ff77f0b0000 - 0x00007ff77f0bd000 	C:\Program Files\Microsoft\jdk-11.0.18.10-hotspot\bin\java.exe
0x00007fff38e70000 - 0x00007fff39068000 	C:\WINDOWS\SYSTEM32\ntdll.dll
0x00007fff044f0000 - 0x00007fff04509000 	C:\Program Files\AVAST Software\Avast\aswhook.dll
0x00007fff38740000 - 0x00007fff387ff000 	C:\WINDOWS\System32\KERNEL32.DLL
0x00007fff36550000 - 0x00007fff36846000 	C:\WINDOWS\System32\KERNELBASE.dll
0x00007fff36850000 - 0x00007fff36950000 	C:\WINDOWS\System32\ucrtbase.dll
0x00007fff2b810000 - 0x00007fff2b827000 	C:\Program Files\Microsoft\jdk-11.0.18.10-hotspot\bin\jli.dll
0x00007fff38c90000 - 0x00007fff38e2d000 	C:\WINDOWS\System32\USER32.dll
0x00007fff36e00000 - 0x00007fff36e22000 	C:\WINDOWS\System32\win32u.dll
0x00007fff37f80000 - 0x00007fff37fac000 	C:\WINDOWS\System32\GDI32.dll
0x00007fff36ab0000 - 0x00007fff36bc5000 	C:\WINDOWS\System32\gdi32full.dll
0x00007fff36e30000 - 0x00007fff36ecd000 	C:\WINDOWS\System32\msvcp_win.dll
0x00007fff30550000 - 0x00007fff30565000 	C:\Program Files\Microsoft\jdk-11.0.18.10-hotspot\bin\VCRUNTIME140.dll
0x00007fff24390000 - 0x00007fff2462a000 	C:\WINDOWS\WinSxS\amd64_microsoft.windows.common-controls_6595b64144ccf1df_6.0.19041.1110_none_60b5254171f9507e\COMCTL32.dll
0x00007fff37d20000 - 0x00007fff37dbe000 	C:\WINDOWS\System32\msvcrt.dll
0x00007fff37e30000 - 0x00007fff37e60000 	C:\WINDOWS\System32\IMM32.DLL
0x00007fff11ae0000 - 0x00007fff11b7b000 	C:\Program Files\Microsoft\jdk-11.0.18.10-hotspot\bin\msvcp140.dll
0x00007ffed9d10000 - 0x00007ffeda8a2000 	C:\Program Files\Microsoft\jdk-11.0.18.10-hotspot\bin\server\jvm.dll
0x00007fff370c0000 - 0x00007fff3716f000 	C:\WINDOWS\System32\ADVAPI32.dll
0x00007fff36ed0000 - 0x00007fff36f6c000 	C:\WINDOWS\System32\sechost.dll
0x00007fff379e0000 - 0x00007fff37b06000 	C:\WINDOWS\System32\RPCRT4.dll
0x00007fff370b0000 - 0x00007fff370b8000 	C:\WINDOWS\System32\PSAPI.DLL
0x00007fff21870000 - 0x00007fff21879000 	C:\WINDOWS\SYSTEM32\WSOCK32.dll
0x00007fff37f10000 - 0x00007fff37f7b000 	C:\WINDOWS\System32\WS2_32.dll
0x00007fff16e50000 - 0x00007fff16e77000 	C:\WINDOWS\SYSTEM32\WINMM.dll
0x00007fff2e460000 - 0x00007fff2e46a000 	C:\WINDOWS\SYSTEM32\VERSION.dll
0x00007fff34d90000 - 0x00007fff34da2000 	C:\WINDOWS\SYSTEM32\kernel.appcore.dll
0x00007fff2b800000 - 0x00007fff2b810000 	C:\Program Files\Microsoft\jdk-11.0.18.10-hotspot\bin\verify.dll
0x00007fff342f0000 - 0x00007fff344d4000 	C:\WINDOWS\SYSTEM32\DBGHELP.DLL
0x00007fff2a6b0000 - 0x00007fff2a6e4000 	C:\WINDOWS\SYSTEM32\dbgcore.DLL
0x00007fff36d70000 - 0x00007fff36df2000 	C:\WINDOWS\System32\bcryptPrimitives.dll
0x00007fff2b7d0000 - 0x00007fff2b7f8000 	C:\Program Files\Microsoft\jdk-11.0.18.10-hotspot\bin\java.dll
0x00007fff2b7c0000 - 0x00007fff2b7ca000 	C:\Program Files\Microsoft\jdk-11.0.18.10-hotspot\bin\jimage.dll
0x00007fff2b7a0000 - 0x00007fff2b7b8000 	C:\Program Files\Microsoft\jdk-11.0.18.10-hotspot\bin\zip.dll
0x00007fff37170000 - 0x00007fff378b4000 	C:\WINDOWS\System32\SHELL32.dll
0x00007fff345e0000 - 0x00007fff34d73000 	C:\WINDOWS\SYSTEM32\windows.storage.dll
0x00007fff388d0000 - 0x00007fff38c24000 	C:\WINDOWS\System32\combase.dll
0x00007fff35fa0000 - 0x00007fff35fce000 	C:\WINDOWS\SYSTEM32\Wldp.dll
0x00007fff37e60000 - 0x00007fff37f0d000 	C:\WINDOWS\System32\SHCORE.dll
0x00007fff37fb0000 - 0x00007fff38005000 	C:\WINDOWS\System32\shlwapi.dll
0x00007fff36490000 - 0x00007fff364af000 	C:\WINDOWS\SYSTEM32\profapi.dll
0x00007fff1d770000 - 0x00007fff1d789000 	C:\Program Files\Microsoft\jdk-11.0.18.10-hotspot\bin\net.dll
0x00007fff2b260000 - 0x00007fff2b36a000 	C:\WINDOWS\SYSTEM32\WINHTTP.dll
0x00007fff35d00000 - 0x00007fff35d6a000 	C:\WINDOWS\system32\mswsock.dll
0x00007fff1d190000 - 0x00007fff1d1a3000 	C:\Program Files\Microsoft\jdk-11.0.18.10-hotspot\bin\nio.dll
0x00007fff22930000 - 0x00007fff22957000 	C:\Users\Valeria\.gradle\native\e1d6ef7f7dcc3fd88c89a11ec53ec762bb8ba0a96d01ffa2cd45eb1d1d8dd5c5\windows-amd64\native-platform.dll
0x00007fff06d30000 - 0x00007fff06e74000 	C:\Users\Valeria\.gradle\native\0d407fdbe67a94daf76414ababcb853783967236a71b16ec16e742cd7a986fd3\windows-amd64\native-platform-file-events.dll
0x00007fff247e0000 - 0x00007fff247e9000 	C:\Program Files\Microsoft\jdk-11.0.18.10-hotspot\bin\management.dll
0x00007fff22cc0000 - 0x00007fff22ccb000 	C:\Program Files\Microsoft\jdk-11.0.18.10-hotspot\bin\management_ext.dll
0x00007fff35f00000 - 0x00007fff35f18000 	C:\WINDOWS\SYSTEM32\CRYPTSP.dll
0x00007fff355b0000 - 0x00007fff355e4000 	C:\WINDOWS\system32\rsaenh.dll
0x00007fff36cd0000 - 0x00007fff36cf7000 	C:\WINDOWS\System32\bcrypt.dll
0x00007fff36450000 - 0x00007fff3647e000 	C:\WINDOWS\SYSTEM32\USERENV.dll
0x00007fff35ef0000 - 0x00007fff35efc000 	C:\WINDOWS\SYSTEM32\CRYPTBASE.dll
0x00007fff359a0000 - 0x00007fff359dc000 	C:\WINDOWS\SYSTEM32\IPHLPAPI.DLL
0x00007fff36f70000 - 0x00007fff36f78000 	C:\WINDOWS\System32\NSI.dll
0x00007fff2a6f0000 - 0x00007fff2a707000 	C:\WINDOWS\SYSTEM32\dhcpcsvc6.DLL
0x00007fff2e420000 - 0x00007fff2e43d000 	C:\WINDOWS\SYSTEM32\dhcpcsvc.DLL
0x00007fff359f0000 - 0x00007fff35aba000 	C:\WINDOWS\SYSTEM32\DNSAPI.dll

dbghelp: loaded successfully - version: 4.0.5 - missing functions: none
symbol engine: initialized successfully - sym options: 0x614 - pdb path: .;C:\Program Files\Microsoft\jdk-11.0.18.10-hotspot\bin;C:\WINDOWS\SYSTEM32;C:\Program Files\AVAST Software\Avast;C:\WINDOWS\WinSxS\amd64_microsoft.windows.common-controls_6595b64144ccf1df_6.0.19041.1110_none_60b5254171f9507e;C:\Program Files\Microsoft\jdk-11.0.18.10-hotspot\bin\server;C:\Users\Valeria\.gradle\native\e1d6ef7f7dcc3fd88c89a11ec53ec762bb8ba0a96d01ffa2cd45eb1d1d8dd5c5\windows-amd64;C:\Users\Valeria\.gradle\native\0d407fdbe67a94daf76414ababcb853783967236a71b16ec16e742cd7a986fd3\windows-amd64

VM Arguments:
jvm_args: -XX:MaxMetaspaceSize=512m --add-opens=java.base/java.util=ALL-UNNAMED --add-opens=java.base/java.lang=ALL-UNNAMED --add-opens=java.base/java.lang.invoke=ALL-UNNAMED --add-opens=java.base/java.util=ALL-UNNAMED --add-opens=java.prefs/java.util.prefs=ALL-UNNAMED --add-opens=java.prefs/java.util.prefs=ALL-UNNAMED --add-opens=java.base/java.nio.charset=ALL-UNNAMED --add-opens=java.base/java.net=ALL-UNNAMED --add-opens=java.base/java.util.concurrent.atomic=ALL-UNNAMED -Xmx2048m -Dfile.encoding=windows-1252 -Duser.country=AR -Duser.language=es -Duser.variant 
java_command: org.gradle.launcher.daemon.bootstrap.GradleDaemon 7.5.1
java_class_path (initial): C:\Users\Valeria\.gradle\wrapper\dists\gradle-7.5.1-all\1ehga6e77gqps5uk2kc5kf1vc\gradle-7.5.1\lib\gradle-launcher-7.5.1.jar
Launcher Type: SUN_STANDARD

[Global flags]
     intx CICompilerCount                          = 3                                         {product} {ergonomic}
   size_t CompressedClassSpaceSize                 = 528482304                                 {product} {ergonomic}
     uint ConcGCThreads                            = 1                                         {product} {ergonomic}
     uint G1ConcRefinementThreads                  = 4                                         {product} {ergonomic}
   size_t G1HeapRegionSize                         = 1048576                                   {product} {ergonomic}
    uintx GCDrainStackTargetSize                   = 64                                        {product} {ergonomic}
   size_t InitialHeapSize                          = 134217728                                 {product} {ergonomic}
   size_t MarkStackSize                            = 4194304                                   {product} {ergonomic}
   size_t MaxHeapSize                              = 2147483648                                {product} {command line}
   size_t MaxMetaspaceSize                         = 536870912                                 {product} {command line}
   size_t MaxNewSize                               = 1287651328                                {product} {ergonomic}
   size_t MinHeapDeltaBytes                        = 1048576                                   {product} {ergonomic}
    uintx NonNMethodCodeHeapSize                   = 5830732                                {pd product} {ergonomic}
    uintx NonProfiledCodeHeapSize                  = 122913754                              {pd product} {ergonomic}
    uintx ProfiledCodeHeapSize                     = 122913754                              {pd product} {ergonomic}
    uintx ReservedCodeCacheSize                    = 251658240                              {pd product} {ergonomic}
     bool SegmentedCodeCache                       = true                                      {product} {ergonomic}
     bool UseCompressedClassPointers               = true                                 {lp64_product} {ergonomic}
     bool UseCompressedOops                        = true                                 {lp64_product} {ergonomic}
     bool UseG1GC                                  = true                                      {product} {ergonomic}
     bool UseLargePagesIndividualAllocation        = false                                  {pd product} {ergonomic}

Logging:
Log output configuration:
 #0: stdout all=warning uptime,level,tags
 #1: stderr all=off uptime,level,tags

Environment Variables:
JAVA_HOME=C:\Program Files\Microsoft\jdk-11.0.18.10-hotspot\
CLASSPATH=C:\Users\Valeria\Documents\GitHub\Front-TPO-DAPI1-Grupo04\android\\gradle\wrapper\gradle-wrapper.jar
PATH=C:\Users\Valeria\Documents\GitHub\Front-TPO-DAPI1-Grupo04\android\node_modules\.bin;C:\Users\Valeria\Documents\GitHub\Front-TPO-DAPI1-Grupo04\node_modules\.bin;C:\Users\Valeria\Documents\GitHub\node_modules\.bin;C:\Users\Valeria\Documents\node_modules\.bin;C:\Users\Valeria\node_modules\.bin;C:\Users\node_modules\.bin;C:\node_modules\.bin;C:\Program Files\nodejs;C:\Users\Valeria\Documents\GitHub\Front-TPO-DAPI1-Grupo04\node_modules\.bin;C:\Users\Valeria\Documents\GitHub\node_modules\.bin;C:\Users\Valeria\Documents\node_modules\.bin;C:\Users\Valeria\node_modules\.bin;C:\Users\node_modules\.bin;C:\node_modules\.bin;C:\Program Files\nodejs\node_modules\npm\node_modules\@npmcli\run-script\lib\node-gyp-bin;C:\Program Files\Microsoft\jdk-11.0.18.10-hotspot\bin;C:\WINDOWS\system32;C:\WINDOWS;C:\WINDOWS\System32\Wbem;C:\WINDOWS\System32\WindowsPowerShell\v1.0\;C:\WINDOWS\System32\OpenSSH\;C:\Program Files\Microsoft SQL Server\Client SDK\ODBC\170\Tools\Binn\;C:\Program Files (x86)\Microsoft SQL Server\150\Tools\Binn\;C:\Program Files\Microsoft SQL Server\150\Tools\Binn\;C:\Program Files\Microsoft SQL Server\150\DTS\Binn\;C:\Program Files (x86)\Microsoft SQL Server\150\DTS\Binn\;C:\Program Files\Azure Data Studio\bin;C:\Program Files\Git\cmd;C:\Program Files\nodejs\;C:\ProgramData\chocolatey\bin;C:\Users\Valeria\AppData\Local\Microsoft\WindowsApps;C:\Program Files\Azure Data Studio\bin;C:\Users\Valeria\AppData\Local\Programs\Microsoft VS Code\bin;C:\Users\Valeria\AppData\Local\GitHubDesktop\bin;C:\Users\Valeria\AppData\Roaming\npm;C:\Users\Valeria\AppData\Local\Android\Sdk\platform-tools;
USERNAME=Valeria
LANG=en_US.UTF-8
OS=Windows_NT
PROCESSOR_IDENTIFIER=Intel64 Family 6 Model 142 Stepping 9, GenuineIntel
TMP=C:\Users\Valeria\AppData\Local\Temp
TEMP=C:\Users\Valeria\AppData\Local\Temp



---------------  S Y S T E M  ---------------

OS: Windows 10 , 64 bit Build 19041 (10.0.19041.3031)
OS uptime: 0 days 1:05 hours

CPU:total 4 (initial active 4) (2 cores per cpu, 2 threads per core) family 6 model 142 stepping 9 microcode 0xb4, cmov, cx8, fxsr, mmx, sse, sse2, sse3, ssse3, sse4.1, sse4.2, popcnt, avx, avx2, aes, clmul, erms, 3dnowpref, lzcnt, ht, tsc, tscinvbit, bmi1, bmi2, adx, fma

Memory: 4k page, system-wide physical 8072M (418M free)
TotalPageFile size 12072M (AvailPageFile size 13M)
current process WorkingSet (physical memory assigned to process): 464M, peak: 467M
current process commit charge ("private bytes"): 525M, peak: 564M

vm_info: OpenJDK 64-Bit Server VM (11.0.18+10-LTS) for windows-amd64 JRE (11.0.18+10-LTS), built on Jan 18 2023 15:56:47 by "MicrosoftCorporation" with MS VC++ 15.9 (VS2017)

END.
